C51 COMPILER V9.60.0.0   IIC                                                               06/09/2023 20:32:14 PAGE 1   


C51 COMPILER V9.60.0.0, COMPILATION OF MODULE IIC
OBJECT MODULE PLACED IN .\Objects\iic.obj
COMPILER INVOKED BY: D:\study\danpianjixilie\keil\C51\BIN\C51.EXE iic.c OPTIMIZE(8,SPEED) BROWSE DEBUG OBJECTEXTEND PRIN
                    -T(.\Listings\iic.lst) TABS(2) OBJECT(.\Objects\iic.obj)

line level    source

   1          #include "iic.h"
   2          
   3          #define DELAY_TIME  5
   4          
   5          sbit scl=P2^0;
   6          sbit sda=P2^1;
   7          
   8          static void I2C_Delay(unsigned char n)
   9          {
  10   1          do
  11   1          {
  12   2              _nop_();_nop_();_nop_();_nop_();_nop_();
  13   2              _nop_();_nop_();_nop_();_nop_();_nop_();
  14   2              _nop_();_nop_();_nop_();_nop_();_nop_();    
  15   2          }
  16   1          while(n--);       
  17   1      }
  18          
  19          //
  20          void I2CStart(void)
  21          {
  22   1          sda = 1;
  23   1          scl = 1;
  24   1        I2C_Delay(DELAY_TIME);
  25   1          sda = 0;
  26   1        I2C_Delay(DELAY_TIME);
  27   1          scl = 0;    
  28   1      }
  29          
  30          //
  31          void I2CStop(void)
  32          {
  33   1          sda = 0;
  34   1          scl = 1;
  35   1        I2C_Delay(DELAY_TIME);
  36   1          sda = 1;
  37   1        I2C_Delay(DELAY_TIME);
  38   1      }
  39          
  40          //
  41          void I2CSendByte(unsigned char byt)
  42          {
  43   1          unsigned char i;
  44   1        
  45   1          for(i=0; i<8; i++){
  46   2              scl = 0;
  47   2          I2C_Delay(DELAY_TIME);
  48   2              if(byt & 0x80){
  49   3                  sda = 1;
  50   3              }
  51   2              else{
  52   3                  sda = 0;
  53   3              }
  54   2          I2C_Delay(DELAY_TIME);
C51 COMPILER V9.60.0.0   IIC                                                               06/09/2023 20:32:14 PAGE 2   

  55   2              scl = 1;
  56   2              byt <<= 1;
  57   2          I2C_Delay(DELAY_TIME);
  58   2          }
  59   1        
  60   1          scl = 0;  
  61   1      }
  62          
  63          //
  64          unsigned char I2CReceiveByte(void)
  65          {
  66   1        unsigned char da;
  67   1        unsigned char i;
  68   1        for(i=0;i<8;i++){   
  69   2          scl = 1;
  70   2          I2C_Delay(DELAY_TIME);
  71   2          da <<= 1;
  72   2          if(sda) 
  73   2            da |= 0x01;
  74   2          scl = 0;
  75   2          I2C_Delay(DELAY_TIME);
  76   2        }
  77   1        return da;    
  78   1      }
  79          
  80          //
  81          unsigned char I2CWaitAck(void)
  82          {
  83   1        unsigned char ackbit;
  84   1        
  85   1          scl = 1;
  86   1        I2C_Delay(DELAY_TIME);
  87   1          ackbit = sda; 
  88   1          scl = 0;
  89   1        I2C_Delay(DELAY_TIME);
  90   1        
  91   1        return ackbit;
  92   1      }
  93          
  94          //
  95          void I2CSendAck(unsigned char ackbit)
  96          {
  97   1          scl = 0;
  98   1          sda = ackbit; 
  99   1        I2C_Delay(DELAY_TIME);
 100   1          scl = 1;
 101   1        I2C_Delay(DELAY_TIME);
 102   1          scl = 0; 
 103   1        sda = 1;
 104   1        I2C_Delay(DELAY_TIME);
 105   1      }
 106          
 107          void operate_delay(unsigned char a)
 108          {
 109   1          unsigned char i;
 110   1          while(a--){for(i=0;i<112;i++);}
 111   1      }
 112          
 113          void pcf8591_init()
 114          {
 115   1          I2CStart();
 116   1          I2CSendByte(0x90);
C51 COMPILER V9.60.0.0   IIC                                                               06/09/2023 20:32:14 PAGE 3   

 117   1          I2CWaitAck();
 118   1          I2CSendByte(0x03);//当然也可以是0x01,看情况
 119   1          I2CWaitAck();
 120   1          I2CStop();
 121   1          operate_delay(10);
 122   1      }
 123          unsigned char pcf8591_adc()
 124          {
 125   1          unsigned char adc;
 126   1          I2CStart();
 127   1          I2CSendByte(0x91);
 128   1          I2CWaitAck();
 129   1          adc=I2CReceiveByte();
 130   1          I2CSendAck(1);
 131   1          I2CStop();
 132   1          operate_delay(10);
 133   1          return adc;
 134   1      }
 135          void pcf8591_dac(unsigned char value)
 136          {
 137   1          I2CStart();
 138   1          I2CSendByte(0x90);
 139   1          I2CWaitAck();
 140   1          I2CSendByte(0x43);
 141   1          I2CWaitAck();
 142   1          I2CSendByte(value);
 143   1          I2CWaitAck();
 144   1          I2CStop();
 145   1          operate_delay(10);
 146   1      }
 147          
 148          void eeprom_write(unsigned char add,unsigned char value)
 149          {
 150   1          I2CStart();
 151   1          I2CSendByte(0xa0);
 152   1          I2CWaitAck();
 153   1          I2CSendByte(add);
 154   1          I2CWaitAck();
 155   1          I2CSendByte(value);
 156   1          I2CWaitAck();
 157   1          I2CStop();
 158   1          operate_delay(10);
 159   1      }
 160          
 161          unsigned char eeprom_read(unsigned char add)
 162          {
 163   1          unsigned char val;
 164   1          I2CStart();
 165   1          I2CSendByte(0xa0);
 166   1          I2CWaitAck();
 167   1          I2CSendByte(add);
 168   1          I2CWaitAck();
 169   1          I2CStop();
 170   1        
 171   1          I2CStart();
 172   1          I2CSendByte(0xa1);
 173   1          I2CWaitAck();
 174   1          val=I2CReceiveByte();
 175   1          I2CSendAck(1);
 176   1          I2CStop();
 177   1        
 178   1          return val;
C51 COMPILER V9.60.0.0   IIC                                                               06/09/2023 20:32:14 PAGE 4   

 179   1      }
 180          
 181          void Delay5ms()   //@12.000MHz
 182          {
 183   1        unsigned char i, j;
 184   1      
 185   1        i = 59;
 186   1        j = 90;
 187   1        do
 188   1        {
 189   2          while (--j);
 190   2        } while (--i);
 191   1      }


MODULE INFORMATION:   STATIC OVERLAYABLE
   CODE SIZE        =    375    ----
   CONSTANT SIZE    =   ----    ----
   XDATA SIZE       =   ----    ----
   PDATA SIZE       =   ----    ----
   DATA SIZE        =   ----    ----
   IDATA SIZE       =   ----    ----
   BIT SIZE         =   ----    ----
END OF MODULE INFORMATION.


C51 COMPILATION COMPLETE.  0 WARNING(S),  0 ERROR(S)
