C51 COMPILER V9.60.0.0   SHIFT                                                             06/09/2023 21:36:12 PAGE 1   


C51 COMPILER V9.60.0.0, COMPILATION OF MODULE SHIFT
OBJECT MODULE PLACED IN .\Objects\shift.obj
COMPILER INVOKED BY: D:\study\danpianjixilie\keil\C51\BIN\C51.EXE shift.c OPTIMIZE(8,SPEED) BROWSE DEBUG OBJECTEXTEND PR
                    -INT(.\Listings\shift.lst) TABS(2) OBJECT(.\Objects\shift.obj)

line level    source

   1          #include "init.h"
   2          #include "show.h"
   3          #include "key.h"
   4          #include "led.h"
   5          
   6          extern unsigned char buffer[8];
   7          
   8          extern unsigned char key_value,old_key_value;
   9          extern unsigned char led1;
  10          //unsigned char n; 用于串口计数
  11          //unsigned char txstring[],rxstring[];
  12          
  13          void main()
  14          {
  15   1          close_buzz();
  16   1          close_led();
  17   1          Timer1Init();
  18   1          EA=1;
  19   1          while(1)
  20   1          {
  21   2              buffer[6]=key_value/10;
  22   2              buffer[7]=key_value%10;
  23   2          }
  24   1      }
  25          
  26          void timer1_proc() interrupt 3
  27          {
  28   1          static unsigned char a;
  29   1          static unsigned char dis;
  30   1          static unsigned int hao;
  31   1      //    static unsigned int fre;
  32   1          if(++dis==10){dis=0;display();}
  33   1          if(++a==100)
  34   1          {
  35   2              a=0;
  36   2              old_key_value=key_value;
  37   2              key_value=read_key_juzhen();
  38   2              if(old_key_value<key_value){key_proc();}
  39   2              led();
  40   2          }
  41   1          if(++hao==1000)//100ms
  42   1          {
  43   2              hao=0;
  44   2              led1=~led1;
  45   2          }
  46   1      //    hao++;
  47   1      //    if(hao<8){/*给个高电平*/}
  48   1      //    else if(hao>=8&hao<10){/*给个低电平*/}
  49   1      //    else if(hao==10){hao=0;}
  50   1      //    if(++fre=500)
  51   1      //    {
  52   1      //        fre=0;
  53   1      //        frequency=freq*2;
  54   1      //        freq=0;
C51 COMPILER V9.60.0.0   SHIFT                                                             06/09/2023 21:36:12 PAGE 2   

  55   1      //    }
  56   1      }
  57          
  58          //void timer0_proc() interrupt 1
  59          //{
  60          //    freq++;
  61          //}
  62          
  63          //void uart_proc() interrupt 4
  64          //{
  65          //    unsigned char temp;
  66          //    if(RI==1)
  67          //    {
  68          //        temp=SBUF;
  69          //        if(temp=='\n')
  70          //        {
  71          //            rxstring[n]='\0';
  72          //            uart_flag=1;
  73          //            n=0;
  74          //        }
  75          //        else
  76          //        {
  77          //            rxstring[n]=temp;
  78          //            n++;
  79          //        }
  80          //        RI=0;
  81          //    }
  82          //}
  83          
  84          //void start_send()
  85          //{
  86          //    if((uart_flag==1)&(strcmp(rxstring,"fuckyou\r")==0))
  87          //    {
  88          //        sprintf(txstring,"wo_ce_ni_de_ma");
  89          //        send_string(txstring);
  90          //        uart_flag=0;
  91          //    }
  92          //}


MODULE INFORMATION:   STATIC OVERLAYABLE
   CODE SIZE        =    156    ----
   CONSTANT SIZE    =   ----    ----
   XDATA SIZE       =   ----    ----
   PDATA SIZE       =   ----    ----
   DATA SIZE        =      4    ----
   IDATA SIZE       =   ----    ----
   BIT SIZE         =   ----    ----
END OF MODULE INFORMATION.


C51 COMPILATION COMPLETE.  0 WARNING(S),  0 ERROR(S)
