C51 COMPILER V9.60.0.0   SHOW                                                              06/09/2023 19:01:44 PAGE 1   


C51 COMPILER V9.60.0.0, COMPILATION OF MODULE SHOW
OBJECT MODULE PLACED IN .\Objects\show.obj
COMPILER INVOKED BY: D:\study\danpianjixilie\keil\C51\BIN\C51.EXE show.c OPTIMIZE(8,SPEED) BROWSE DEBUG OBJECTEXTEND PRI
                    -NT(.\Listings\show.lst) TABS(2) OBJECT(.\Objects\show.obj)

line level    source

   1          #include "show.h"
   2          
   3          code unsigned char duanma[]={0xc0,0xf9,0xa4,0xb0,0x99,0x92,0x82,0xf8,0x80,0x90,0xff,};
   4          unsigned char buffer[8]={10,10,10,10,10,10,10,10};
   5          
   6          unsigned char weixuan;
   7          
   8          void display()
   9          {
  10   1          P0=0xff;
  11   1          P2=(P2&0x1f)|0xe0;
  12   1          P2&=0x1f;
  13   1        
  14   1          P0=1<<weixuan;
  15   1          P2=(P2&0x1f)|0xc0;
  16   1          P2&=0x1f;
  17   1        
  18   1          P0=duanma[buffer[weixuan]];
  19   1          P2=(P2&0x1f)|0xe0;
  20   1          P2&=0x1f;
  21   1        
  22   1          if(++weixuan==8){weixuan=0;}
  23   1      }


MODULE INFORMATION:   STATIC OVERLAYABLE
   CODE SIZE        =     74    ----
   CONSTANT SIZE    =     11    ----
   XDATA SIZE       =   ----    ----
   PDATA SIZE       =   ----    ----
   DATA SIZE        =      9    ----
   IDATA SIZE       =   ----    ----
   BIT SIZE         =   ----    ----
END OF MODULE INFORMATION.


C51 COMPILATION COMPLETE.  0 WARNING(S),  0 ERROR(S)
