C51 COMPILER V9.60.0.0   DS1302                                                            03/20/2023 16:03:08 PAGE 1   


C51 COMPILER V9.60.0.0, COMPILATION OF MODULE DS1302
OBJECT MODULE PLACED IN .\Objects\ds1302.obj
COMPILER INVOKED BY: D:\study\danpianjixilie\keil\C51\BIN\C51.EXE ds1302.c OPTIMIZE(8,SPEED) BROWSE DEBUG OBJECTEXTEND P
                    -RINT(.\Listings\ds1302.lst) TABS(2) OBJECT(.\Objects\ds1302.obj)

line level    source

   1          #include "ds1302.h"                   
   2          
   3          //unsigned char write_address[]={0x80,0x82,0x84,0x86,0x88,0x8a,0x8c};
   4          //unsigned char read_address[]={0x81,0x83,0x85,0x87,0x89,0x8b,0x8d};
   5          
   6          
   7          //写字节
   8          void Write_Ds1302(unsigned  char temp) 
   9          {
  10   1        unsigned char i;
  11   1        for (i=0;i<8;i++)       
  12   1        { 
  13   2          SCK = 0;
  14   2          SDA = temp&0x01;
  15   2          temp>>=1; 
  16   2          SCK=1;
  17   2        }
  18   1      }   
  19          
  20          //向DS1302寄存器写入数据
  21          void Write_Ds1302_Byte( unsigned char address,unsigned char dat )     
  22          {
  23   1        RST=0;  _nop_();
  24   1        SCK=0;  _nop_();
  25   1        RST=1;  _nop_();  
  26   1        Write_Ds1302(address);  
  27   1        Write_Ds1302(dat);    
  28   1        RST=0; 
  29   1      }
  30          
  31          //从DS1302寄存器读出数据
  32          unsigned char Read_Ds1302_Byte ( unsigned char address )
  33          {
  34   1        unsigned char i,temp=0x00;
  35   1        RST=0;  _nop_();
  36   1        SCK=0;  _nop_();
  37   1        RST=1;  _nop_();
  38   1        Write_Ds1302(address);
  39   1        for (i=0;i<8;i++)   
  40   1        {   
  41   2          SCK=0;
  42   2          temp>>=1; 
  43   2          if(SDA)
  44   2          temp|=0x80; 
  45   2          SCK=1;
  46   2        } 
  47   1        RST=0;  _nop_();
  48   1        SCK=0;  _nop_();
  49   1        SCK=1;  _nop_();
  50   1        SDA=0;  _nop_();
  51   1        SDA=1;  _nop_();
  52   1        return (temp);      
  53   1      }
  54          
C51 COMPILER V9.60.0.0   DS1302                                                            03/20/2023 16:03:08 PAGE 2   

  55          void set_time(unsigned char hour,unsigned char minute,unsigned char second)
  56          {
  57   1          
  58   1          hour=hour/10*16+hour%10;
  59   1          minute=minute/10*16+minute%10;
  60   1          second=second/10*16+second%10;
  61   1          
  62   1          Write_Ds1302_Byte(0x8e,0x00);
  63   1          Write_Ds1302_Byte(0x84,hour);
  64   1          Write_Ds1302_Byte(0x82,minute);
  65   1          Write_Ds1302_Byte(0x80,second);
  66   1          Write_Ds1302_Byte(0x8e,0x80);
  67   1          
  68   1      }


MODULE INFORMATION:   STATIC OVERLAYABLE
   CODE SIZE        =    202    ----
   CONSTANT SIZE    =   ----    ----
   XDATA SIZE       =   ----    ----
   PDATA SIZE       =   ----    ----
   DATA SIZE        =   ----    ----
   IDATA SIZE       =   ----    ----
   BIT SIZE         =   ----    ----
END OF MODULE INFORMATION.


C51 COMPILATION COMPLETE.  0 WARNING(S),  0 ERROR(S)
