C51 COMPILER V9.54   DS1302                                                                06/01/2023 16:03:51 PAGE 1   


C51 COMPILER V9.54, COMPILATION OF MODULE DS1302
OBJECT MODULE PLACED IN .\Objects\ds1302.obj
COMPILER INVOKED BY: D:\KEIL5_MDK\C51\BIN\C51.EXE ds1302.c OPTIMIZE(8,SPEED) BROWSE DEBUG OBJECTEXTEND PRINT(.\Listings\
                    -ds1302.lst) TABS(2) OBJECT(.\Objects\ds1302.obj)

line level    source

   1          #include "ds1302.h"
   2          
   3          sbit SCK=P1^7;
   4          sbit SDA=P2^3;
   5          sbit RST=P1^3;
   6          //
   7          void Write_Ds1302(unsigned  char temp) 
   8          {
   9   1        unsigned char i;
  10   1        for (i=0;i<8;i++)       
  11   1        { 
  12   2          SCK = 0;
  13   2          SDA = temp&0x01;
  14   2          temp>>=1; 
  15   2          SCK=1;
  16   2        }
  17   1      }   
  18          
  19          //
  20          void Write_Ds1302_Byte( unsigned char address,unsigned char dat )     
  21          {
  22   1        RST=0;  _nop_();
  23   1        SCK=0;  _nop_();
  24   1        RST=1;  _nop_();  
  25   1        Write_Ds1302(address);  
  26   1        Write_Ds1302(dat);    
  27   1        RST=0; 
  28   1      }
  29          
  30          //
  31          unsigned char Read_Ds1302_Byte ( unsigned char address )
  32          {
  33   1        unsigned char i,temp=0x00;
  34   1        RST=0;  _nop_();
  35   1        SCK=0;  _nop_();
  36   1        RST=1;  _nop_();
  37   1        Write_Ds1302(address);
  38   1        for (i=0;i<8;i++)   
  39   1        {   
  40   2          SCK=0;
  41   2          temp>>=1; 
  42   2          if(SDA)
  43   2          temp|=0x80; 
  44   2          SCK=1;
  45   2        } 
  46   1        RST=0;  _nop_();
  47   1        SCK=0;  _nop_();
  48   1        SCK=1;  _nop_();
  49   1        SDA=0;  _nop_();
  50   1        SDA=1;  _nop_();
  51   1        return (temp);      
  52   1      }
  53          
  54          void set_time(unsigned char h,unsigned char m,unsigned char s)
C51 COMPILER V9.54   DS1302                                                                06/01/2023 16:03:51 PAGE 2   

  55          {
  56   1          h=h/10*16+h%10;
  57   1          m=m/10*16+m%10;
  58   1          s=s/10*16+s%10;
  59   1        
  60   1          Write_Ds1302_Byte(0x8e,0x00);
  61   1          Write_Ds1302_Byte(0x80,s);
  62   1          Write_Ds1302_Byte(0x82,m);
  63   1          Write_Ds1302_Byte(0x84,h);
  64   1          Write_Ds1302_Byte(0x8e,0x80);
  65   1      }


MODULE INFORMATION:   STATIC OVERLAYABLE
   CODE SIZE        =    184    ----
   CONSTANT SIZE    =   ----    ----
   XDATA SIZE       =   ----    ----
   PDATA SIZE       =   ----    ----
   DATA SIZE        =   ----    ----
   IDATA SIZE       =   ----    ----
   BIT SIZE         =   ----    ----
END OF MODULE INFORMATION.


C51 COMPILATION COMPLETE.  0 WARNING(S),  0 ERROR(S)
