C51 COMPILER V9.54   INIT                                                                  06/01/2023 16:03:51 PAGE 1   


C51 COMPILER V9.54, COMPILATION OF MODULE INIT
OBJECT MODULE PLACED IN .\Objects\init.obj
COMPILER INVOKED BY: D:\KEIL5_MDK\C51\BIN\C51.EXE init.c OPTIMIZE(8,SPEED) BROWSE DEBUG OBJECTEXTEND PRINT(.\Listings\in
                    -it.lst) TABS(2) OBJECT(.\Objects\init.obj)

line level    source

   1          #include "init.h"
   2          
   3          void close_buzz()
   4          {
   5   1          P0=0x00;
   6   1          P2=(P2&0x1f)|0xa0;
   7   1          P2&=0x1f;
   8   1      }
   9          
  10          void close_led()
  11          {
  12   1          P0=0xff;
  13   1          P2=(P2&0x1f)|0x80;
  14   1          P2&=0x1f;
  15   1      }
  16          
  17          void Timer1Init(void)   //1000微秒@12.000MHz
  18          {
  19   1        AUXR &= 0xBF;   //定时器时钟12T模式
  20   1        TMOD &= 0x0F;   //设置定时器模式
  21   1        TL1 = 0x18;   //设置定时初值
  22   1        TH1 = 0xFC;   //设置定时初值
  23   1        TF1 = 0;    //清除TF1标志
  24   1        TR1 = 1;    //定时器1开始计时
  25   1        ET1 = 1;
  26   1      }


MODULE INFORMATION:   STATIC OVERLAYABLE
   CODE SIZE        =     49    ----
   CONSTANT SIZE    =   ----    ----
   XDATA SIZE       =   ----    ----
   PDATA SIZE       =   ----    ----
   DATA SIZE        =   ----    ----
   IDATA SIZE       =   ----    ----
   BIT SIZE         =   ----    ----
END OF MODULE INFORMATION.


C51 COMPILATION COMPLETE.  0 WARNING(S),  0 ERROR(S)
