C51 COMPILER V9.60.0.0   INIT                                                              06/04/2023 17:09:14 PAGE 1   


C51 COMPILER V9.60.0.0, COMPILATION OF MODULE INIT
OBJECT MODULE PLACED IN .\Objects\init.obj
COMPILER INVOKED BY: D:\study\danpianjixilie\keil\C51\BIN\C51.EXE init.c OPTIMIZE(8,SPEED) BROWSE DEBUG OBJECTEXTEND PRI
                    -NT(.\Listings\init.lst) TABS(2) OBJECT(.\Objects\init.obj)

line level    source

   1          #include "init.h"
   2          
   3          void close_buzz()
   4          {
   5   1          P0=0x00;
   6   1          P2=(P2&0x1f)|0xa0;
   7   1          P2&=0x1f;
   8   1      }
   9          void close_led()
  10          {
  11   1          P0=0xff;
  12   1          P2=(P2&0x1f)|0x80;
  13   1          P2&=0x1f;
  14   1      }
  15          
  16          void Timer1Init(void)   //1000微秒@12.000MHz
  17          {
  18   1        AUXR &= 0xBF;   //定时器时钟12T模式
  19   1        TMOD &= 0x0F;   //设置定时器模式
  20   1        TL1 = 0x18;   //设置定时初值
  21   1        TH1 = 0xFC;   //设置定时初值
  22   1        TF1 = 0;    //清除TF1标志
  23   1        TR1 = 1;    //定时器1开始计时
  24   1        ET1 = 1;
  25   1      }
  26          
  27          void PCA_init()
  28          {
  29   1           //CMOD|=0x08;//设置定时器时钟为系统时钟
  30   1           CMOD&=0XF7;
  31   1           CCON=0x00;//将溢出位cf（溢出标志位）置零cr（启停位）置零停止计数
  32   1      }
  33          
  34          void UartInit(void)   //4800bps@12.000MHz
  35          {
  36   1        SCON = 0x50;    //8位数据,可变波特率
  37   1        AUXR |= 0x01;   //串口1选择定时器2为波特率发生器
  38   1        AUXR &= 0xFB;   //定时器2时钟为Fosc/12,即12T
  39   1        T2L = 0xCC;   //设定定时初值
  40   1        T2H = 0xFF;   //设定定时初值
  41   1        AUXR |= 0x10;   //启动定时器2
  42   1        ES=1;
  43   1      }


MODULE INFORMATION:   STATIC OVERLAYABLE
   CODE SIZE        =     77    ----
   CONSTANT SIZE    =   ----    ----
   XDATA SIZE       =   ----    ----
   PDATA SIZE       =   ----    ----
   DATA SIZE        =   ----    ----
   IDATA SIZE       =   ----    ----
   BIT SIZE         =   ----    ----
END OF MODULE INFORMATION.

C51 COMPILER V9.60.0.0   INIT                                                              06/04/2023 17:09:14 PAGE 2   


C51 COMPILATION COMPLETE.  0 WARNING(S),  0 ERROR(S)
