C51 COMPILER V9.60.0.0   LED                                                               06/04/2023 16:08:52 PAGE 1   


C51 COMPILER V9.60.0.0, COMPILATION OF MODULE LED
OBJECT MODULE PLACED IN .\Objects\led.obj
COMPILER INVOKED BY: D:\study\danpianjixilie\keil\C51\BIN\C51.EXE led.c OPTIMIZE(8,SPEED) BROWSE DEBUG OBJECTEXTEND PRIN
                    -T(.\Listings\led.lst) TABS(2) OBJECT(.\Objects\led.obj)

line level    source

   1          #include "led.h"
   2          
   3          extern char temperature_parameter;
   4          extern char distance_parameter;
   5          
   6          extern float true_temperature;
   7          extern unsigned char distance;
   8          extern unsigned char dac_start_flag;
   9          
  10          unsigned char led1,led2,led3;
  11          
  12          void led_pan()
  13          {
  14   1          if(true_temperature>temperature_parameter){led1=1;}else{led1=0;}
  15   1          if(distance>distance_parameter){led2=1;}else{led2=0;}
  16   1          if(dac_start_flag==1){led3=1;}else{led3=0;}
  17   1      }
  18          void led()
  19          {
  20   1          unsigned char c;
  21   1          if(led1==1){c|=0x01;}else{c&=0xfe;}
  22   1          if(led2==1){c|=0x02;}else{c&=0xfd;}
  23   1          if(led3==1){c|=0x04;}else{c&=0xfb;}
  24   1          
  25   1          P0=~c;
  26   1          P2=(P2&0x1f)|0x80;
  27   1          P2&=0x1f;
  28   1      }


MODULE INFORMATION:   STATIC OVERLAYABLE
   CODE SIZE        =    129    ----
   CONSTANT SIZE    =   ----    ----
   XDATA SIZE       =   ----    ----
   PDATA SIZE       =   ----    ----
   DATA SIZE        =      3    ----
   IDATA SIZE       =   ----    ----
   BIT SIZE         =   ----    ----
END OF MODULE INFORMATION.


C51 COMPILATION COMPLETE.  0 WARNING(S),  0 ERROR(S)
