C51 COMPILER V9.60.0.0   ULTRASONIC                                                        06/04/2023 17:09:14 PAGE 1   


C51 COMPILER V9.60.0.0, COMPILATION OF MODULE ULTRASONIC
OBJECT MODULE PLACED IN .\Objects\ultrasonic.obj
COMPILER INVOKED BY: D:\study\danpianjixilie\keil\C51\BIN\C51.EXE ultrasonic.c OPTIMIZE(8,SPEED) BROWSE DEBUG OBJECTEXTE
                    -ND PRINT(.\Listings\ultrasonic.lst) TABS(2) OBJECT(.\Objects\ultrasonic.obj)

line level    source

   1          #include "ultrasonic.h"
   2          
   3          sbit TX=P1^0;
   4          sbit RX=P1^1;
   5          
   6          void Delay13us()    //@12.000MHz
   7          {
   8   1        unsigned char i;
   9   1      
  10   1        _nop_();
  11   1        _nop_();
  12   1        i = 36;
  13   1        while (--i);
  14   1      }
  15          
  16          void Send_Wave()
  17          {
  18   1        unsigned char i;
  19   1        for(i=0;i<10;i++)
  20   1        {
  21   2          TX=1;
  22   2          Delay13us();
  23   2          TX=0;
  24   2          Delay13us();
  25   2        }
  26   1      }
  27          
  28          unsigned char sonic()
  29          {
  30   1        unsigned char dis=0;
  31   1         
  32   1        Send_Wave();
  33   1         
  34   1        CH=0;
  35   1        CL=0;
  36   1        CR=1;
  37   1        while((RX)&&(!CF));
  38   1        CR=0;
  39   1        
  40   1        if(CF)
  41   1        {
  42   2            CF=0;
  43   2            dis=255;
  44   2        }
  45   1        else
  46   1        {
  47   2            dis=((CH<<8)+CL)*0.017;
  48   2        }
  49   1        
  50   1        return dis;
  51   1      }


MODULE INFORMATION:   STATIC OVERLAYABLE
C51 COMPILER V9.60.0.0   ULTRASONIC                                                        06/04/2023 17:09:14 PAGE 2   

   CODE SIZE        =     98    ----
   CONSTANT SIZE    =   ----    ----
   XDATA SIZE       =   ----    ----
   PDATA SIZE       =   ----    ----
   DATA SIZE        =   ----    ----
   IDATA SIZE       =   ----    ----
   BIT SIZE         =   ----    ----
END OF MODULE INFORMATION.


C51 COMPILATION COMPLETE.  0 WARNING(S),  0 ERROR(S)
