C51 COMPILER V9.60.0.0   EX6                                                               01/03/2023 15:52:45 PAGE 1   


C51 COMPILER V9.60.0.0, COMPILATION OF MODULE EX6
OBJECT MODULE PLACED IN ex6.OBJ
COMPILER INVOKED BY: D:\study\danpianjixilie\keil\C51\BIN\C51.EXE ex6.c OPTIMIZE(8,SPEED) BROWSE DEBUG OBJECTEXTEND TABS
                    -(2)

line level    source

   1          /*******************************************************************************  
   2          * 文件名称：数码管控制实验
   3          * 实验目的：1.掌握数码管驱动电路的设计方法
   4          *           2.掌握数码管显示的基本原理
   5          * 实验配置：J3跳线配置为MM方式，J5配置为BTN、J2配置为1-3和2-4
   6          * 程序现象：数码管显示
   7          * 硬件环境：IAP15F2K61S2@11.0592MHz
   8          * 注意事项：J13配置为MM模式时，通过存储器映射方式编程，理解存储映射的原理。
   9          * 日期版本：2019-6-24/V2.0
  10          *******************************************************************************/
  11          
  12          #include "reg52.h"  //定义51单片机特殊功能寄存器
  13          #include "absacc.h"
  14          #include "intrins.h"
  15                                 
  16          code unsigned char tab[] = {0xc0,0xf9,0xa4,0xb0,0x99,0x92,0x82,0xf8,0x80,0x90};
  17          
  18          void cls_buzz()
  19          {
  20   1        XBYTE[0xA000] = 0x00;
  21   1      }
  22          
  23          void delay()  //delay 200ms @ 11.0592M
  24          {
  25   1        unsigned char i, j, k;
  26   1      
  27   1        _nop_();
  28   1        _nop_();
  29   1        i = 9;
  30   1        j = 104;
  31   1        k = 139;
  32   1        do
  33   1        {
  34   2          do
  35   2          {
  36   3            while (--k);
  37   3          } while (--j);
  38   2        } while (--i);
  39   1      }
  40          
  41          //主函数
  42          void main(void)
  43          { 
  44   1        unsigned char i  = 10;  
  45   1        cls_buzz(); 
  46   1          while(1)
  47   1        {
  48   2          (i== 10)?(i=0):(i++);
  49   2          XBYTE[0xE000] = tab[i];  //显示数值1   段选
  50   2          XBYTE[0xC000] = 0x55;    //位选
  51   2          delay();delay();delay();
  52   2          XBYTE[0xE000] = 0X00;
  53   2          
  54   2          XBYTE[0xE000] = tab[i+1];
C51 COMPILER V9.60.0.0   EX6                                                               01/03/2023 15:52:45 PAGE 2   

  55   2          XBYTE[0xC000] = 0xAA;
  56   2          delay();delay();delay();
  57   2          XBYTE[0xE000] = 0X00;
  58   2          }
  59   1      }
  60          
  61          


MODULE INFORMATION:   STATIC OVERLAYABLE
   CODE SIZE        =     85    ----
   CONSTANT SIZE    =     10    ----
   XDATA SIZE       =   ----    ----
   PDATA SIZE       =   ----    ----
   DATA SIZE        =   ----    ----
   IDATA SIZE       =   ----    ----
   BIT SIZE         =   ----    ----
END OF MODULE INFORMATION.


C51 COMPILATION COMPLETE.  0 WARNING(S),  0 ERROR(S)
