C51 COMPILER V9.60.0.0   IIC                                                               04/07/2023 20:32:28 PAGE 1   


C51 COMPILER V9.60.0.0, COMPILATION OF MODULE IIC
OBJECT MODULE PLACED IN .\Objects\iic.obj
COMPILER INVOKED BY: D:\study\danpianjixilie\keil\C51\BIN\C51.EXE iic.c OPTIMIZE(8,SPEED) BROWSE DEBUG OBJECTEXTEND PRIN
                    -T(.\Listings\iic.lst) TABS(2) OBJECT(.\Objects\iic.obj)

line level    source

   1          #include "iic.h"
   2          
   3          #define DELAY_TIME  5
   4          
   5          static void I2C_Delay(unsigned char n)
   6          {
   7   1          do
   8   1          {
   9   2              _nop_();_nop_();_nop_();_nop_();_nop_();
  10   2              _nop_();_nop_();_nop_();_nop_();_nop_();
  11   2              _nop_();_nop_();_nop_();_nop_();_nop_();    
  12   2          }
  13   1          while(n--);       
  14   1      }
  15          
  16          //
  17          void I2CStart(void)
  18          {
  19   1          sda = 1;
  20   1          scl = 1;
  21   1        I2C_Delay(DELAY_TIME);
  22   1          sda = 0;
  23   1        I2C_Delay(DELAY_TIME);
  24   1          scl = 0;    
  25   1      }
  26          
  27          //
  28          void I2CStop(void)
  29          {
  30   1          sda = 0;
  31   1          scl = 1;
  32   1        I2C_Delay(DELAY_TIME);
  33   1          sda = 1;
  34   1        I2C_Delay(DELAY_TIME);
  35   1      }
  36          
  37          //
  38          void I2CSendByte(unsigned char byt)
  39          {
  40   1          unsigned char i;
  41   1        
  42   1          for(i=0; i<8; i++){
  43   2              scl = 0;
  44   2          I2C_Delay(DELAY_TIME);
  45   2              if(byt & 0x80){
  46   3                  sda = 1;
  47   3              }
  48   2              else{
  49   3                  sda = 0;
  50   3              }
  51   2          I2C_Delay(DELAY_TIME);
  52   2              scl = 1;
  53   2              byt <<= 1;
  54   2          I2C_Delay(DELAY_TIME);
C51 COMPILER V9.60.0.0   IIC                                                               04/07/2023 20:32:28 PAGE 2   

  55   2          }
  56   1        
  57   1          scl = 0;  
  58   1      }
  59          
  60          //
  61          unsigned char I2CReceiveByte(void)
  62          {
  63   1        unsigned char da;
  64   1        unsigned char i;
  65   1        for(i=0;i<8;i++){   
  66   2          scl = 1;
  67   2          I2C_Delay(DELAY_TIME);
  68   2          da <<= 1;
  69   2          if(sda) 
  70   2            da |= 0x01;
  71   2          scl = 0;
  72   2          I2C_Delay(DELAY_TIME);
  73   2        }
  74   1        return da;    
  75   1      }
  76          
  77          //
  78          unsigned char I2CWaitAck(void)
  79          {
  80   1        unsigned char ackbit;
  81   1        
  82   1          scl = 1;
  83   1        I2C_Delay(DELAY_TIME);
  84   1          ackbit = sda; 
  85   1          scl = 0;
  86   1        I2C_Delay(DELAY_TIME);
  87   1        
  88   1        return ackbit;
  89   1      }
  90          
  91          //
  92          void I2CSendAck(unsigned char ackbit)
  93          {
  94   1          scl = 0;
  95   1          sda = ackbit; 
  96   1        I2C_Delay(DELAY_TIME);
  97   1          scl = 1;
  98   1        I2C_Delay(DELAY_TIME);
  99   1          scl = 0; 
 100   1        sda = 1;
 101   1        I2C_Delay(DELAY_TIME);
 102   1      }
 103          
 104          void operate_delay(unsigned char a)
 105          {
 106   1          unsigned char i;
 107   1          while(a--)
 108   1          {
 109   2            for(i=0;i<112;i++);
 110   2          }
 111   1      }
 112          
 113          void pcf8591_init()
 114          {
 115   1          I2CStart();
 116   1          I2CSendByte(0x90);
C51 COMPILER V9.60.0.0   IIC                                                               04/07/2023 20:32:28 PAGE 3   

 117   1          I2CWaitAck();
 118   1          I2CSendByte(0x03);
 119   1          I2CWaitAck();
 120   1          I2CStop();
 121   1          operate_delay(10);
 122   1      }
 123          
 124          unsigned char pcf8591_adc()
 125          {
 126   1          unsigned char adc;
 127   1         
 128   1          I2CStart();
 129   1          I2CSendByte(0x91);
 130   1          I2CWaitAck();
 131   1          adc=I2CReceiveByte();
 132   1          I2CSendAck(1);
 133   1          I2CStop();
 134   1        
 135   1          return adc;
 136   1      }


MODULE INFORMATION:   STATIC OVERLAYABLE
   CODE SIZE        =    259    ----
   CONSTANT SIZE    =   ----    ----
   XDATA SIZE       =   ----    ----
   PDATA SIZE       =   ----    ----
   DATA SIZE        =   ----    ----
   IDATA SIZE       =   ----    ----
   BIT SIZE         =   ----    ----
END OF MODULE INFORMATION.


C51 COMPILATION COMPLETE.  0 WARNING(S),  0 ERROR(S)
