C51 COMPILER V9.60.0.0   SHOW                                                              05/28/2023 16:37:11 PAGE 1   


C51 COMPILER V9.60.0.0, COMPILATION OF MODULE SHOW
OBJECT MODULE PLACED IN .\Objects\show.obj
COMPILER INVOKED BY: D:\study\danpianjixilie\keil\C51\BIN\C51.EXE show.c OPTIMIZE(8,SPEED) BROWSE DEBUG OBJECTEXTEND PRI
                    -NT(.\Listings\show.lst) TABS(2) OBJECT(.\Objects\show.obj)

line level    source

   1          #include "show.h"
   2          #include "ds1302.h"
   3          
   4          code unsigned char duanma[]={0xc0,0xf9,0xa4,0xb0,0x99,0x92,0x82,0xf8,0x80,0x90,0xff,
   5                                       0x40,0x79,0x24,0x30,0x19,0x12,0x02,0x78,0x00,0x10,0xff,
   6                                       0xbf,0xc7,0xc6,0x8e,0x89,0xfe,0xf7,0x8c};
   7                                       //-    L    C    F    H   up-   dn-  P
   8          unsigned char buffer[]={10,10,10,10,10,10,10,10};
   9          extern unsigned char period[];
  10          unsigned char weixuan;
  11          
  12          extern unsigned char distance;
  13          extern unsigned char adc_value;
  14          extern unsigned char max,min;
  15          extern float average;
  16          
  17          unsigned char qiehuan,shuju,canshu,jilu;
  18          unsigned char h,m,s;
  19          unsigned char sonic_mod_flag=0;
  20          unsigned char jishi_sonic_flag=0;
  21          unsigned char miaoshu;
  22          unsigned char dis_canshu=20;
  23          
  24          void display()
  25          {
  26   1        P0=0xff;
  27   1        P2=(P2&0x1f)|0xe0;
  28   1        P2&=0x1f;
  29   1        
  30   1        P0=1<<weixuan;
  31   1        P2=(P2&0x1f)|0xc0;
  32   1        P2&=0x1f;
  33   1        
  34   1        P0=duanma[buffer[weixuan]];
  35   1        P2=(P2&0x1f)|0xe0;
  36   1        P2&=0x1f;
  37   1        
  38   1        if(++weixuan==8){weixuan=0;}
  39   1      }
  40          
  41          void fen()
  42          {
  43   1          s=Read_Ds1302_Byte(0x81);
  44   1          m=Read_Ds1302_Byte(0x83);
  45   1          h=Read_Ds1302_Byte(0x85);
  46   1        
  47   1          s=s/16*10+s%16;
  48   1          m=m/16*10+m%16;
  49   1          h=h/16*10+h%16;
  50   1          switch(qiehuan)
  51   1          {
  52   2            case 0:
  53   2            {
  54   3              switch(shuju)
C51 COMPILER V9.60.0.0   SHOW                                                              05/28/2023 16:37:11 PAGE 2   

  55   3              {
  56   4                case 0:show_time();break;
  57   4                case 1:show_distance();break;
  58   4                case 2:
  59   4                {
  60   5                    switch(jilu)
  61   5                    {
  62   6                      case 0:show_data_max();break;
  63   6                      case 1:show_data_avg();break;
  64   6                      case 2:show_data_min();break;
  65   6                    }
  66   5                }break;
  67   4              }
  68   3            }break;
  69   2            case 1:
  70   2            {
  71   3              switch(canshu)
  72   3              {
  73   4                case 0:show_time_canshu();break;
  74   4                case 1:show_distance_canshu();break;
  75   4              }
  76   3            }break;
  77   2          }
  78   1          
  79   1          
  80   1      }
  81          
  82          void show_time()
  83          {
  84   1        
  85   1        
  86   1        buffer[0]=h/10;buffer[1]=h%10;
  87   1        buffer[2]=22;
  88   1        buffer[3]=m/10;buffer[4]=m%10;
  89   1        buffer[5]=22;
  90   1        buffer[6]=s/10;buffer[7]=s%10;
  91   1      }
  92          
  93          void show_distance()
  94          {
  95   1        if(sonic_mod_flag==0)
  96   1        {
  97   2            buffer[0]=23;buffer[1]=24;buffer[2]=10;buffer[3]=10;
  98   2            buffer[4]=10;
  99   2            buffer[5]=distance/100;
 100   2            buffer[6]=distance%100/10;
 101   2            buffer[7]=distance%10;
 102   2        }
 103   1        else
 104   1        {
 105   2            buffer[0]=23;buffer[1]=25;
 106   2            buffer[2]=10;buffer[3]=10;
 107   2            buffer[4]=10;
 108   2            buffer[5]=distance/100;
 109   2            buffer[6]=distance%100/10;
 110   2            buffer[7]=distance%10;
 111   2        }
 112   1      }
 113          void show_data_max()
 114          {
 115   1        buffer[0]=26;buffer[1]=27;buffer[2]=10;buffer[3]=10;
 116   1        buffer[4]=10;
C51 COMPILER V9.60.0.0   SHOW                                                              05/28/2023 16:37:11 PAGE 3   

 117   1        buffer[5]=max/100;
 118   1        buffer[6]=max%100/10;
 119   1        buffer[7]=max%10;
 120   1      }
 121          
 122          void show_data_avg()
 123          {
 124   1        buffer[0]=26;buffer[1]=22;buffer[2]=10;buffer[3]=10;
 125   1        buffer[4]=((int)(average*10))/1000;
 126   1        buffer[5]=((int)(average*10))%1000/100;
 127   1        buffer[6]=(((int)(average*10))%100/10)+11;
 128   1        buffer[7]=((int)(average*10))%10;
 129   1      }
 130          
 131          void show_data_min()
 132          {
 133   1        buffer[0]=26;buffer[1]=28;buffer[2]=10;buffer[3]=10;
 134   1        buffer[4]=10;
 135   1        buffer[5]=min/100;
 136   1        buffer[6]=min%100/10;
 137   1        buffer[7]=min%10;
 138   1      }
 139          
 140          void show_time_canshu()
 141          {
 142   1        buffer[0]=29;buffer[1]=1;buffer[2]=10;buffer[3]=10;
 143   1        buffer[4]=10;buffer[5]=10;
 144   1        buffer[6]=period[miaoshu]/10;
 145   1        buffer[7]=period[miaoshu]%10;
 146   1      }
 147          
 148          void show_distance_canshu()
 149          {
 150   1        buffer[0]=29;buffer[1]=2;buffer[2]=10;buffer[3]=10;
 151   1        buffer[4]=10;buffer[5]=10;
 152   1        buffer[6]=dis_canshu/10;
 153   1        buffer[7]=dis_canshu%10;
 154   1      }


MODULE INFORMATION:   STATIC OVERLAYABLE
   CODE SIZE        =    631    ----
   CONSTANT SIZE    =     30    ----
   XDATA SIZE       =   ----    ----
   PDATA SIZE       =   ----    ----
   DATA SIZE        =     20    ----
   IDATA SIZE       =   ----    ----
   BIT SIZE         =   ----    ----
END OF MODULE INFORMATION.


C51 COMPILATION COMPLETE.  0 WARNING(S),  0 ERROR(S)
