C51 COMPILER V9.60.0.0   ULTRASONIC                                                        05/28/2023 14:48:58 PAGE 1   


C51 COMPILER V9.60.0.0, COMPILATION OF MODULE ULTRASONIC
OBJECT MODULE PLACED IN .\Objects\ultrasonic.obj
COMPILER INVOKED BY: D:\study\danpianjixilie\keil\C51\BIN\C51.EXE ultrasonic.c OPTIMIZE(8,SPEED) BROWSE DEBUG OBJECTEXTE
                    -ND PRINT(.\Listings\ultrasonic.lst) TABS(2) OBJECT(.\Objects\ultrasonic.obj)

line level    source

   1          #include "ultrasonic.h"
   2          #include "init.h"
   3          
   4          sbit TX=P1^0;
   5          sbit RX=P1^1;
   6          
   7          unsigned char sonic()
   8          {
   9   1          unsigned char dis=0,num=10;
  10   1          
  11   1          Timer0Init();
  12   1          TX=0;
  13   1        
  14   1          while(num--)  //发送10个
  15   1          {
  16   2            TR0 = 1;
  17   2            while(!TF0);  //计时时间到，控制周期
  18   2            TF0 = 0;      //手动清除标志位  
  19   2            TX ^= 1;      //取反
  20   2            Timer0Init();  //初始化定时器0，初始化定时器初值  
  21   2          }
  22   1      
  23   1      
  24   1          //接收方波
  25   1          TR0 = 0;    //定时器0停止计时
  26   1          TF0 = 0;    //清除TF0标志
  27   1          TL0 = 0x00; //设置定时初值
  28   1          TH0 = 0x00; //设置定时初值
  29   1          TR0 = 1;
  30   1      
  31   1          while(RX && !TF0);  //等待收到脉冲  或定时溢出
  32   1          TR0 = 0;  //定时器0停止计时
  33   1        
  34   1          if(TF0)   //定时溢出
  35   1          {
  36   2             TF0 = 0; //清除标志位    
  37   2             dis = 255;
  38   2          }
  39   1          else  //RX接收引脚接收到低电平
  40   1          {
  41   2            dis = ((TH0<<8)+TL0)*0.017;
  42   2          }
  43   1        
  44   1          return dis;
  45   1      }


MODULE INFORMATION:   STATIC OVERLAYABLE
   CODE SIZE        =    100    ----
   CONSTANT SIZE    =   ----    ----
   XDATA SIZE       =   ----    ----
   PDATA SIZE       =   ----    ----
   DATA SIZE        =   ----       2
   IDATA SIZE       =   ----    ----
C51 COMPILER V9.60.0.0   ULTRASONIC                                                        05/28/2023 14:48:58 PAGE 2   

   BIT SIZE         =   ----    ----
END OF MODULE INFORMATION.


C51 COMPILATION COMPLETE.  0 WARNING(S),  0 ERROR(S)
