C51 COMPILER V9.60.0.0   IIC                                                               05/28/2023 17:02:10 PAGE 1   


C51 COMPILER V9.60.0.0, COMPILATION OF MODULE IIC
OBJECT MODULE PLACED IN .\Objects\iic.obj
COMPILER INVOKED BY: D:\study\danpianjixilie\keil\C51\BIN\C51.EXE iic.c OPTIMIZE(8,SPEED) BROWSE DEBUG OBJECTEXTEND PRIN
                    -T(.\Listings\iic.lst) TABS(2) OBJECT(.\Objects\iic.obj)

line level    source

   1          #include "iic.h"
   2          
   3          #define DELAY_TIME 5
   4          
   5          //I2C总线内部延时函数
   6          void IIC_Delay(unsigned char i)
   7          {
   8   1          do{_nop_();}
   9   1          while(i--);        
  10   1      }
  11          
  12          //I2C总线启动信号
  13          void IIC_Start(void)
  14          {
  15   1          SDA = 1;
  16   1          SCL = 1;
  17   1          IIC_Delay(DELAY_TIME);
  18   1          SDA = 0;
  19   1          IIC_Delay(DELAY_TIME);
  20   1          SCL = 0;  
  21   1      }
  22          
  23          //I2C总线停止信号
  24          void IIC_Stop(void)
  25          {
  26   1          SDA = 0;
  27   1          SCL = 1;
  28   1          IIC_Delay(DELAY_TIME);
  29   1          SDA = 1;
  30   1          IIC_Delay(DELAY_TIME);
  31   1      }
  32          
  33          //发送应答或非应答信号
  34          void IIC_SendAck(bit ackbit)
  35          {
  36   1          SCL = 0;
  37   1          SDA = ackbit;           
  38   1          IIC_Delay(DELAY_TIME);
  39   1          SCL = 1;
  40   1          IIC_Delay(DELAY_TIME);
  41   1          SCL = 0; 
  42   1          SDA = 1;
  43   1          IIC_Delay(DELAY_TIME);
  44   1      }
  45          
  46          //等待应答
  47          bit IIC_WaitAck(void)
  48          {
  49   1          bit ackbit;
  50   1        
  51   1          SCL  = 1;
  52   1          IIC_Delay(DELAY_TIME);
  53   1          ackbit = SDA;
  54   1          SCL = 0;
C51 COMPILER V9.60.0.0   IIC                                                               05/28/2023 17:02:10 PAGE 2   

  55   1          IIC_Delay(DELAY_TIME);
  56   1          return ackbit;
  57   1      }
  58          
  59          //I2C总线发送一个字节数据
  60          void IIC_SendByte(unsigned char byt)
  61          {
  62   1          unsigned char i;
  63   1      
  64   1          for(i=0; i<8; i++)
  65   1          {
  66   2              SCL  = 0;
  67   2              IIC_Delay(DELAY_TIME);
  68   2              if(byt & 0x80) SDA  = 1;
  69   2              else SDA  = 0;
  70   2              IIC_Delay(DELAY_TIME);
  71   2              SCL = 1;
  72   2              byt <<= 1;
  73   2              IIC_Delay(DELAY_TIME);
  74   2          }
  75   1          SCL  = 0;  
  76   1      }
  77          
  78          //I2C总线接收一个字节数据
  79          unsigned char IIC_RecByte(void)
  80          {
  81   1          unsigned char i, da;
  82   1          for(i=0; i<8; i++)
  83   1          {   
  84   2            SCL = 1;
  85   2        IIC_Delay(DELAY_TIME);
  86   2        da <<= 1;
  87   2        if(SDA) da |= 1;
  88   2        SCL = 0;
  89   2        IIC_Delay(DELAY_TIME);
  90   2          }
  91   1          return da;    
  92   1      }
  93          
  94          void operate_delay(unsigned int a)
  95          {   
  96   1          unsigned char i;
  97   1          while(a--)
  98   1          {for(i=0;i<112;i++);}
  99   1      }
 100          
 101          void pcf8591_init()
 102          {
 103   1          IIC_Start();
 104   1          IIC_SendByte(0x90);
 105   1          IIC_WaitAck();
 106   1          IIC_SendByte(0x03);
 107   1          IIC_WaitAck();
 108   1          IIC_Stop();
 109   1          operate_delay(10);
 110   1      }
 111          
 112          unsigned char pcf8591_adc()
 113          {
 114   1          unsigned char adc;
 115   1        
 116   1          IIC_Start();
C51 COMPILER V9.60.0.0   IIC                                                               05/28/2023 17:02:10 PAGE 3   

 117   1          IIC_SendByte(0x90);
 118   1          IIC_WaitAck();
 119   1          IIC_SendByte(0x43);
 120   1          IIC_WaitAck();
 121   1          IIC_Stop();
 122   1        
 123   1          IIC_Start();
 124   1          IIC_SendByte(0x91);
 125   1          IIC_WaitAck();
 126   1          adc=IIC_RecByte();
 127   1          IIC_SendAck(1);
 128   1          IIC_Stop();
 129   1        
 130   1          return adc;
 131   1      }
 132          
 133          void pcf8591_dac(unsigned char value)
 134          {
 135   1          IIC_Start();
 136   1          IIC_SendByte(0x90);
 137   1          IIC_WaitAck();
 138   1          IIC_SendByte(0x40);
 139   1          IIC_WaitAck();
 140   1          IIC_SendByte(value);
 141   1          IIC_WaitAck();
 142   1          IIC_Stop();
 143   1      }


MODULE INFORMATION:   STATIC OVERLAYABLE
   CODE SIZE        =    290    ----
   CONSTANT SIZE    =   ----    ----
   XDATA SIZE       =   ----    ----
   PDATA SIZE       =   ----    ----
   DATA SIZE        =   ----    ----
   IDATA SIZE       =   ----    ----
   BIT SIZE         =   ----       2
END OF MODULE INFORMATION.


C51 COMPILATION COMPLETE.  0 WARNING(S),  0 ERROR(S)
