C51 COMPILER V9.06   EX8                                                                   06/24/2019 14:48:41 PAGE 1   


C51 COMPILER V9.06, COMPILATION OF MODULE EX8
OBJECT MODULE PLACED IN ex8.OBJ
COMPILER INVOKED BY: C:\Keil\C51\BIN\C51.EXE ex8.c BROWSE DEBUG OBJECTEXTEND

line level    source

   1          /*******************************************************************************  
   2          * 文件名称：定时器扫描按键实验
   3          * 实验目的：1.掌握通过定时器扫描按键键值的基本方法
   4          *           2.掌握51单片机定时器工作模式和配置方法
   5          * 实验配置：J3跳线配置为MM方式，J5配置为BTN、J2配置为1-3和2-4
   6          * 程序现象：按S,7、S6按键，数码管显示数字分别加减1
   7          * 硬件环境：IAP15F2K61S2@11.0592MHz
   8          * 注意事项：无
   9          * 日期版本：2019-6-24/V2.0
  10          *******************************************************************************/
  11          
  12          #include "reg52.h"  //定义51单片机特殊功能寄存器
  13          #include "absacc.h"
  14          
  15          sfr AUXR = 0x8E;
  16          
  17          bit key_re;
  18          unsigned char key_press;
  19          unsigned char key_value;
  20          bit key_flag;
  21          unsigned char intr;
  22                                     //  0    1    2    3    4    5    6    7    8    9  熄灭
  23          code unsigned char tab[] = { 0xc0,0xf9,0xa4,0xb0,0x99,0x92,0x82,0xf8,0x80,0x90,0xff};
  24          unsigned char dspbuf[8] = {10,10,10,10,10,10,10,10};  //显示缓冲区
  25          unsigned char dspcom = 0;
  26          
  27          unsigned char read_key(void);
  28          void display(void);
  29          
  30          void cls_buzz()
  31          {
  32   1              XBYTE[0xA000] = 0;
  33   1      }
  34          void cls_led()
  35          {
  36   1              XBYTE[0x8000] = 0xFF;
  37   1      }
  38          
  39          //主函数
  40          void main(void)
  41          { 
  42   1          unsigned char key_temp;
  43   1              unsigned char num;
  44   1          
  45   1              cls_buzz();cls_led();
  46   1              
  47   1          P3 = 0xff;  //按键接口初始化
  48   1          
  49   1              AUXR |= 0x80;   //1T模式，IAP15F2K61S2单片机特殊功能寄存器
  50   1              
  51   1              TMOD &= 0xF0;
  52   1              TL0 = 0xCD;     
  53   1              TH0 = 0xD4;     
  54   1              TF0 = 0;        
  55   1              TR0 = 1;
C51 COMPILER V9.06   EX8                                                                   06/24/2019 14:48:41 PAGE 2   

  56   1              ET0 = 1;
  57   1              EA = 1;
  58   1          
  59   1          while(1)
  60   1          {
  61   2              if(key_flag)
  62   2              {
  63   3                  key_flag = 0;
  64   3                  key_temp = read_key();
  65   3              }        
  66   2              //进入按键处理程序部分
  67   2              switch(key_temp)
  68   2              {
  69   3                  case 1:
  70   3                                              num++;
  71   3                      break;
  72   3                  case 2:
  73   3                                              num--;
  74   3                      break;                  
  75   3              }
  76   2                      key_temp = 0;  //完成按键处理程序后，清除键值
  77   2                      
  78   2                      (num>=100)?(dspbuf[5] = num/100):(dspbuf[5]=10);
  79   2                      (num>= 10)?(dspbuf[6] = num%100/10):(dspbuf[6]=10);
  80   2                      dspbuf[7] = num%10;
  81   2          }
  82   1      }
  83          
  84          //定时器中断服务函数
  85          void isr_timer_0(void)  interrupt 1  //默认中断优先级 1
  86          {
  87   1          display(); 
  88   1              if(++intr == 10)  //1ms执行一次
  89   1              {
  90   2              intr = 0;
  91   2                      key_flag = 1;  //10ms按键扫描标志位置1
  92   2          }
  93   1      }
  94          
  95          //读取键值
  96          unsigned char read_key(void)
  97          {
  98   1              
  99   1          unsigned char key_temp;
 100   1          
 101   1              key_temp = (P3&0x0f);
 102   1      /**************多次检测，可以可以防止抖动*********************/ 
 103   1          if(key_temp != 0x0f) //有按键按下
 104   1              key_press++;
 105   1              else
 106   1                      key_press = 0;  //抖动
 107   1          
 108   1          if(key_press == 5)
 109   1          {
 110   2                      key_press = 0;
 111   2                      key_re = 1;
 112   2                      switch(key_temp)
 113   2              {
 114   3                  case 0x0e:
 115   3                      key_value = 1;  //
 116   3                      break;                
 117   3                  case 0x0d:
C51 COMPILER V9.06   EX8                                                                   06/24/2019 14:48:41 PAGE 3   

 118   3                      key_value = 2;  //
 119   3                      break;    
 120   3                  case 0x0b:
 121   3                      key_value = 3;  //
 122   3                      break;    
 123   3                  case 0x07:
 124   3                      key_value = 4;  //
 125   3                      break;
 126   3              }
 127   2          }
 128   1          //连续5次检测到按键被按下，并且该按键已经释放
 129   1          if((key_re == 1) && (key_temp == 0x0f))
 130   1          {
 131   2              key_re = 0;
 132   2              return key_value;
 133   2          }
 134   1          
 135   1          return 0xff;  //无按键按下或被按下的按键未被释放    
 136   1      }
 137          
 138          //显示函数
 139          void display(void)
 140          {   
 141   1              XBYTE[0xE000] = 0xff;  //消隐
 142   1              
 143   1              XBYTE[0xC000] = (1<<dspcom);
 144   1          XBYTE[0xE000] = tab[dspbuf[dspcom]]; //段码
 145   1         
 146   1          if(++dspcom == 8){
 147   2              dspcom = 0;
 148   2          }   
 149   1      }


MODULE INFORMATION:   STATIC OVERLAYABLE
   CODE SIZE        =    320    ----
   CONSTANT SIZE    =     11    ----
   XDATA SIZE       =   ----    ----
   PDATA SIZE       =   ----    ----
   DATA SIZE        =     12       2
   IDATA SIZE       =   ----    ----
   BIT SIZE         =      2    ----
END OF MODULE INFORMATION.


C51 COMPILATION COMPLETE.  0 WARNING(S),  0 ERROR(S)
