C51 COMPILER V9.06   EX5                                                                   12/14/2019 12:56:10 PAGE 1   


C51 COMPILER V9.06, COMPILATION OF MODULE EX5
OBJECT MODULE PLACED IN ex5.OBJ
COMPILER INVOKED BY: C:\Keil\C51\BIN\C51.EXE ex5.c BROWSE DEBUG OBJECTEXTEND

line level    source

   1          /*******************************************************************************  
   2          * 文件名称：长按键识别实验
   3          * 实验目的：1.掌握单片机IO口操作的基本方法
   4          *           2.掌握按键扫描及软件延时消除抖动的基本原理
   5          * 实验配置：J3跳线配置为IO方式，J5配置为BTN、J2配置为1-3和2-4
   6          * 程序现象：长按S4按键，关闭所有LED指示灯，短按S4按键，指示灯位移
   7          * 硬件环境：IAP15F2K61S2@11.0592MHz
   8          * 注意事项：本程序的目的在于介绍长按键的识别方法，在实际项目中，应考虑更为精准的
   9                                  按键扫描周期和长按键识别间隔，建议使用基于定时器的方法对按键进行扫描
  10          * 日期版本：2019-6-24/V2.0
  11          *******************************************************************************/
  12          
  13          #include "reg52.h"  //定义51单片机特殊功能寄存器
  14          
  15          sbit P33 = P3^3;
  16          unsigned char read_key(void);
  17          
  18          //关闭蜂鸣器
  19          void cls_buzz()
  20          {
  21   1              P2 = (P2&0x1F|0xA0);
  22   1              P0 = 0x00;
  23   1              P2 &= 0x1F;
  24   1      }
  25          
  26          //关闭指示灯
  27          void cls_led()
  28          {
  29   1              P2 = (P2&0x1F|0x80);
  30   1              P0 = 0xFF;
  31   1              P2 &= 0x1F;
  32   1      }
  33          
  34          //主函数
  35          void main(void)
  36          { 
  37   1          unsigned char temp;
  38   1              unsigned char mov = 0;
  39   1              unsigned int scan_period = 0;
  40   1          
  41   1              cls_buzz();
  42   1              cls_led();
  43   1          
  44   1          while(1)
  45   1          {
  46   2                      if(++scan_period == 1000){
  47   3                              scan_period = 0;
  48   3                              temp = read_key();
  49   3                              if(temp != 0xff)
  50   3                              {
  51   4                                      if(temp == 1){
  52   5                                              P0 = ~(1<<mov);
  53   5                                              if(++mov == 8){
  54   6                                                      mov = 0;
  55   6                                              }
C51 COMPILER V9.06   EX5                                                                   12/14/2019 12:56:10 PAGE 2   

  56   5                                      }else{
  57   5                                              P0 = 0xFF;
  58   5                                      }
  59   4                                      P2 = (P2 & 0x1F | 0x80);
  60   4                                      P2 &= 0x1F;
  61   4      
  62   4                              }
  63   3                      }
  64   2      
  65   2          }
  66   1      }
  67          
  68          //按键扫描函数
  69          unsigned char read_key(void)
  70          {
  71   1              static unsigned int press_counter = 0;  //长短按键计数器
  72   1              static unsigned char status = 0;
  73   1              unsigned char key_val = 0xFF;
  74   1              
  75   1              switch(status){
  76   2                      case 0:
  77   2                              if(P33 == 0){
  78   3                                      status = 1;
  79   3                              }
  80   2                              break;
  81   2                      case 1:
  82   2                              if(P33 == 0){
  83   3                                      if(press_counter < 400){
  84   4                                              press_counter++;
  85   4                                      }
  86   3                              }else{
  87   3                                      if(press_counter > 20){
  88   4                                              status = 2;
  89   4                                      }else{
  90   4                                              status = 0;     //抖动
  91   4                                              press_counter = 0;
  92   4                                      }
  93   3                              }
  94   2                              break;
  95   2                      case 2:
  96   2                              if(P33 == 1){
  97   3                                      if(press_counter < 400){
  98   4                                              key_val = 1;    //短按键
  99   4                                      }else{
 100   4                                              key_val = 2     ;       //长按键
 101   4                                      }
 102   3                                      status = 0;
 103   3                                      press_counter = 0;
 104   3                              }
 105   2                              break;
 106   2              }
 107   1              
 108   1              return key_val;
 109   1      }
 110          


MODULE INFORMATION:   STATIC OVERLAYABLE
   CODE SIZE        =    209    ----
   CONSTANT SIZE    =   ----    ----
   XDATA SIZE       =   ----    ----
   PDATA SIZE       =   ----    ----
C51 COMPILER V9.06   EX5                                                                   12/14/2019 12:56:10 PAGE 3   

   DATA SIZE        =      3       3
   IDATA SIZE       =   ----    ----
   BIT SIZE         =   ----    ----
END OF MODULE INFORMATION.


C51 COMPILATION COMPLETE.  0 WARNING(S),  0 ERROR(S)
