C51 COMPILER V9.60.0.0   KEY                                                               06/06/2023 20:16:04 PAGE 1   


C51 COMPILER V9.60.0.0, COMPILATION OF MODULE KEY
OBJECT MODULE PLACED IN .\Objects\key.obj
COMPILER INVOKED BY: D:\study\danpianjixilie\keil\C51\BIN\C51.EXE key.c OPTIMIZE(8,SPEED) BROWSE DEBUG OBJECTEXTEND PRIN
                    -T(.\Listings\key.lst) TABS(2) OBJECT(.\Objects\key.obj)

line level    source

   1          #include "key.h"
   2          #include "iic.h"
   3          
   4          extern unsigned char jilu_distance[10];
   5          extern unsigned char key_value,old_key_value;
   6          extern unsigned char show_mod;
   7          unsigned char aux1,aux2,aux3;//辅助切换
   8          unsigned char start_distance,end_distance;//测测你的
   9          extern unsigned char old_distance_mod;//加和模式或过去模式
  10          extern unsigned char distance_standard;//标准值
  11          unsigned char jilu_count=0;
  12          unsigned char reme_count;
  13          //测量值
  14          extern unsigned char distance;
  15          
  16          unsigned char read_keyboard()
  17          {
  18   1          unsigned char key;
  19   1          unsigned int a;
  20   1          P3|=0x0f;
  21   1          P44=0;P42=1;P35=1;P34=1;
  22   1          a=P3&0x0f;
  23   1          P44=1;P42=0;P35=1;P34=1;
  24   1          a=(a<<4)|(P3&0x0f);
  25   1          P44=1;P42=1;P35=0;P34=1;
  26   1          a=(a<<4)|(P3&0x0f);
  27   1          P44=1;P42=1;P35=1;P34=0;
  28   1          a=(a<<4)|(P3&0x0f);
  29   1        
  30   1          switch(~a)
  31   1          {
  32   2            case 0x1000:key=1;break;
  33   2            case 0x0100:key=2;break;
  34   2            case 0x0010:key=3;break;
  35   2            case 0x0001:key=4;break;
  36   2            case 0x2000:key=5;break;
  37   2            case 0x0200:key=6;break;
  38   2            case 0x0020:key=7;break;
  39   2            case 0x0002:key=8;break;
  40   2            case 0x4000:key=9;break;
  41   2            case 0x0400:key=10;break;
  42   2            case 0x0040:key=11;break;
  43   2            case 0x0004:key=12;break;
  44   2            case 0x8000:key=13;break;
  45   2            case 0x0800:key=14;break;
  46   2            case 0x0080:key=15;break;
  47   2            case 0x0008:key=16;break;
  48   2            default:key=0;break;
  49   2          }
  50   1          
  51   1          return key;
  52   1      }
  53          void key_proc()
  54          {
C51 COMPILER V9.60.0.0   KEY                                                               06/06/2023 20:16:04 PAGE 2   

  55   1          switch(key_value)
  56   1          {
  57   2            case 9:
  58   2            {
  59   3               aux1=~aux1;
  60   3               if(aux1!=0){show_mod=1;}
  61   3               else{show_mod=0;}
  62   3            }break;
  63   2            case 10:
  64   2            {
  65   3               aux2=~aux2;
  66   3               if(aux2!=0){show_mod=2;}
  67   3               else{show_mod=0;}
  68   3            }break;
  69   2            case 13:
  70   2            {
  71   3               start_distance=1;
  72   3               if(jilu_count<10)
  73   3               {
  74   4                  jilu_distance[jilu_count]=distance;
  75   4                  eeprom_write(jilu_count,distance);Delay5ms();
  76   4               }
  77   3               else if(jilu_count>=10)
  78   3               {
  79   4                  unsigned char i,zan;
  80   4                  for(i=0;i<9;i++)
  81   4                  {  
  82   5                     jilu_distance[i]=jilu_distance[i+1];
  83   5                     zan=eeprom_read(i+1);
  84   5                     Delay5ms();
  85   5                     eeprom_write(i,zan);
  86   5                     Delay5ms();
  87   5                  }
  88   4                  jilu_distance[9]=distance;
  89   4                  eeprom_write(0x09,distance);Delay5ms();
  90   4               }
  91   3               jilu_count++;
  92   3               eeprom_write(0x10,jilu_count);Delay5ms();
  93   3               eeprom_write(0x11,distance_standard);
  94   3            }break;
  95   2            case 14:
  96   2            {
  97   3                if(show_mod==0)
  98   3                {
  99   4                    aux3=~aux3;
 100   4                    if(aux3==0){old_distance_mod=0;}
 101   4                    else{old_distance_mod=1;}
 102   4                }
 103   3                if(show_mod==1)
 104   3                {
 105   4                    reme_count++;
 106   4                    if(reme_count==10){reme_count=0;}
 107   4                }
 108   3                if(show_mod==2){distance_standard+=10;if(distance_standard>90){distance_standard=0;}}
 109   3            }break;
 110   2          }
 111   1      }


MODULE INFORMATION:   STATIC OVERLAYABLE
   CODE SIZE        =    501    ----
   CONSTANT SIZE    =   ----    ----
C51 COMPILER V9.60.0.0   KEY                                                               06/06/2023 20:16:04 PAGE 3   

   XDATA SIZE       =   ----    ----
   PDATA SIZE       =   ----    ----
   DATA SIZE        =      7       3
   IDATA SIZE       =   ----    ----
   BIT SIZE         =   ----    ----
END OF MODULE INFORMATION.


C51 COMPILATION COMPLETE.  0 WARNING(S),  0 ERROR(S)
