C51 COMPILER V9.60.0.0   LAI                                                               06/06/2023 20:27:55 PAGE 1   


C51 COMPILER V9.60.0.0, COMPILATION OF MODULE LAI
OBJECT MODULE PLACED IN .\Objects\lai.obj
COMPILER INVOKED BY: D:\study\danpianjixilie\keil\C51\BIN\C51.EXE lai.c OPTIMIZE(8,SPEED) BROWSE DEBUG OBJECTEXTEND PRIN
                    -T(.\Listings\lai.lst) TABS(2) OBJECT(.\Objects\lai.obj)

line level    source

   1          #include "show.h"
   2          #include "key.h"
   3          #include "init.h"
   4          #include "ultrasonic.h"
   5          #include "iic.h"
   6          #include "led.h"
   7          
   8          unsigned char jilu_distance[10];
   9          unsigned char key_value,old_key_value;
  10          extern unsigned char start_distance,end_distance;
  11          unsigned char old_distance_mod;
  12          extern unsigned char jilu_count,reme_count;
  13          extern unsigned char led1;
  14          //测量值
  15          unsigned char distance,old_distance;
  16          //标准值
  17          unsigned char distance_standard=20;
  18          
  19          void ce_distance();
  20          
  21          void main()
  22          {
  23   1          unsigned char b;
  24   1          close_buzz();
  25   1          close_led();
  26   1          pcl8591_init();
  27   1          PCAInit();
  28   1          Timer1Init(); 
  29   1          for(b=0;b<10;b++)
  30   1          {
  31   2              jilu_distance[b]=eeprom_read(b);
  32   2              Delay5ms();
  33   2          }
  34   1          jilu_count=eeprom_read(0x10);Delay5ms();
  35   1          distance_standard=eeprom_read(0x11);Delay5ms();
  36   1          EA=1;
  37   1          while(1)
  38   1          {
  39   2              fen();
  40   2              ce_distance();
  41   2              led_pan();
  42   2          }
  43   1      }
  44          
  45          void timer1_proc() interrupt 3
  46          {
  47   1          static unsigned char a;
  48   1          static unsigned char blink;
  49   1          static unsigned char jishu;
  50   1          display();
  51   1          if(++a==10)
  52   1          {
  53   2              a=0;
  54   2              old_key_value=key_value;
C51 COMPILER V9.60.0.0   LAI                                                               06/06/2023 20:27:55 PAGE 2   

  55   2              key_value=read_keyboard();
  56   2              if(old_key_value<key_value){key_proc();}
  57   2              //dac
  58   2              if(distance<=distance_standard){pcl8591_dac(0);}
  59   2              else{pcl8591_dac(distance-distance_standard);}
  60   2              //led
  61   2              led();
  62   2          }
  63   1          //led1
  64   1          if(end_distance==1)
  65   1          {
  66   2              if(++blink==200)
  67   2              {
  68   3                  led1=~led1;
  69   3                  jishu++;
  70   3                  if(jishu==20)
  71   3                  {
  72   4                      end_distance=0;
  73   4                      jishu=0;
  74   4                  }
  75   3              }
  76   2          }
  77   1      }
  78          
  79          void ce_distance()
  80          {
  81   1          if(start_distance==1)
  82   1          {
  83   2              start_distance=0;
  84   2              old_distance=distance;
  85   2              distance=distance_massure();
  86   2              if(old_distance_mod!=0){old_distance+=distance;}
  87   2              end_distance=1;
  88   2          }
  89   1      }


MODULE INFORMATION:   STATIC OVERLAYABLE
   CODE SIZE        =    249    ----
   CONSTANT SIZE    =   ----    ----
   XDATA SIZE       =   ----    ----
   PDATA SIZE       =   ----    ----
   DATA SIZE        =     19       1
   IDATA SIZE       =   ----    ----
   BIT SIZE         =   ----    ----
END OF MODULE INFORMATION.


C51 COMPILATION COMPLETE.  0 WARNING(S),  0 ERROR(S)
