C51 COMPILER V9.60.0.0   LED                                                               06/06/2023 20:32:01 PAGE 1   


C51 COMPILER V9.60.0.0, COMPILATION OF MODULE LED
OBJECT MODULE PLACED IN .\Objects\led.obj
COMPILER INVOKED BY: D:\study\danpianjixilie\keil\C51\BIN\C51.EXE led.c OPTIMIZE(8,SPEED) BROWSE DEBUG OBJECTEXTEND PRIN
                    -T(.\Listings\led.lst) TABS(2) OBJECT(.\Objects\led.obj)

line level    source

   1          #include "led.h"
   2          
   3          unsigned char led1,led7,led8,aux8;
   4          extern unsigned char show_mod;
   5          
   6          void led_pan()
   7          {
   8   1          if(show_mod==1){led7=1;}else{led7=0;}
   9   1          if(show_mod==2){led8=1;}else{led8=0;}
  10   1      }
  11          void led()
  12          {
  13   1          unsigned char c;
  14   1        
  15   1          if(led1!=0){c&=0xfe;}else{c|=0x01;}
  16   1          if(led7==1){c&=0xbf;}else{c|=0x40;}
  17   1          if(led8==1){c&=0x7f;}else{c|=0x80;}
  18   1          
  19   1          P0=c;
  20   1          P2=(P2&0x1f)|0x80;
  21   1          P2&=0x1f;
  22   1      }


MODULE INFORMATION:   STATIC OVERLAYABLE
   CODE SIZE        =     85    ----
   CONSTANT SIZE    =   ----    ----
   XDATA SIZE       =   ----    ----
   PDATA SIZE       =   ----    ----
   DATA SIZE        =      4    ----
   IDATA SIZE       =   ----    ----
   BIT SIZE         =   ----    ----
END OF MODULE INFORMATION.


C51 COMPILATION COMPLETE.  0 WARNING(S),  0 ERROR(S)
