C51 COMPILER V9.60.0.0   KEY                                                               06/09/2023 11:00:27 PAGE 1   


C51 COMPILER V9.60.0.0, COMPILATION OF MODULE KEY
OBJECT MODULE PLACED IN .\Objects\key.obj
COMPILER INVOKED BY: D:\study\danpianjixilie\keil\C51\BIN\C51.EXE key.c OPTIMIZE(8,SPEED) BROWSE DEBUG OBJECTEXTEND PRIN
                    -T(.\Listings\key.lst) TABS(2) OBJECT(.\Objects\key.obj)

line level    source

   1          #include "key.h"
   2          
   3          unsigned char key_value,old_key_value;
   4          extern unsigned char show_mod,show_sequence;
   5          unsigned char distance_danwei,frequency_danwei;
   6          
   7          extern unsigned char himid_can;
   8          extern unsigned char distance_can;
   9          extern unsigned int frequence_can;
  10          
  11          
  12          
  13          sbit S7=P3^0;
  14          sbit S6=P3^1;
  15          sbit S5=P3^2;
  16          sbit S4=P3^3;
  17          
  18          unsigned char read_key()
  19          {
  20   1          unsigned char key;
  21   1          if(!S7){key=1;}
  22   1          else if(!S6){key=2;}
  23   1          else if(!S5){key=3;}
  24   1          else if(!S4){key=4;}
  25   1          else{key=0;}
  26   1          return key;
  27   1      }
  28          void key_proc()
  29          {
  30   1          switch(key_value)
  31   1          {
  32   2            case 1:
  33   2            {   //frequency
  34   3                if(show_mod==0){frequency_danwei=~frequency_danwei;}
  35   3                if(show_mod==3)
  36   3                {
  37   4                    switch(show_sequence)
  38   4                    {
  39   5                      case 0:frequence_can-=500;if(frequence_can<1000){frequence_can=12000;}break;
  40   5                      case 1:himid_can-=10;if(himid_can<10){himid_can=60;}break;
  41   5                      case 2:distance_can-=10;if(distance_can<10){distance_can=120;}break;
  42   5                    }
  43   4                }
  44   3            }break;
  45   2            case 2:
  46   2            {   //distance
  47   3                if(show_mod==2){distance_danwei=~distance_danwei;}
  48   3                if(show_mod==3)
  49   3                {
  50   4                    switch(show_sequence)
  51   4                    {
  52   5                      case 0:frequence_can+=500;if(frequence_can>12000){frequence_can=1000;}break;
  53   5                      case 1:himid_can+=10;if(himid_can>60){himid_can=10;}break;
  54   5                      case 2:distance_can+=10;if(distance_can>120){distance_can=10;}break;
C51 COMPILER V9.60.0.0   KEY                                                               06/09/2023 11:00:27 PAGE 2   

  55   5                    }
  56   4                }
  57   3            }break;
  58   2            case 3:
  59   2            {
  60   3                if(show_mod==3)
  61   3                {
  62   4                    show_sequence++;
  63   4                    if(show_sequence==3){show_sequence=0;}
  64   4                }
  65   3            }break;
  66   2            case 4:{show_mod++;if(show_mod==4){show_mod=0;}}break;
  67   2          }
  68   1      }


MODULE INFORMATION:   STATIC OVERLAYABLE
   CODE SIZE        =    292    ----
   CONSTANT SIZE    =   ----    ----
   XDATA SIZE       =   ----    ----
   PDATA SIZE       =   ----    ----
   DATA SIZE        =      4    ----
   IDATA SIZE       =   ----    ----
   BIT SIZE         =   ----    ----
END OF MODULE INFORMATION.


C51 COMPILATION COMPLETE.  0 WARNING(S),  0 ERROR(S)
