C51 COMPILER V9.60.0.0   ULTRASONIC                                                        06/09/2023 11:00:27 PAGE 1   


C51 COMPILER V9.60.0.0, COMPILATION OF MODULE ULTRASONIC
OBJECT MODULE PLACED IN .\Objects\ultrasonic.obj
COMPILER INVOKED BY: D:\study\danpianjixilie\keil\C51\BIN\C51.EXE ultrasonic.c OPTIMIZE(8,SPEED) BROWSE DEBUG OBJECTEXTE
                    -ND PRINT(.\Listings\ultrasonic.lst) TABS(2) OBJECT(.\Objects\ultrasonic.obj)

line level    source

   1          #include "ultrasonic.h"
   2          //#include "init.h"
   3          
   4          sbit tx=P1^0;
   5          sbit rx=P1^1;
   6          
   7          void Delay13us()    //@12.000MHz
   8          {
   9   1        unsigned char i;
  10   1      
  11   1        _nop_();
  12   1        _nop_();
  13   1        i = 36;
  14   1        while (--i);
  15   1      }
  16          
  17          void send_wave()
  18          {
  19   1          unsigned char i;
  20   1          for(i=0;i<10;i++)
  21   1          {
  22   2              tx=1;Delay13us();
  23   2              tx=0;Delay13us();
  24   2          }
  25   1      }
  26          unsigned char sonic()
  27          {
  28   1          unsigned char dis;
  29   1          send_wave();
  30   1          CF=0;CL=0;CH=0;CR=1;
  31   1          while(rx&!CF);
  32   1          CR=0;
  33   1          if(CF==1){CF=0;dis=255;}
  34   1          else{dis=((CH<<8)+CL)*0.017;}
  35   1          return dis;
  36   1      }


MODULE INFORMATION:   STATIC OVERLAYABLE
   CODE SIZE        =     98    ----
   CONSTANT SIZE    =   ----    ----
   XDATA SIZE       =   ----    ----
   PDATA SIZE       =   ----    ----
   DATA SIZE        =   ----    ----
   IDATA SIZE       =   ----    ----
   BIT SIZE         =   ----    ----
END OF MODULE INFORMATION.


C51 COMPILATION COMPLETE.  0 WARNING(S),  0 ERROR(S)
