C51 COMPILER V9.60.0.0   EX7                                                               02/07/2023 15:25:39 PAGE 1   


C51 COMPILER V9.60.0.0, COMPILATION OF MODULE EX7
OBJECT MODULE PLACED IN ex7.OBJ
COMPILER INVOKED BY: D:\study\danpianjixilie\keil\C51\BIN\C51.EXE ex7.c OPTIMIZE(8,SPEED) BROWSE DEBUG OBJECTEXTEND TABS
                    -(2)

line level    source

   1          /*******************************************************************************  
   2          * 文件名称：DS1302时钟驱动实验
   3          * 实验目的：1.掌握数码管动态扫描的基本原理,掌握数码管消除“鬼影”的方法
   4          *           2.掌握51单片机定时器工作模式和配置方法
   5          *           3.掌握keil uvision集成开发环境下，中断服务函数设计方法
   6          *     4.掌握DS1302时钟芯片驱动和工作模式配置的方法
   7          * 实验配置：J3跳线配置为MM方式
   8          * 程序现象：数码管动态显示
   9          * 硬件环境：IAP15F2K61S2@11.0592MHz
  10          * 注意事项：1.DS1302实验过程中应避免用手接触时钟外部晶振，外部的干扰可能导致晶振停
  11                止振荡，造成走时异常
  12                2.不同的晶振启振时间存在差异，建议上电初始化后，延迟小段时间，再对RTC
  13                芯片进行操作
  14          * 日期版本：2019-6-24/V2.0
  15          *******************************************************************************/
  16          #include "reg52.h"  //定义51单片机特殊功能寄存器
  17          #include "absacc.h"
  18          #include "ds1302.h"
  19          
  20          sfr AUXR = 0x8E;    //定义辅助寄存器
  21                                     //  0    1    2    3    4    5    6    7    8    9   10熄灭
  22          code unsigned char tab[] = { 0xc0,0xf9,0xa4,0xb0,0x99,0x92,0x82,0xf8,0x80,0x90,0xFF,0xbf};
  23          unsigned char dspbuf[8] = {10,10,10,10,10,10,10,10};  //显示缓冲区
  24          unsigned char dspcom = 0;  //显示位选
  25          
  26          unsigned char ms = 0;
  27          bit rtc_flag = 0;
  28          
  29          //
  30          void cls_buzz(void)
  31          {
  32   1        XBYTE[0xA000] = 0x00;
  33   1      }
  34          //
  35          void cls_led(void)
  36          {
  37   1        XBYTE[0x8000] = 0xFF;
  38   1      }
  39          
  40          //
  41          void Delay100ms()   //@11.0592MHz
  42          {
  43   1        unsigned char i, j, k;
  44   1      
  45   1        _nop_();
  46   1        _nop_();
  47   1        i = 5;
  48   1        j = 52;
  49   1        k = 195;
  50   1        do
  51   1        {
  52   2          do
  53   2          {
  54   3            while (--k);
C51 COMPILER V9.60.0.0   EX7                                                               02/07/2023 15:25:39 PAGE 2   

  55   3          } while (--j);
  56   2        } while (--i);
  57   1      }
  58          
  59          
  60          //主函数
  61          void main(void)
  62          { 
  63   1        unsigned char *p_rtc;
  64   1        
  65   1        cls_buzz();
  66   1        cls_led();
  67   1        
  68   1        AUXR |= 0x80;
  69   1        
  70   1        TMOD &= 0xF0;
  71   1        TL0 = 0xCD;
  72   1        TH0 = 0xD4; 
  73   1        TF0 = 0;  
  74   1        TR0 = 1;
  75   1        ET0 = 1;
  76   1        EA = 1;
  77   1        
  78   1        Delay100ms();
  79   1        SetRTC();
  80   1        
  81   1          
  82   1          while(1)
  83   1          {
  84   2          if(rtc_flag){
  85   3            rtc_flag = 0;
  86   3            p_rtc = ReadRTC();
  87   3            
  88   3            dspbuf[0] = p_rtc[0];
  89   3            dspbuf[1] = p_rtc[1];
  90   3            dspbuf[2] = 11;
  91   3            dspbuf[3] = p_rtc[2];
  92   3            dspbuf[4] = p_rtc[3];
  93   3            dspbuf[5] = 11;
  94   3            dspbuf[6] = p_rtc[4];
  95   3            dspbuf[7] = p_rtc[5];
  96   3          }
  97   2          }
  98   1      }
  99          
 100          //显示函数
 101          void display(void)
 102          {   
 103   1        XBYTE[0xE000] = 0xff;  //消隐
 104   1        
 105   1        XBYTE[0xC000] = (1<<dspcom);
 106   1        XBYTE[0xE000] = tab[dspbuf[dspcom]]; //段码 挨个显示缓冲区的数字 8ms刷新一次，
 107   1         
 108   1          if(++dspcom == 8)
 109   1          {
 110   2              dspcom = 0;
 111   2          }   
 112   1      }
 113          
 114          //定时器中断服务函数
 115          void isr_timer_0(void)  interrupt 1  //默认中断优先级 1
 116          {
C51 COMPILER V9.60.0.0   EX7                                                               02/07/2023 15:25:39 PAGE 3   

 117   1          if(++ms == 200)
 118   1        {
 119   2          ms = 0;
 120   2          rtc_flag = 1;
 121   2        }   
 122   1        display();  //1ms执行一次
 123   1      }
 124          
 125          


MODULE INFORMATION:   STATIC OVERLAYABLE
   CODE SIZE        =    212    ----
   CONSTANT SIZE    =     12    ----
   XDATA SIZE       =   ----    ----
   PDATA SIZE       =   ----    ----
   DATA SIZE        =     10    ----
   IDATA SIZE       =   ----    ----
   BIT SIZE         =      1    ----
END OF MODULE INFORMATION.


C51 COMPILATION COMPLETE.  0 WARNING(S),  0 ERROR(S)
