C51 COMPILER V9.60.0.0   OCEAN                                                             12/06/2023 17:09:22 PAGE 1   


C51 COMPILER V9.60.0.0, COMPILATION OF MODULE OCEAN
OBJECT MODULE PLACED IN .\Objects\ocean.obj
COMPILER INVOKED BY: D:\KEIL\C51\BIN\C51.EXE ocean.c OPTIMIZE(8,SPEED) BROWSE DEBUG OBJECTEXTEND PRINT(.\Listings\ocean.
                    -lst) TABS(2) OBJECT(.\Objects\ocean.obj)

line level    source

   1          /*******************************************************************************  
   2          * 文件名称：矩阵键盘实验
   3          * 实验目的：1.掌握矩阵键盘扫描的基本原理
   4          *           2.掌握按键扫描及消除抖动的基本原理
   5          * 实验配置：J3跳线配置为IO方式，J5配置为KBD、J2配置为1-3和2-4
   6          * 实验现象：按下按键，数码管显示在0~15之间变化
   7          * 硬件说明：IAP15F2K61S2@11.0592MHz
   8          * 程序说明：1.转接板上使用P4.4和P4.2代替P3.6 P3.7
   9          *       2.采用状态法进行按键扫描，系统实时性好，
  10          *       且每10ms扫描可以防止抖动。
  11          * 日期版本：2019-6-24/V2.0
  12          *******************************************************************************/
  13          #include "STC15F2K60S2.H"  //用此头文件直接代替REG52.H，请进行两个头文件对比
  14          #include "absacc.h"
  15          #include "onewire.h"
  16          #include "ds1302.h"
  17                                     //  0    1    2    3    4    5    6    7    8    9   熄灭
  18          code unsigned char tab[] = { 0xc0,0xf9,0xa4,0xb0,0x99,0x92,0x82,0xf8,0x80,0x90,0xFF,
  19                                       0x40,0x79,0x24,0x30,0x19,0x12,0x02,0x78,0x00,0x10,0xff,
  20                                       0xc1,0xbf};
  21          unsigned char dspbuf[8] = {10,10,10,10,10,10,10,10};  //显示缓冲区
  22          
  23          bit key_flag = 0;//按键扫描标志位                                                                         
             -                 
  24          unsigned char key_value=0xFF;//按键值
  25          unsigned char mod=1;
  26          unsigned char *p_rtc;
  27          float true_temperature;
  28          unsigned char temperature_standard=23;
  29          unsigned char jidianqi_mod=0;
  30          unsigned char time_jidianqi=0;
  31          unsigned char time_show_mod=0;
  32          unsigned char Led_Flag;
  33          unsigned char zhengdian=0;
  34          unsigned char Timer_Flag;
  35          unsigned char relay_flag;
  36          /******函数声明***********************/
  37          void read_keyboard(void);
  38          void display();
  39          void temperature_deal();
  40          void smg_off();
  41          void fen();
  42          void key_proc();
  43          void Delay100ms();    //@11.0592MHz
  44          void clock_deal();
  45          void temperature_biao();
  46          void jidianqi_kong();
  47          void led_show();
  48          /************************************/
  49          
  50          void cls_buzz(void) //关闭蜂鸣器
  51          {
  52   1        P2 = (P2&0x1F|0xA0);
  53   1        P0 = 0x00;
C51 COMPILER V9.60.0.0   OCEAN                                                             12/06/2023 17:09:22 PAGE 2   

  54   1        P2 &= 0x1F;
  55   1      }
  56          
  57          void cls_led(void)//关闭所有LED
  58          {
  59   1          P2 = ((P2&0x1f)|0x80);
  60   1        P0 = 0xff;  
  61   1        P2 &= 0x1f;
  62   1      }
  63          
  64          //主函数
  65          void main(void)
  66          {  
  67   1      
  68   1        cls_buzz();
  69   1        cls_led();
  70   1        AUXR |= 0x80; //1T模式，IAP15F2K61S2单片机特殊功能寄存器  
  71   1        TMOD &= 0xF0;
  72   1        TL0 = 0xCD; 
  73   1        TH0 = 0xD4; 
  74   1        TF0 = 0;  
  75   1        TR0 = 1;
  76   1        ET0 = 1;
  77   1        EA = 1; 
  78   1      
  79   1        Delay100ms();
  80   1        SetRTC();  
  81   1          while(1)
  82   1          {
  83   2             key_proc();
  84   2             fen();
  85   2             jidianqi_kong();
  86   2             led_show();
  87   2          }
  88   1      }
  89          
  90          //定时器中断服务函数
  91          void isr_timer_0(void)  interrupt 1  //默认中断优先级 1
  92          {     
  93   1        static unsigned char intr = 0;
  94   1        static unsigned char clock = 0;
  95   1        static unsigned int tem = 0;
  96   1        static unsigned int deng=0;
  97   1        static unsigned int a=0;
  98   1        display(); //1ms执行一次
  99   1        if(++intr == 10) 
 100   1        {
 101   2           intr = 0;
 102   2           read_keyboard();
 103   2        }
 104   1        if(++clock == 200) 
 105   1        {
 106   2           clock = 0;
 107   2           p_rtc = ReadRTC();
 108   2        }
 109   1        if(++tem==400)
 110   1        {
 111   2           tem = 0;
 112   2           true_temperature=rd_temperature_f();
 113   2        }
 114   1        if(time_jidianqi==1)
 115   1        {
C51 COMPILER V9.60.0.0   OCEAN                                                             12/06/2023 17:09:22 PAGE 3   

 116   2           deng++;
 117   2           P2 = (P2&0x1F|0xA0);
 118   2           P0 = 0x10;
 119   2           P2 &= 0x1F;
 120   2           relay_flag=1;
 121   2           if(deng==5000)
 122   2           {
 123   3              deng=0;
 124   3              time_jidianqi=0;
 125   3           }
 126   2        }
 127   1        if(++a==100)
 128   1        {  a=0;Timer_Flag=1;}
 129   1      }
 130          
 131          //读取矩阵键盘键值:转接板中使用P42和P44代替8051引脚
 132          //顺序中的P36和P37引脚
 133          void read_keyboard(void)
 134          {
 135   1          static unsigned char hang;
 136   1        static unsigned char key_state=0; 
 137   1        switch(key_state)
 138   1        {
 139   2          case 0:
 140   2          {
 141   3            P3 = 0x0f; P42 = 0; P44 = 0;
 142   3            if(P3 != 0x0f) //有按键按下
 143   3            key_state=1;  
 144   3          }break;
 145   2          case 1:
 146   2          {
 147   3            P3 = 0x0f; P42 = 0; P44 = 0;
 148   3            if(P3 != 0x0f) //有按键按下
 149   3            {
 150   4              if(P30 == 0)hang = 1;
 151   4              if(P31 == 0)hang = 2;
 152   4              if(P32 == 0)hang = 3;
 153   4              if(P33 == 0)hang = 4;//确定行     
 154   4              switch(hang){
 155   5                case 1:{P3 = 0xf0; P42 = 1; P44 = 1;
 156   6                  if(P44 == 0) {key_value=0;key_state=2;}
 157   6                  else if(P42 == 0) {key_value=1;key_state=2;}
 158   6                  else if(P35 == 0) {key_value=2;key_state=2;}
 159   6                  else if(P34 == 0) {key_value=3;key_state=2;}
 160   6                }break;
 161   5                case 2:{P3 = 0xf0; P42 = 1; P44 = 1;
 162   6                  if(P44 == 0) {key_value=4;key_state=2;}
 163   6                  else if(P42 == 0) {key_value=5;key_state=2;}
 164   6                  else if(P35 == 0) {key_value=6;key_state=2;}
 165   6                  else if(P34 == 0) {key_value=7;key_state=2;}
 166   6                }break;
 167   5                case 3:{P3 = 0xf0; P42 = 1; P44 = 1;
 168   6                  if(P44 == 0) {key_value=8;key_state=2;}
 169   6                  else if(P42 == 0) {key_value=9;key_state=2;}
 170   6                  else if(P35 == 0) {key_value=10;key_state=2;}
 171   6                  else if(P34 == 0) {key_value=11;key_state=2;}
 172   6                }break;
 173   5                case 4:{P3 = 0xf0; P42 = 1; P44 = 1;
 174   6                  if(P44 == 0) {key_value=12;key_state=2;}
 175   6                  else if(P42 == 0) {key_value=13;key_state=2;}
 176   6                  else if(P35 == 0) {key_value=14;key_state=2;}
 177   6                  else if(P34 == 0) {key_value=15;key_state=2;}
C51 COMPILER V9.60.0.0   OCEAN                                                             12/06/2023 17:09:22 PAGE 4   

 178   6                }break;
 179   5              } 
 180   4            }
 181   3            else
 182   3            {
 183   4              key_state=0;  
 184   4            }      
 185   3          }break;
 186   2          case 2:     
 187   2          {
 188   3            P3 = 0x0f; P42 = 0; P44 = 0;
 189   3            if(P3 == 0x0f) //按键放开
 190   3            key_state=0;  
 191   3          }break;
 192   2                  
 193   2          } 
 194   1        
 195   1      }
 196          
 197          void key_proc()
 198          {
 199   1        switch(key_value)
 200   1        {
 201   2          case 14://S12
 202   2          {
 203   3            mod++;
 204   3            if(mod==4){mod=1;}
 205   3            key_value=0xff;
 206   3            break;
 207   3          }
 208   2          case 10://S13
 209   2          {
 210   3            jidianqi_mod=~jidianqi_mod;
 211   3            key_value=0xff;
 212   3            break;
 213   3          }
 214   2          case 15://S16
 215   2          {
 216   3            if(mod==3)
 217   3            {
 218   4               temperature_standard++;
 219   4               if(temperature_standard==100){temperature_standard=10;}
 220   4            }
 221   3            key_value=0xff;
 222   3            break;
 223   3          }
 224   2          case 11://S17
 225   2          {
 226   3            if(mod==3)
 227   3            {
 228   4               temperature_standard--;
 229   4               if(temperature_standard==9){temperature_standard=99;}
 230   4            }
 231   3            if(mod==2)
 232   3            {
 233   4               time_show_mod=~time_show_mod;
 234   4            }
 235   3            key_value=0xff;
 236   3            break;
 237   3          }
 238   2        }
 239   1      }
C51 COMPILER V9.60.0.0   OCEAN                                                             12/06/2023 17:09:22 PAGE 5   

 240          
 241          //显示函数
 242          void display(void)
 243          {   
 244   1        static unsigned char dspcom = 0;
 245   1        P0 = 0xff;
 246   1        P2 = ((P2&0x1f)|0xE0); 
 247   1        P2 &= 0x1f;
 248   1      
 249   1        P0 = 1<<dspcom;
 250   1        P2 = ((P2&0x1f)|0xC0); 
 251   1        P2 &= 0x1f;
 252   1      
 253   1        P0 = tab[dspbuf[dspcom]]; 
 254   1          P2 = ((P2&0x1f)|0xE0); 
 255   1        P2 &= 0x1f;
 256   1        
 257   1          if(++dspcom == 8){
 258   2              dspcom = 0;
 259   2          }    
 260   1      }
 261          
 262          void temperature_deal()
 263          {
 264   1          unsigned int temperature10;
 265   1          temperature10=true_temperature*10;
 266   1          dspbuf[0]=22;dspbuf[1]=1;dspbuf[2]=10;dspbuf[3]=10;dspbuf[4]=10;
 267   1          dspbuf[5]=temperature10/100;
 268   1          dspbuf[6]=(temperature10%100/10)+11;
 269   1          dspbuf[7]=temperature10%10;
 270   1      }
 271          
 272          void clock_deal()
 273          {
 274   1          if(time_show_mod==0)
 275   1          {
 276   2              dspbuf[0]=22;dspbuf[1]=2;dspbuf[2]=10;
 277   2              dspbuf[3]=p_rtc[0];
 278   2              dspbuf[4]=p_rtc[1];
 279   2              dspbuf[5]=23;
 280   2              dspbuf[6]=p_rtc[2];
 281   2              dspbuf[7]=p_rtc[3];
 282   2          }
 283   1          else
 284   1          {
 285   2              dspbuf[0]=22;dspbuf[1]=2;dspbuf[2]=10;
 286   2              dspbuf[3]=p_rtc[2];
 287   2              dspbuf[4]=p_rtc[3];
 288   2              dspbuf[5]=23;
 289   2              dspbuf[6]=p_rtc[4];
 290   2              dspbuf[7]=p_rtc[5];
 291   2          }
 292   1      }
 293          
 294          void temperature_biao()
 295          {
 296   1          dspbuf[0]=22;dspbuf[1]=3;dspbuf[2]=10;dspbuf[3]=10;dspbuf[4]=10;dspbuf[5]=10;
 297   1          dspbuf[6]=temperature_standard/10;
 298   1          dspbuf[7]=temperature_standard%10;
 299   1      }
 300          
 301          void smg_off()//关闭数码管，暂时的
C51 COMPILER V9.60.0.0   OCEAN                                                             12/06/2023 17:09:22 PAGE 6   

 302          {
 303   1          dspbuf[0]=10;dspbuf[1]=10;dspbuf[2]=10;dspbuf[3]=10;
 304   1          dspbuf[4]=10;dspbuf[5]=10;dspbuf[6]=10;dspbuf[7]=10;
 305   1      }
 306          
 307          void fen()
 308          {
 309   1          switch(mod)
 310   1          {
 311   2            case 1:temperature_deal();break;
 312   2            case 2:clock_deal();break;
 313   2            case 3:temperature_biao();break;
 314   2          }
 315   1      }
 316          
 317          void jidianqi_kong()
 318          {
 319   1          if(jidianqi_mod==0)//温控
 320   1          {
 321   2              if(true_temperature>temperature_standard)
 322   2              {
 323   3                  P2 = (P2&0x1F|0xA0);
 324   3                  P0 = 0x10;
 325   3                  P2 &= 0x1F;
 326   3                  relay_flag=1;
 327   3              }
 328   2              else
 329   2              {
 330   3                  P2 = (P2&0x1F|0xA0);
 331   3                  P0 = 0x00;
 332   3                  P2 &= 0x1F;
 333   3                  relay_flag=0;
 334   3              }
 335   2          }
 336   1          else
 337   1          {
 338   2              if(time_jidianqi==0)
 339   2              {
 340   3                  P2 = (P2&0x1F|0xA0);
 341   3                  P0 = 0x00;
 342   3                  P2 &= 0x1F;
 343   3                  relay_flag=0;
 344   3              }
 345   2              if(p_rtc[2]==0&&p_rtc[3]==0&&p_rtc[4]==0&&p_rtc[5]==0&&time_jidianqi==0)
 346   2              {
 347   3                  time_jidianqi=1;
 348   3              }
 349   2          }
 350   1      }
 351          
 352          
 353          void led_show()
 354          {
 355   1          //led1
 356   1          if(p_rtc[2]==0&&p_rtc[3]==0&&p_rtc[4]==0&&p_rtc[5]==0&&zhengdian==0)
 357   1          {
 358   2            Led_Flag |= 0x01;zhengdian=1;
 359   2          }
 360   1          if(p_rtc[5]>5&&zhengdian==1)
 361   1          {
 362   2            Led_Flag &= 0xfe;zhengdian=0;
 363   2          }
C51 COMPILER V9.60.0.0   OCEAN                                                             12/06/2023 17:09:22 PAGE 7   

 364   1        
 365   1          //led2
 366   1          if(jidianqi_mod == 0)
 367   1          {
 368   2            Led_Flag |= 0x02;
 369   2          }
 370   1          else
 371   1          {
 372   2            Led_Flag &= 0xfd;
 373   2          }
 374   1        
 375   1          //led3
 376   1          if(relay_flag == 1)
 377   1          {
 378   2            if(Timer_Flag == 1)
 379   2            {
 380   3              Timer_Flag=0;
 381   3            
 382   3              if((Led_Flag&0x04) == 0x04)
 383   3              {
 384   4                Led_Flag &= 0xfb;
 385   4              }
 386   3              else
 387   3              {
 388   4                Led_Flag |= 0x04;
 389   4              }
 390   3            }
 391   2          }
 392   1          else
 393   1          {
 394   2            Led_Flag &= 0xfb;
 395   2          }
 396   1          P2 = ((P2&0x1f)|0x80);
 397   1          P0 = ~Led_Flag;
 398   1          P2 &= 0x1f;
 399   1      }
 400          
 401          void Delay100ms()   //@11.0592MHz
 402          {
 403   1        unsigned char i, j, k;
 404   1      
 405   1        _nop_();
 406   1        _nop_();
 407   1        i = 5;
 408   1        j = 52;
 409   1        k = 195;
 410   1        do
 411   1        {
 412   2          do
 413   2          {
 414   3            while (--k);
 415   3          } while (--j);
 416   2        } while (--i);
 417   1      }
 418          


MODULE INFORMATION:   STATIC OVERLAYABLE
   CODE SIZE        =   1274    ----
   CONSTANT SIZE    =     24    ----
   XDATA SIZE       =   ----    ----
   PDATA SIZE       =   ----    ----
C51 COMPILER V9.60.0.0   OCEAN                                                             12/06/2023 17:09:22 PAGE 8   

   DATA SIZE        =     36    ----
   IDATA SIZE       =   ----    ----
   BIT SIZE         =      1    ----
END OF MODULE INFORMATION.


C51 COMPILATION COMPLETE.  0 WARNING(S),  0 ERROR(S)
