C51 COMPILER V9.60.0.0   ONEWIRE                                                           12/06/2023 17:09:22 PAGE 1   


C51 COMPILER V9.60.0.0, COMPILATION OF MODULE ONEWIRE
OBJECT MODULE PLACED IN .\Objects\onewire.obj
COMPILER INVOKED BY: D:\KEIL\C51\BIN\C51.EXE onewire.c OPTIMIZE(8,SPEED) BROWSE DEBUG OBJECTEXTEND PRINT(.\Listings\onew
                    -ire.lst) TABS(2) OBJECT(.\Objects\onewire.obj)

line level    source

   1          #include "reg52.h"
   2          #include "onewire.h"
   3          
   4          sbit DQ = P1^4;
   5          
   6          //单总线延时函数
   7          
   8          void Delay_OneWire(unsigned int t)  //STC12C5260S2
   9          {
  10   1        unsigned char i;
  11   1        while(t--){
  12   2          for(i=0;i<12;i++);
  13   2        }
  14   1      }
  15          
  16          
  17          //通过单总线向DS18B20写一个字节
  18          void Write_DS18B20(unsigned char dat)
  19          {
  20   1        unsigned char i;
  21   1        for(i=0;i<8;i++)
  22   1        {
  23   2          DQ = 0;
  24   2          DQ = dat&0x01;
  25   2          Delay_OneWire(5);
  26   2          DQ = 1;
  27   2          dat >>= 1;
  28   2        }
  29   1        Delay_OneWire(5);
  30   1      }
  31          
  32          //从DS18B20读取一个字节
  33          unsigned char Read_DS18B20(void)
  34          {
  35   1        unsigned char i;
  36   1        unsigned char dat;
  37   1        
  38   1        for(i=0;i<8;i++)
  39   1        {
  40   2          DQ = 0;
  41   2          dat >>= 1;
  42   2          DQ = 1;
  43   2          if(DQ)
  44   2          {
  45   3            dat |= 0x80;
  46   3          }     
  47   2          Delay_OneWire(5);
  48   2        }
  49   1        return dat;
  50   1      }
  51          
  52          //DS18B20初始化
  53          bit init_ds18b20(void)
  54          {
C51 COMPILER V9.60.0.0   ONEWIRE                                                           12/06/2023 17:09:22 PAGE 2   

  55   1          bit initflag = 0;
  56   1          
  57   1          DQ = 1;
  58   1          Delay_OneWire(12);
  59   1          DQ = 0;
  60   1          Delay_OneWire(80); // 延时大于480us
  61   1          DQ = 1;
  62   1          Delay_OneWire(10);  // 14
  63   1          initflag = DQ;     // initflag等于1初始化失败
  64   1          Delay_OneWire(5);
  65   1        
  66   1          return initflag;
  67   1      }
  68          
  69          
  70          //DS18B20温度采集程序：浮点数
  71          float rd_temperature_f(void)
  72          {
  73   1          unsigned int temp;
  74   1        float temperature;
  75   1          unsigned char low,high;
  76   1        
  77   1          init_ds18b20();
  78   1          Write_DS18B20(0xCC);
  79   1          Write_DS18B20(0x44); //启动温度转换
  80   1          Delay_OneWire(200);
  81   1      
  82   1          init_ds18b20();
  83   1          Write_DS18B20(0xCC);
  84   1          Write_DS18B20(0xBE); //读取寄存器
  85   1      
  86   1          low = Read_DS18B20(); //低字节
  87   1          high = Read_DS18B20(); //高字节
  88   1      /** 精度为0.0625摄氏度 */  
  89   1        temp = (high&0x0f);
  90   1        temp <<= 8;
  91   1        temp |= low;
  92   1        temperature = temp*0.0625;
  93   1        
  94   1          return temperature;
  95   1      }
  96          


MODULE INFORMATION:   STATIC OVERLAYABLE
   CODE SIZE        =    208    ----
   CONSTANT SIZE    =   ----    ----
   XDATA SIZE       =   ----    ----
   PDATA SIZE       =   ----    ----
   DATA SIZE        =   ----    ----
   IDATA SIZE       =   ----    ----
   BIT SIZE         =   ----       1
END OF MODULE INFORMATION.


C51 COMPILATION COMPLETE.  0 WARNING(S),  0 ERROR(S)
