C51 COMPILER V9.60.0.0   BSP_KEY                                                           04/07/2023 21:29:01 PAGE 1   


C51 COMPILER V9.60.0.0, COMPILATION OF MODULE BSP_KEY
OBJECT MODULE PLACED IN .\Objects\bsp_key.obj
COMPILER INVOKED BY: D:\study\danpianjixilie\keil\C51\BIN\C51.EXE User\bsp_key.c OPTIMIZE(8,SPEED) BROWSE DEBUG OBJECTEX
                    -TEND PRINT(.\Listings\bsp_key.lst) TABS(2) OBJECT(.\Objects\bsp_key.obj)

line level    source

   1          #include "bsp_key.h"
   2          
   3          
   4          unsigned char Key_Read()
   5          {
   6   1        unsigned int temp;
   7   1        unsigned char Key_Value;
   8   1        
   9   1        P44=0;P42=1;P35=1;P34=1;
  10   1        temp=P3&0x0f;
  11   1        P42=0;P44=1;P35=1;P34=1;
  12   1        temp=(temp<<4)|(P3&0x0f); 
  13   1        P35=0;P42=1;P44=1;P34=1;
  14   1        temp=(temp<<4)|(P3&0x0f);   
  15   1        P34=0;P42=1;P35=1;P44=1;
  16   1        temp=(temp<<4)|(P3&0x0f);
  17   1      
  18   1        switch(~temp)
  19   1        {
  20   2          case 0x8000:Key_Value=4;break;
  21   2          case 0x4000:Key_Value=5;break;    
  22   2          case 0x2000:Key_Value=6;break;    
  23   2          case 0x1000:Key_Value=7;break;  
  24   2          
  25   2          case 0x0800:Key_Value=8;break;    
  26   2          case 0x0400:Key_Value=9;break;    
  27   2          case 0x0200:Key_Value=10;break;   
  28   2          case 0x0100:Key_Value=11;break; 
  29   2      
  30   2          case 0x0080:Key_Value=12;break;   
  31   2          case 0x0040:Key_Value=13;break;   
  32   2          case 0x0020:Key_Value=14;break;
  33   2          case 0x0010:Key_Value=15;break;
  34   2      
  35   2          case 0x0008:Key_Value=16;break;
  36   2          case 0x0004:Key_Value=17;break;
  37   2          case 0x0002:Key_Value=18;break;
  38   2          case 0x0001:Key_Value=19;break;
  39   2          default:Key_Value=0;break;
  40   2        }
  41   1      
  42   1        
  43   1        return Key_Value;
  44   1        
  45   1        
  46   1      }
  47          
  48          
  49          
  50          
  51          


MODULE INFORMATION:   STATIC OVERLAYABLE
C51 COMPILER V9.60.0.0   BSP_KEY                                                           04/07/2023 21:29:01 PAGE 2   

   CODE SIZE        =    263    ----
   CONSTANT SIZE    =   ----    ----
   XDATA SIZE       =   ----    ----
   PDATA SIZE       =   ----    ----
   DATA SIZE        =   ----       1
   IDATA SIZE       =   ----    ----
   BIT SIZE         =   ----    ----
END OF MODULE INFORMATION.


C51 COMPILATION COMPLETE.  0 WARNING(S),  0 ERROR(S)
