C51 COMPILER V9.60.0.0   INIT                                                              04/07/2023 21:29:01 PAGE 1   


C51 COMPILER V9.60.0.0, COMPILATION OF MODULE INIT
OBJECT MODULE PLACED IN .\Objects\Init.obj
COMPILER INVOKED BY: D:\study\danpianjixilie\keil\C51\BIN\C51.EXE User\Init.c OPTIMIZE(8,SPEED) BROWSE DEBUG OBJECTEXTEN
                    -D PRINT(.\Listings\Init.lst) TABS(2) OBJECT(.\Objects\Init.obj)

line level    source

   1          #include "Init.h"
   2          
   3          
   4          void Initsystem()
   5          {
   6   1        
   7   1        P0=0;
   8   1        P2=(P2&0X1F)|0XA0;
   9   1        P2=P2&0X1F;
  10   1        P0=0XFF;
  11   1        P2=(P2&0X1F)|0X80;
  12   1        P2=P2&0X1F; 
  13   1        
  14   1        
  15   1        
  16   1        
  17   1      }
  18          


MODULE INFORMATION:   STATIC OVERLAYABLE
   CODE SIZE        =     29    ----
   CONSTANT SIZE    =   ----    ----
   XDATA SIZE       =   ----    ----
   PDATA SIZE       =   ----    ----
   DATA SIZE        =   ----    ----
   IDATA SIZE       =   ----    ----
   BIT SIZE         =   ----    ----
END OF MODULE INFORMATION.


C51 COMPILATION COMPLETE.  0 WARNING(S),  0 ERROR(S)
