C51 COMPILER V9.60.0.0   SEG                                                               04/07/2023 21:29:01 PAGE 1   


C51 COMPILER V9.60.0.0, COMPILATION OF MODULE SEG
OBJECT MODULE PLACED IN .\Objects\seg.obj
COMPILER INVOKED BY: D:\study\danpianjixilie\keil\C51\BIN\C51.EXE User\seg.c OPTIMIZE(8,SPEED) BROWSE DEBUG OBJECTEXTEND
                    - PRINT(.\Listings\seg.lst) TABS(2) OBJECT(.\Objects\seg.obj)

line level    source

   1          #include "seg.h"
   2          
   3          
   4          void Seg_Tran(unsigned char *seg_string,unsigned char *seg_buf)
   5          {
   6   1        unsigned char i;
   7   1        unsigned char j;
   8   1        unsigned char temp;
   9   1        
  10   1        for(i=0,j=0;i<8;i++,j++)
  11   1        {
  12   2          switch(seg_string[j])
  13   2          {
  14   3            case '0':temp=0xc0;break;
  15   3            case '1':temp=0xf9;break;     
  16   3            case '2':temp=0xa4;break;     
  17   3            case '3':temp=0xb0;break;     
  18   3            case '4':temp=0x99;break;   
  19   3            case '5':temp=0x92;break;   
  20   3            case '6':temp=0x82;break;   
  21   3            case '7':temp=0xF8;break;   
  22   3            case '8':temp=0x80;break;
  23   3            case '9':temp=0x90;break;
  24   3            case 'A':temp=0x88;break;
  25   3            case 'B':temp=0x83;break;
  26   3            case 'C':temp=0xC6;break;
  27   3            case 'D':temp=0xA1;break;
  28   3            case 'E':temp=0x86;break;
  29   3            
  30   3            case 'U':temp=0xC1;break;     
  31   3            
  32   3            
  33   3            case ' ':temp=0xFF;break;     
  34   3            case '-':temp=0xBF;break;
  35   3            default :temp=0xFF;break;
  36   3          }
  37   2          
  38   2          if(seg_string[j+1]=='.')
  39   2          {
  40   3            temp&=0x7f;
  41   3            j++;
  42   3            
  43   3          }
  44   2          seg_buf[i]=temp;
  45   2        }
  46   1        
  47   1      }
  48          
  49          
  50          void Seg_Disp(unsigned char *seg_buf,unsigned char pos)
  51          {
  52   1        P0=0X01<<pos;
  53   1        P2=(P2&0x1f)|0xc0;
  54   1        P2&=0x1f;
C51 COMPILER V9.60.0.0   SEG                                                               04/07/2023 21:29:01 PAGE 2   

  55   1        
  56   1        
  57   1        P0=seg_buf[pos];
  58   1        P2=(P2&0x1f)|0xe0;
  59   1        P2&=0x1f; 
  60   1        
  61   1      
  62   1      }
  63          
  64          
  65          
  66          


MODULE INFORMATION:   STATIC OVERLAYABLE
   CODE SIZE        =    288    ----
   CONSTANT SIZE    =   ----    ----
   XDATA SIZE       =   ----    ----
   PDATA SIZE       =   ----    ----
   DATA SIZE        =   ----       9
   IDATA SIZE       =   ----    ----
   BIT SIZE         =   ----    ----
END OF MODULE INFORMATION.


C51 COMPILATION COMPLETE.  0 WARNING(S),  0 ERROR(S)
