C51 COMPILER V9.60.0.0   UART                                                              04/07/2023 21:29:02 PAGE 1   


C51 COMPILER V9.60.0.0, COMPILATION OF MODULE UART
OBJECT MODULE PLACED IN .\Objects\uart.obj
COMPILER INVOKED BY: D:\study\danpianjixilie\keil\C51\BIN\C51.EXE User\uart.c OPTIMIZE(8,SPEED) BROWSE DEBUG OBJECTEXTEN
                    -D PRINT(.\Listings\uart.lst) TABS(2) OBJECT(.\Objects\uart.obj)

line level    source

   1          #include "uart.h"
   2          
   3          
   4          void UartInit(void)   //9600bps@12.000MHz
   5          {
   6   1        SCON = 0x50;    //8位数据,可变波特率
   7   1        AUXR |= 0x01;   //串口1选择定时器2为波特率发生器
   8   1        AUXR &= 0xFB;   //定时器2时钟为Fosc/12,即12T
   9   1        T2L = 0xE6;   //设定定时初值
  10   1        T2H = 0xFF;   //设定定时初值
  11   1        AUXR |= 0x10;   //启动定时器2
  12   1        ES=1;
  13   1        EA=1;
  14   1      }
  15          
  16          void sendByte(unsigned char dat)
  17          {
  18   1        SBUF=dat;
  19   1        while(!TI);
  20   1        TI=0;
  21   1      
  22   1      }
  23          
  24          void sendString(unsigned char *uart_T_sting)
  25          {
  26   1        while(*uart_T_sting!='\0')
  27   1        {
  28   2        sendByte(*uart_T_sting++);
  29   2        }
  30   1      
  31   1        
  32   1        
  33   1      }
  34          


MODULE INFORMATION:   STATIC OVERLAYABLE
   CODE SIZE        =     68    ----
   CONSTANT SIZE    =   ----    ----
   XDATA SIZE       =   ----    ----
   PDATA SIZE       =   ----    ----
   DATA SIZE        =   ----       3
   IDATA SIZE       =   ----    ----
   BIT SIZE         =   ----    ----
END OF MODULE INFORMATION.


C51 COMPILATION COMPLETE.  0 WARNING(S),  0 ERROR(S)
