C51 COMPILER V9.60.0.0   PWM                                                               04/07/2023 15:04:32 PAGE 1   


C51 COMPILER V9.60.0.0, COMPILATION OF MODULE PWM
OBJECT MODULE PLACED IN .\Objects\pwm.obj
COMPILER INVOKED BY: D:\study\danpianjixilie\keil\C51\BIN\C51.EXE pwm.c OPTIMIZE(8,SPEED) BROWSE DEBUG OBJECTEXTEND PRIN
                    -T(.\Listings\pwm.lst) TABS(2) OBJECT(.\Objects\pwm.obj)

line level    source

   1          /*******************************************************************************  
   2          * 文件名称：DS18B20温度传感器实验
   3          * 实验目的：1.掌握单总线通讯基本特点和工作时序
   4          *           2.掌握51单片机模拟单总线时序的程序设计方法
   5          *           3.掌握DS18B20温度传感器的操作方法
   6          * 实验配置：J3跳线配置为IO方式，J5配置为BTN、J2配置为1-3和2-4
   7          * 程序现象：用手触摸温度传感器，数码管显示有变化
   8          * 硬件说明：IAP15F2K61S2@11.0592MHz
   9          * 注意事项：测量精度为1摄氏度
  10          * 日期版本：2019-6-24/V2.0
  11          *******************************************************************************/
  12          
  13          #include "reg52.h"  //定义51单片机特殊功能寄存器
  14          #include "absacc.h"
  15          
  16          sfr AUXR = 0x8E;
  17          sbit shu=P3^4;
  18           
  19          code unsigned char tab[] = {0xc0,0xf9,0xa4,0xb0,0x99,0x92,0x82,0xf8,0x80,0x90,0xff};
  20          unsigned char dspbuf[8] = {10,10,10,10,10,10,10,10};//显示缓冲区
  21          
  22          void display(void);
  23          
  24          unsigned char show=0;
  25          unsigned char wei=0;
  26          unsigned char weishu=0;
  27          unsigned char wei_flag=0;
  28          
  29          void cls_led()
  30          {
  31   1        P2 = ((P2&0x1f)|0x80); 
  32   1        P0 = 0xFF;
  33   1        P2 &= 0x1f;
  34   1      }
  35          
  36          void cls_buzz()
  37          {
  38   1        P2 = ((P2&0x1f)|0xA0); 
  39   1        P0 = 0x00;
  40   1        P2 &= 0x1f;
  41   1      }
  42          
  43          
  44          void Timer0Init(void)   //1微秒@12.000MHz
  45          {
  46   1        //AUXR &= 0x7F;   //定时器时钟12T模式
  47   1        TMOD = 0xF0;    //设置定时器模式
  48   1        TL0 = 0xFF;   //设置定时初值
  49   1        TH0 = 0xFF;   //设置定时初值
  50   1        TF0 = 0;    //清除TF0标志
  51   1        TR0 = 1;    //定时器0开始计时
  52   1        ET0 = 1;
  53   1      }
  54          
C51 COMPILER V9.60.0.0   PWM                                                               04/07/2023 15:04:32 PAGE 2   

  55          void Timer1Init(void)   //1000微秒@12.000MHz
  56          {
  57   1        //AUXR &= 0xBF;   //定时器时钟12T模式
  58   1        TMOD &= 0x0F;   //设置定时器模式
  59   1        TL1 = 0x18;   //设置定时初值
  60   1        TH1 = 0xFC;   //设置定时初值
  61   1        TF1 = 0;    //清除TF1标志
  62   1        TR1 = 1;    //定时器1开始计时
  63   1        ET1 = 1;
  64   1      }
  65          
  66          //主函数
  67          void main(void)
  68          { 
  69   1          cls_buzz();
  70   1          cls_led();   
  71   1          Timer0Init();
  72   1          Timer1Init();
  73   1          EA=1;
  74   1          while(1)
  75   1          {
  76   2            if(wei_flag==1)
  77   2            {
  78   3                wei_flag=0;
  79   3                weishu=1<<wei;
  80   3                if(++wei==8){wei=0;}
  81   3            }
  82   2          }
  83   1      }
  84          
  85          //定时器中断服务函数
  86          void isr_timer_0(void)  interrupt 1  //默认中断优先级 1
  87          {
  88   1          static unsigned int intr;
  89   1          intr++;
  90   1          if(intr <= 100)  //200us高电平
  91   1          {
  92   2              P0=weishu;
  93   2              P2 = ((P2&0x1f)|0x80); 
  94   2              P2 &= 0x1f;
  95   2          }
  96   1          if(intr>100&&intr<1000)
  97   1          {
  98   2              P0=0xff;
  99   2              P2 = ((P2&0x1f)|0x80); 
 100   2              P2 &= 0x1f;
 101   2          }
 102   1          if(intr==1000)
 103   1          {
 104   2             intr=0;
 105   2          }
 106   1      }
 107          
 108          void isr_timer_1(void)  interrupt 3  //默认中断优先级 1
 109          {
 110   1          static unsigned int a;
 111   1          if(++a==1000)
 112   1          {
 113   2              a=0;
 114   2              wei_flag=1;
 115   2          }
 116   1      }
C51 COMPILER V9.60.0.0   PWM                                                               04/07/2023 15:04:32 PAGE 3   

 117          
 118          //显示函数
 119          void display(void)
 120          {   
 121   1        static unsigned char dspcom = 0;
 122   1        P2 = ((P2&0x1f)|0xE0);   //段选573
 123   1        P0 = 0xff;               //消隐段码
 124   1        P2 &= 0x1f; 
 125   1      
 126   1        P0 = 1<<dspcom;          //循环位选
 127   1        P2 = ((P2&0x1f)|0xC0);   //位选573
 128   1        P2 &= 0x1f;
 129   1        
 130   1        P0 = tab[dspbuf[dspcom]];//显示段码
 131   1        P2 = ((P2&0x1f)|0xE0);   //段选573
 132   1        P2 &= 0x1f;               
 133   1        
 134   1          if(++dspcom == 8){
 135   2              dspcom = 0;
 136   2          }    
 137   1      }


MODULE INFORMATION:   STATIC OVERLAYABLE
   CODE SIZE        =    321    ----
   CONSTANT SIZE    =     11    ----
   XDATA SIZE       =   ----    ----
   PDATA SIZE       =   ----    ----
   DATA SIZE        =     17    ----
   IDATA SIZE       =   ----    ----
   BIT SIZE         =   ----    ----
END OF MODULE INFORMATION.


C51 COMPILATION COMPLETE.  0 WARNING(S),  0 ERROR(S)
