C51 COMPILER V9.60.0.0   MAIN                                                              04/05/2023 19:50:54 PAGE 1   


C51 COMPILER V9.60.0.0, COMPILATION OF MODULE MAIN
OBJECT MODULE PLACED IN .\Objects\main.obj
COMPILER INVOKED BY: D:\study\danpianjixilie\keil\C51\BIN\C51.EXE main.c OPTIMIZE(8,SPEED) BROWSE DEBUG OBJECTEXTEND PRI
                    -NT(.\Listings\main.lst) TABS(2) OBJECT(.\Objects\main.obj)

line level    source

   1          #include "reg52.h"
   2          #include "SMG.h"
   3          
   4          unsigned int count_f=0;
   5          unsigned int count_dat=0;
   6          unsigned int count_t=0; 
   7          
   8          
   9          void cls_buzz()
  10          {
  11   1        P0=0;
  12   1        Select573(5);
  13   1        Select573(0);
  14   1        
  15   1      }
  16          
  17          void cls_led()
  18          {
  19   1        P0=0XFF;
  20   1        Select573(4);
  21   1        Select573(0);
  22   1        
  23   1      }
  24          
  25          
  26          
  27          void InitSystem()
  28          {
  29   1        cls_buzz();
  30   1        cls_led();
  31   1      
  32   1      }
  33          void InitT()
  34          {
  35   1        TH0=0XFF;
  36   1        TL0=0XFF;
  37   1        TH1=(65535-1000)/256;
  38   1        TL1=(65535-1000)%256;
  39   1        TMOD=0X04;
  40   1        ET0=1;
  41   1        ET1=1;
  42   1        EA=1;
  43   1        TR0=1;
  44   1        TR1=1;
  45   1      
  46   1      }
  47          
  48          void Service_T0() interrupt 1
  49          {
  50   1        count_f++;
  51   1      }
  52          
  53          void Service_T1() interrupt 3
  54          {
C51 COMPILER V9.60.0.0   MAIN                                                              04/05/2023 19:50:54 PAGE 2   

  55   1      //  TH1=(65535-1000)/256;
  56   1      //  TL1=(65535-1000)%256;
  57   1        count_t++;
  58   1        if(count_t==1000)
  59   1        {
  60   2          count_dat=count_f*4;
  61   2          count_f=0;
  62   2          count_t=0;
  63   2        }
  64   1        
  65   1        
  66   1      }
  67          void Display()
  68          {
  69   1        
  70   1        SMG_bit(0,0x8e);
  71   1        SMG_delay(500);
  72   1      
  73   1        if(count_dat>=1000)
  74   1        {
  75   2        SMG_bit(4,SMG_duanma[count_dat/1000%10]);
  76   2        SMG_delay(500);
  77   2        }
  78   1        if(count_dat>=10000)
  79   1        {
  80   2        SMG_bit(3,SMG_duanma[count_dat/10000]);
  81   2        SMG_delay(500);
  82   2        }
  83   1        SMG_bit(5,SMG_duanma[count_dat/100%10]);
  84   1        SMG_delay(500); 
  85   1        SMG_bit(6,SMG_duanma[count_dat/10%10]);
  86   1        SMG_delay(500); 
  87   1        SMG_bit(7,SMG_duanma[count_dat%10]);
  88   1        SMG_delay(500);
  89   1        SMG_bit(7,0xff);  
  90   1      }
  91          
  92          void main()
  93          {
  94   1        InitSystem();
  95   1        InitT();
  96   1        while(1)
  97   1        {
  98   2          Display();
  99   2        }
 100   1        
 101   1        
 102   1      }


MODULE INFORMATION:   STATIC OVERLAYABLE
   CODE SIZE        =    356    ----
   CONSTANT SIZE    =   ----    ----
   XDATA SIZE       =   ----    ----
   PDATA SIZE       =   ----    ----
   DATA SIZE        =     17    ----
   IDATA SIZE       =   ----    ----
   BIT SIZE         =   ----    ----
END OF MODULE INFORMATION.


C51 COMPILATION COMPLETE.  0 WARNING(S),  0 ERROR(S)
