C51 COMPILER V9.60.0.0   INIT                                                              06/09/2023 10:56:56 PAGE 1   


C51 COMPILER V9.60.0.0, COMPILATION OF MODULE INIT
OBJECT MODULE PLACED IN .\Objects\init.obj
COMPILER INVOKED BY: D:\study\danpianjixilie\keil\C51\BIN\C51.EXE init.c OPTIMIZE(8,SPEED) BROWSE DEBUG OBJECTEXTEND PRI
                    -NT(.\Listings\init.lst) TABS(2) OBJECT(.\Objects\init.obj)

line level    source

   1          #include "init.h"
   2          
   3          
   4          void close_buzz()
   5          {
   6   1          P0=0x00;
   7   1          P2=(P2&0x1f)|0xa0;
   8   1          P2&=0x1f;
   9   1      }
  10          
  11          void close_led()
  12          {
  13   1          P0=0xff;
  14   1          P2=(P2&0x1f)|0x80;
  15   1          P2&=0x1f;
  16   1      }
  17          
  18          void Timer2Init(void)   //1000微秒@12.000MHz
  19          {
  20   1        AUXR &= 0xFB;   //定时器时钟12T模式
  21   1        T2L = 0x18;   //设置定时初值
  22   1        T2H = 0xFC;   //设置定时初值
  23   1        AUXR |= 0x10;   //定时器2开始计时
  24   1        IE2 |= 0x04;    //开定时器2中断
  25   1      }
  26          


MODULE INFORMATION:   STATIC OVERLAYABLE
   CODE SIZE        =     46    ----
   CONSTANT SIZE    =   ----    ----
   XDATA SIZE       =   ----    ----
   PDATA SIZE       =   ----    ----
   DATA SIZE        =   ----    ----
   IDATA SIZE       =   ----    ----
   BIT SIZE         =   ----    ----
END OF MODULE INFORMATION.


C51 COMPILATION COMPLETE.  0 WARNING(S),  0 ERROR(S)
