C51 COMPILER V9.60.0.0   ZHU                                                               06/09/2023 10:47:38 PAGE 1   


C51 COMPILER V9.60.0.0, COMPILATION OF MODULE ZHU
OBJECT MODULE PLACED IN .\Objects\zhu.obj
COMPILER INVOKED BY: D:\study\danpianjixilie\keil\C51\BIN\C51.EXE zhu.c OPTIMIZE(8,SPEED) BROWSE DEBUG OBJECTEXTEND PRIN
                    -T(.\Listings\zhu.lst) TABS(2) OBJECT(.\Objects\zhu.obj)

line level    source

   1          #include "init.h"
   2          #include "show.h"
   3          
   4          extern unsigned char buffer[];
   5          
   6          void main()
   7          {
   8   1          close_buzz();
   9   1          close_led();
  10   1          Timer2Init();
  11   1          EA=1;
  12   1          while(1)
  13   1          {
  14   2              buffer[2]=1;
  15   2              buffer[3]=1;
  16   2              buffer[4]=4;
  17   2              buffer[5]=5;
  18   2              buffer[6]=1;          
  19   2              buffer[7]=4;
  20   2          }
  21   1      }
  22          
  23          void timer2_proc() interrupt 12
  24          {
  25   1          display();
  26   1      }


MODULE INFORMATION:   STATIC OVERLAYABLE
   CODE SIZE        =     90    ----
   CONSTANT SIZE    =   ----    ----
   XDATA SIZE       =   ----    ----
   PDATA SIZE       =   ----    ----
   DATA SIZE        =   ----    ----
   IDATA SIZE       =   ----    ----
   BIT SIZE         =   ----    ----
END OF MODULE INFORMATION.


C51 COMPILATION COMPLETE.  0 WARNING(S),  0 ERROR(S)
