C51 COMPILER V9.60.0.0   ULTRASONIC                                                        02/25/2023 16:24:26 PAGE 1   


C51 COMPILER V9.60.0.0, COMPILATION OF MODULE ULTRASONIC
OBJECT MODULE PLACED IN .\Objects\Ultrasonic.obj
COMPILER INVOKED BY: D:\study\danpianjixilie\keil\C51\BIN\C51.EXE Ultrasonic.c OPTIMIZE(8,SPEED) BROWSE INCDIR(..\8-1) D
                    -EBUG OBJECTEXTEND PRINT(.\Listings\Ultrasonic.lst) TABS(2) OBJECT(.\Objects\Ultrasonic.obj)

line level    source

   1          #include "Ultrasonic.h"
   2          #include "reg52.h"
   3          #include "intrins.h"
   4          
   5          #define somenop {_nop_();_nop_();_nop_();_nop_();_nop_();_nop_();_nop_();_nop_();_nop_();_nop_();_nop_();_
             -nop_();_nop_();_nop_();_nop_();}
   6          
   7          sbit TX = P1^0;  //发射引脚
   8          sbit RX = P1^1;  //接收引脚
   9          
  10          void ceju(unsigned int distance,unsigned int time)
  11          {
  12   1          send_wave();  //发送方波信号
  13   1          TR1 = 1;  //启动计时
  14   1          while((RX == 1) && (TF1 == 0));  //等待收到脉冲，没有计满溢出
  15   1          TR1 = 0;  //关闭计时
  16   1      
  17   1          //发生溢出
  18   1          if(TF1 == 1)
  19   1          {
  20   2              TF1 = 0;
  21   2              distance = 888;  //无返回
  22   2          }
  23   1          else
  24   1          {
  25   2          /**  计算时间  */
  26   2              time = TH1;
  27   2              time <<= 8;
  28   2              time |= TL1;
  29   2              distance = (unsigned int)(time*0.017);  //计算距离        
  30   2          }
  31   1          TH1 = 0;
  32   1          TL1 = 0;
  33   1      }
  34          
  35                           
  36          void send_wave()
  37          {
  38   1        unsigned char i = 8;  //发送8个脉冲
  39   1        
  40   1        do
  41   1        {
  42   2          TX = 1;
  43   2          somenop;somenop;somenop;somenop;somenop;somenop;somenop;somenop;
  44   2          somenop;somenop;somenop;somenop;somenop;somenop;somenop;somenop;
  45   2          TX = 0;
  46   2          somenop;somenop;somenop;somenop;somenop;somenop;somenop;somenop;
  47   2          somenop;somenop;somenop;somenop;somenop;somenop;somenop;somenop;
  48   2        }
  49   1        while(i--);
  50   1      }


MODULE INFORMATION:   STATIC OVERLAYABLE
C51 COMPILER V9.60.0.0   ULTRASONIC                                                        02/25/2023 16:24:26 PAGE 2   

   CODE SIZE        =    581    ----
   CONSTANT SIZE    =   ----    ----
   XDATA SIZE       =   ----    ----
   PDATA SIZE       =   ----    ----
   DATA SIZE        =   ----       4
   IDATA SIZE       =   ----    ----
   BIT SIZE         =   ----    ----
END OF MODULE INFORMATION.


C51 COMPILATION COMPLETE.  0 WARNING(S),  0 ERROR(S)
