C51 COMPILER V9.60.0.0   ASCII                                                             03/29/2023 19:12:39 PAGE 1   


C51 COMPILER V9.60.0.0, COMPILATION OF MODULE ASCII
OBJECT MODULE PLACED IN .\Objects\ascii.obj
COMPILER INVOKED BY: D:\study\danpianjixilie\keil\C51\BIN\C51.EXE ascii.c OPTIMIZE(8,SPEED) BROWSE DEBUG OBJECTEXTEND PR
                    -INT(.\Listings\ascii.lst) TABS(2) OBJECT(.\Objects\ascii.obj)

line level    source

   1          #include "STC15F2K60S2.h"
   2          #include "iic.h"
   3          
   4          code unsigned char duanma[]={0xC0,0xF9,0xA4,0xB0,0x99,0x92,0x82,0xF8,0x80,0x90,0xff,
   5                                       0x40,0x79,0x24,0x30,0x19,0x12,0x02,0x78,0x00,0x10,0xff,
   6                                       0xc1,0x8c,0xab};
   7          unsigned char buffer[]={10,10,10,10,10,10,10,10};
   8          
   9          unsigned char weima;
  10          unsigned char key_value;
  11          unsigned char old_key_value;
  12          unsigned char show_mod=1;
  13          unsigned char old_show_mod;
  14          unsigned char adc_value;
  15          unsigned char adc_flag=0;
  16          unsigned char times=0;
  17          unsigned char write_flag=0;
  18          float voltage;
  19          float old_voltage;
  20          float voltage_standard=3;
  21          unsigned char voltage_standard_stand;
  22          
  23          unsigned char read_key();
  24          void display();
  25          void key_proc();
  26          void show_fen();
  27          void show_adc();
  28          void show_standard();
  29          void show_times();
  30          
  31          void close_buzz()
  32          {
  33   1          P0=0x00;
  34   1          P2=(P2&0x1f)|0xa0;
  35   1          P2&=0x1f;
  36   1      }
  37          
  38          void close_led()
  39          {
  40   1          P0=0xff;
  41   1          P2=(P2&0x1f)|0x80;
  42   1          P2&=0x1f;
  43   1      }
  44          
  45          void Timer0Init(void)   //1000微秒@12.000MHz
  46          {
  47   1        AUXR |= 0x80;   //定时器时钟1T模式
  48   1        TMOD &= 0xF0;   //设置定时器模式
  49   1        TL0 = 0x20;   //设置定时初值
  50   1        TH0 = 0xD1;   //设置定时初值
  51   1        TF0 = 0;    //清除TF0标志
  52   1        TR0 = 1;    //定时器0开始计时
  53   1        ET0 = 1;
  54   1      }
C51 COMPILER V9.60.0.0   ASCII                                                             03/29/2023 19:12:39 PAGE 2   

  55          
  56          void main()
  57          {
  58   1          close_buzz();
  59   1          close_led();
  60   1          Timer0Init();
  61   1          
  62   1          voltage_standard_stand=read_eeprom(0x00);
  63   1          voltage_standard=((float)voltage_standard_stand)/10;
  64   1        
  65   1          pfc8591_init();
  66   1          EA=1;
  67   1          while(1)
  68   1          {
  69   2              if(adc_flag)
  70   2              {
  71   3                  adc_flag=0;
  72   3                  adc_value=adc();
  73   3                  old_voltage=voltage;
  74   3                  voltage=adc_value*0.0196;
  75   3                  if(old_voltage>voltage_standard&&voltage<voltage_standard)
  76   3                  {times++;}
  77   3              }
  78   2              show_fen();
  79   2          }
  80   1      }
  81          
  82          void timer0_proc() interrupt 1
  83          {
  84   1          static unsigned char a;
  85   1          static unsigned char adc_time;
  86   1          display();
  87   1          if(++a==10)
  88   1          {
  89   2              a=0;
  90   2              old_key_value=key_value;
  91   2              key_value=read_key();
  92   2              if(old_key_value<key_value){key_proc();}
  93   2          }
  94   1          if(++adc_time==50)
  95   1          {
  96   2              adc_time=0;
  97   2              adc_flag=1;
  98   2          }
  99   1      }
 100          
 101          unsigned char read_key()
 102          {
 103   1          unsigned char key;
 104   1          unsigned int stand;
 105   1          
 106   1          P3|=0x0f;
 107   1          P44=0;P42=1;P35=1;P34=1;
 108   1          stand=P3&0x0f;
 109   1          P44=1;P42=0;P35=1;P34=1;
 110   1          stand=(stand<<4)|(P3&0x0f);
 111   1          P44=1;P42=1;P35=0;P34=1;
 112   1          stand=(stand<<4)|(P3&0x0f);
 113   1          P44=1;P42=1;P35=1;P34=0;
 114   1          stand=(stand<<4)|(P3&0x0f);
 115   1        
 116   1          switch(~stand)
C51 COMPILER V9.60.0.0   ASCII                                                             03/29/2023 19:12:39 PAGE 3   

 117   1          {
 118   2            case 0x1000:key=1;break;
 119   2            case 0x0100:key=2;break;
 120   2            case 0x0010:key=3;break;
 121   2            case 0x0001:key=4;break;
 122   2            case 0x2000:key=5;break;
 123   2            case 0x0200:key=6;break;
 124   2            case 0x0020:key=7;break;
 125   2            case 0x0002:key=8;break;
 126   2            case 0x4000:key=9;break;
 127   2            case 0x0400:key=10;break;
 128   2            case 0x0040:key=11;break;
 129   2            case 0x0004:key=12;break;
 130   2            case 0x8000:key=13;break;
 131   2            case 0x0800:key=14;break;
 132   2            case 0x0080:key=15;break;
 133   2            case 0x0008:key=16;break;
 134   2            default:key=0;break;
 135   2          }
 136   1          
 137   1          return key;
 138   1      }
 139          
 140          void display()
 141          {
 142   1          P0=0xff;
 143   1          P2=(P2&0x1f)|0xe0;
 144   1          P2&=0x1f;
 145   1        
 146   1          P0=1<<weima;
 147   1          P2=(P2&0x1f)|0xc0;
 148   1          P2&=0x1f;
 149   1        
 150   1          P0=duanma[buffer[weima]];
 151   1          P2=(P2&0x1f)|0xe0;
 152   1          P2&=0x1f;
 153   1        
 154   1          if(++weima==8){weima=0;}
 155   1      }
 156          
 157          void key_proc()
 158          {
 159   1          switch(key_value)
 160   1          {
 161   2            case 15:
 162   2            {
 163   3                show_mod++;
 164   3                if(show_mod==4)
 165   3                {
 166   4                    show_mod=1;
 167   4                    voltage_standard_stand=voltage_standard*10;
 168   4                    write_eeprom(0x00,voltage_standard_stand);
 169   4                }
 170   3            }break;
 171   2            case 16:
 172   2            {
 173   3                if(show_mod==2)
 174   3                {
 175   4                    voltage_standard+=0.5;
 176   4                    if(voltage_standard==5.5){voltage_standard=0;}
 177   4                }
 178   3            }break;
C51 COMPILER V9.60.0.0   ASCII                                                             03/29/2023 19:12:39 PAGE 4   

 179   2            case 12:
 180   2            {
 181   3                if(show_mod==2)
 182   3                {
 183   4                    voltage_standard-=0.5;
 184   4                    if(voltage_standard<0){voltage_standard=5;}
 185   4                }
 186   3            }break;
 187   2            case 11:
 188   2            {
 189   3                if(show_mod==3)
 190   3                {
 191   4                    times=0;
 192   4                }
 193   3            }break;
 194   2          }
 195   1      }
 196          
 197          void show_fen()
 198          {
 199   1          switch(show_mod)
 200   1          {
 201   2            case 1:show_adc();break;
 202   2            case 2:show_standard();break;
 203   2            case 3:show_times();break;
 204   2          }
 205   1      }
 206          
 207          void show_adc()
 208          {
 209   1          buffer[0]=22;buffer[1]=10;buffer[2]=10;buffer[3]=10;buffer[4]=10;
 210   1          buffer[5]=((int)(voltage*100))/100+11;
 211   1          buffer[6]=((int)(voltage*100))%100/10;
 212   1          buffer[7]=((int)(voltage*100))%10;
 213   1      }
 214          
 215          void show_standard()
 216          {
 217   1          buffer[0]=23;buffer[1]=10;buffer[2]=10;buffer[3]=10;buffer[4]=10;
 218   1          buffer[5]=((int)(voltage_standard*100))/100+11;
 219   1          buffer[6]=((int)(voltage_standard*100))%100/10;
 220   1          buffer[7]=((int)(voltage_standard*100))%10;
 221   1      //    buffer[5]=voltage_standard_stand/100;
 222   1      //    buffer[6]=voltage_standard_stand%100/10;
 223   1      //    buffer[7]=voltage_standard_stand%10;
 224   1      }
 225          
 226          void show_times()
 227          {
 228   1          buffer[0]=24;buffer[1]=10;buffer[2]=10;buffer[3]=10;buffer[4]=10;
 229   1          buffer[5]=10;
 230   1          buffer[6]=times/10;
 231   1          buffer[7]=times%10;
 232   1      }


MODULE INFORMATION:   STATIC OVERLAYABLE
   CODE SIZE        =   1104    ----
   CONSTANT SIZE    =     25    ----
   XDATA SIZE       =   ----    ----
   PDATA SIZE       =   ----    ----
   DATA SIZE        =     32       1
C51 COMPILER V9.60.0.0   ASCII                                                             03/29/2023 19:12:39 PAGE 5   

   IDATA SIZE       =   ----    ----
   BIT SIZE         =   ----    ----
END OF MODULE INFORMATION.


C51 COMPILATION COMPLETE.  0 WARNING(S),  0 ERROR(S)
