C51 COMPILER V9.60.0.0   IOSMG                                                             01/05/2023 14:46:09 PAGE 1   


C51 COMPILER V9.60.0.0, COMPILATION OF MODULE IOSMG
OBJECT MODULE PLACED IN .\Objects\IOSMG.obj
COMPILER INVOKED BY: D:\study\danpianjixilie\keil\C51\BIN\C51.EXE IOSMG.c OPTIMIZE(8,SPEED) BROWSE DEBUG OBJECTEXTEND PR
                    -INT(.\Listings\IOSMG.lst) TABS(2) OBJECT(.\Objects\IOSMG.obj)

line level    source

   1          /*******************************************************************************  
   2          * 文件名称：DS18B20温度传感器实验
   3          * 实验目的：1.掌握单总线通讯基本特点和工作时序
   4          *           2.掌握51单片机模拟单总线时序的程序设计方法
   5          *           3.掌握DS18B20温度传感器的操作方法
   6          * 实验配置：J3跳线配置为IO方式，J5配置为BTN、J2配置为1-3和2-4
   7          * 程序现象：用手触摸温度传感器，数码管显示有变化
   8          * 硬件说明：IAP15F2K61S2@11.0592MHz
   9          * 注意事项：测量精度为1摄氏度
  10          * 日期版本：2019-6-24/V2.0
  11          *******************************************************************************/
  12          
  13          #include "reg52.h"  //定义51单片机特殊功能寄存器
  14          #include "absacc.h"
  15          
  16          sfr AUXR = 0x8E;
  17           
  18          code unsigned char tab[] = {0xc0,0xf9,0xa4,0xb0,0x99,0x92,0x82,0xf8,0x80,0x90,0xff};
  19          unsigned char dspbuf[8] = {10,10,10,10,10,10,10,10};//显示缓冲区
  20          
  21          bit temper_flag = 0;//温度读取标志
  22          //函数声明
  23          /**********************************/
  24          void display(void);
  25          void cls_buzz();
  26          void cls_led();
  27          /**********************************/
  28          
  29          //主函数
  30          void main(void)
  31          { 
  32   1          unsigned char temperature=123;
  33   1          cls_buzz();
  34   1          cls_led();   
  35   1          AUXR |= 0x80;
  36   1          TMOD &= 0xF0;
  37   1          TL0 = 0xCD; //1ms,1Tmoshi
  38   1          TH0 = 0xD4; 
  39   1          TF0 = 0;  
  40   1          TR0 = 1;
  41   1          ET0 = 1;
  42   1          EA = 1;
  43   1          while(1)
  44   1          {
  45   2            //显示数据更新  
  46   2            dspbuf[5]=temperature/100;
  47   2            dspbuf[6]=temperature%100/10;      
  48   2            dspbuf[7]=temperature%100%10; 
  49   2          }
  50   1      }
  51          
  52          //定时器中断服务函数
  53          void isr_timer_0(void)  interrupt 1  //默认中断优先级 1
  54          {
C51 COMPILER V9.60.0.0   IOSMG                                                             01/05/2023 14:46:09 PAGE 2   

  55   1          static unsigned char intr;
  56   1          if(++intr == 50)  //1ms执行一次
  57   1          {
  58   2             intr = 0;
  59   2            temper_flag = 1;  //50ms温度读取标志位置1
  60   2          }
  61   1          display();
  62   1      }
  63          
  64          void cls_buzz()
  65          {
  66   1        P2 = ((P2&0x1f)|0xA0); 
  67   1        P0 = 0x00;
  68   1        P2 &= 0x1f;
  69   1      }
  70          void cls_led()
  71          {
  72   1        P2 = ((P2&0x1f)|0x80); 
  73   1        P0 = 0xFF;
  74   1        P2 &= 0x1f;
  75   1      }
  76          
  77          //显示函数
  78          void display(void)
  79          {   
  80   1        static unsigned char dspcom = 0;
  81   1        P2 = ((P2&0x1f)|0xE0);   //段选573
  82   1        P0 = 0xff;               //消隐段码
  83   1        P2 &= 0x1f; 
  84   1      
  85   1        P0 = 1<<dspcom;          //循环位选
  86   1        P2 = ((P2&0x1f)|0xC0);   //位选573
  87   1        P2 &= 0x1f;
  88   1        
  89   1        P0 = tab[dspbuf[dspcom]];//显示段码
  90   1        P2 = ((P2&0x1f)|0xE0);   //段选573
  91   1        P2 &= 0x1f;               
  92   1        
  93   1          if(++dspcom == 8){
  94   2              dspcom = 0;
  95   2          }    
  96   1      }
  97          


MODULE INFORMATION:   STATIC OVERLAYABLE
   CODE SIZE        =    237    ----
   CONSTANT SIZE    =     11    ----
   XDATA SIZE       =   ----    ----
   PDATA SIZE       =   ----    ----
   DATA SIZE        =     10       1
   IDATA SIZE       =   ----    ----
   BIT SIZE         =      1    ----
END OF MODULE INFORMATION.


C51 COMPILATION COMPLETE.  0 WARNING(S),  0 ERROR(S)
