C51 COMPILER V9.60.0.0   BTN                                                               05/30/2023 20:53:18 PAGE 1   


C51 COMPILER V9.60.0.0, COMPILATION OF MODULE BTN
OBJECT MODULE PLACED IN .\Objects\BTN.obj
COMPILER INVOKED BY: D:\study\danpianjixilie\keil\C51\BIN\C51.EXE BTN.c OPTIMIZE(8,SPEED) BROWSE DEBUG OBJECTEXTEND PRIN
                    -T(.\Listings\BTN.lst) TABS(2) OBJECT(.\Objects\BTN.obj)

line level    source

   1          #include "BTN.h"
   2          
   3          unsigned char key_value,old_key_value;
   4          
   5          extern unsigned char show_state;
   6          extern unsigned char show_canshu;
   7          extern unsigned char distance_huan;
   8          extern unsigned char freq_huan;
   9          
  10          extern unsigned int fre_standard;
  11          extern unsigned char him_standard;
  12          extern unsigned char dis_standard;
  13          
  14          sbit S7  = P3^0;
  15          sbit S6  = P3^1;
  16          sbit S5  = P3^2;
  17          sbit S4  = P3^3;
  18          
  19          unsigned char read_key()
  20          {
  21   1          unsigned char key;
  22   1          if(S7==0){key=1;}
  23   1          else if(S6==0){key=2;}
  24   1          else if(S5==0){key=3;}
  25   1          else if(S4==0){key=4;}
  26   1          else{key=0;}
  27   1          
  28   1          return key;
  29   1      }
  30          
  31          void key_proc()
  32          {
  33   1          switch(key_value)
  34   1          {
  35   2            case 4:
  36   2            {
  37   3                show_state++;
  38   3                if(show_state==4){show_state=0;}
  39   3            }break;
  40   2            case 3:
  41   2            {
  42   3                if(show_state==3)
  43   3                {
  44   4                    show_canshu++;
  45   4                    if(show_canshu==3){show_canshu=0;}
  46   4                }
  47   3            }break;
  48   2            case 2:
  49   2            {
  50   3                if(show_state==2){distance_huan++;if(distance_huan==2){distance_huan=0;}}
  51   3                if(show_state==3)
  52   3                {
  53   4                    switch(show_canshu)
  54   4                    {
C51 COMPILER V9.60.0.0   BTN                                                               05/30/2023 20:53:18 PAGE 2   

  55   5                      case 0:fre_standard+=500;if(fre_standard==12500){fre_standard=1000;}break;
  56   5                      case 1:him_standard+=10;if(him_standard==70){him_standard=10;}break;
  57   5                      case 2:dis_standard+=10;if(dis_standard==130){dis_standard=10;}break;
  58   5                    }
  59   4                }
  60   3            }break;
  61   2            case 1:
  62   2            {
  63   3                if(show_state==0){freq_huan++;if(freq_huan==2){freq_huan=0;}}
  64   3                if(show_state==3)
  65   3                {
  66   4                    switch(show_canshu)
  67   4                    {
  68   5                      case 0:fre_standard-=500;if(fre_standard==500){fre_standard=12000;}break;
  69   5                      case 1:him_standard-=10;if(him_standard==0){him_standard=60;}break;
  70   5                      case 2:dis_standard-=10;if(dis_standard==0){dis_standard=120;}break;
  71   5                    }
  72   4                }
  73   3            }break;
  74   2          }     
  75   1      }


MODULE INFORMATION:   STATIC OVERLAYABLE
   CODE SIZE        =    276    ----
   CONSTANT SIZE    =   ----    ----
   XDATA SIZE       =   ----    ----
   PDATA SIZE       =   ----    ----
   DATA SIZE        =      2    ----
   IDATA SIZE       =   ----    ----
   BIT SIZE         =   ----    ----
END OF MODULE INFORMATION.


C51 COMPILATION COMPLETE.  0 WARNING(S),  0 ERROR(S)
