C51 COMPILER V9.60.0.0   IIC                                                               05/30/2023 20:53:19 PAGE 1   


C51 COMPILER V9.60.0.0, COMPILATION OF MODULE IIC
OBJECT MODULE PLACED IN .\Objects\iic.obj
COMPILER INVOKED BY: D:\study\danpianjixilie\keil\C51\BIN\C51.EXE iic.c OPTIMIZE(8,SPEED) BROWSE DEBUG OBJECTEXTEND PRIN
                    -T(.\Listings\iic.lst) TABS(2) OBJECT(.\Objects\iic.obj)

line level    source

   1          #include "iic.h"
   2          
   3          #define DELAY_TIME  5
   4          
   5          //
   6          static void I2C_Delay(unsigned char n)
   7          {
   8   1          do
   9   1          {
  10   2              _nop_();_nop_();_nop_();_nop_();_nop_();
  11   2              _nop_();_nop_();_nop_();_nop_();_nop_();
  12   2              _nop_();_nop_();_nop_();_nop_();_nop_();    
  13   2          }
  14   1          while(n--);       
  15   1      }
  16          
  17          //
  18          void I2CStart(void)
  19          {
  20   1          sda = 1;
  21   1          scl = 1;
  22   1        I2C_Delay(DELAY_TIME);
  23   1          sda = 0;
  24   1        I2C_Delay(DELAY_TIME);
  25   1          scl = 0;    
  26   1      }
  27          
  28          //
  29          void I2CStop(void)
  30          {
  31   1          sda = 0;
  32   1          scl = 1;
  33   1        I2C_Delay(DELAY_TIME);
  34   1          sda = 1;
  35   1        I2C_Delay(DELAY_TIME);
  36   1      }
  37          
  38          //
  39          void I2CSendByte(unsigned char byt)
  40          {
  41   1          unsigned char i;
  42   1        
  43   1          for(i=0; i<8; i++){
  44   2              scl = 0;
  45   2          I2C_Delay(DELAY_TIME);
  46   2              if(byt & 0x80){
  47   3                  sda = 1;
  48   3              }
  49   2              else{
  50   3                  sda = 0;
  51   3              }
  52   2          I2C_Delay(DELAY_TIME);
  53   2              scl = 1;
  54   2              byt <<= 1;
C51 COMPILER V9.60.0.0   IIC                                                               05/30/2023 20:53:19 PAGE 2   

  55   2          I2C_Delay(DELAY_TIME);
  56   2          }
  57   1        
  58   1          scl = 0;  
  59   1      }
  60          
  61          //
  62          unsigned char I2CReceiveByte(void)
  63          {
  64   1        unsigned char da;
  65   1        unsigned char i;
  66   1        for(i=0;i<8;i++){   
  67   2          scl = 1;
  68   2          I2C_Delay(DELAY_TIME);
  69   2          da <<= 1;
  70   2          if(sda) 
  71   2            da |= 0x01;
  72   2          scl = 0;
  73   2          I2C_Delay(DELAY_TIME);
  74   2        }
  75   1        return da;    
  76   1      }
  77          
  78          //
  79          unsigned char I2CWaitAck(void)
  80          {
  81   1        unsigned char ackbit;
  82   1        
  83   1          scl = 1;
  84   1        I2C_Delay(DELAY_TIME);
  85   1          ackbit = sda; 
  86   1          scl = 0;
  87   1        I2C_Delay(DELAY_TIME);
  88   1        
  89   1        return ackbit;
  90   1      }
  91          
  92          //
  93          void I2CSendAck(unsigned char ackbit)
  94          {
  95   1          scl = 0;
  96   1          sda = ackbit; 
  97   1        I2C_Delay(DELAY_TIME);
  98   1          scl = 1;
  99   1        I2C_Delay(DELAY_TIME);
 100   1          scl = 0; 
 101   1        sda = 1;
 102   1        I2C_Delay(DELAY_TIME);
 103   1      }
 104          
 105          void operate_delay(unsigned char a)
 106          {
 107   1          unsigned char i;
 108   1          while(a--){for(i=0;i<112;i++);}
 109   1      }
 110          void pcf8591_init()
 111          {
 112   1          I2CStart();
 113   1          I2CSendByte(0x90);
 114   1          I2CWaitAck();
 115   1          I2CSendByte(0x03);
 116   1          I2CWaitAck();
C51 COMPILER V9.60.0.0   IIC                                                               05/30/2023 20:53:19 PAGE 3   

 117   1          I2CStop();
 118   1          operate_delay(10);
 119   1      }
 120          unsigned char pcf8591_adc()
 121          {
 122   1          unsigned char adc;
 123   1          
 124   1          I2CStart();
 125   1          I2CSendByte(0x91);
 126   1          I2CWaitAck();
 127   1          adc=I2CReceiveByte();
 128   1          I2CSendAck(1);
 129   1          I2CStop();
 130   1        
 131   1          return adc;
 132   1      }
 133          
 134          void pcf8591_dac(unsigned char value)
 135          {
 136   1          I2CStart();
 137   1          I2CSendByte(0x90);
 138   1          I2CWaitAck();
 139   1          I2CSendByte(0x43);
 140   1          I2CWaitAck();
 141   1          I2CSendByte(value);
 142   1          I2CWaitAck();
 143   1          I2CStop();
 144   1      }


MODULE INFORMATION:   STATIC OVERLAYABLE
   CODE SIZE        =    286    ----
   CONSTANT SIZE    =   ----    ----
   XDATA SIZE       =   ----    ----
   PDATA SIZE       =   ----    ----
   DATA SIZE        =   ----    ----
   IDATA SIZE       =   ----    ----
   BIT SIZE         =   ----    ----
END OF MODULE INFORMATION.


C51 COMPILATION COMPLETE.  0 WARNING(S),  0 ERROR(S)
