C51 COMPILER V9.60.0.0   INIT                                                              05/30/2023 20:53:18 PAGE 1   


C51 COMPILER V9.60.0.0, COMPILATION OF MODULE INIT
OBJECT MODULE PLACED IN .\Objects\init.obj
COMPILER INVOKED BY: D:\study\danpianjixilie\keil\C51\BIN\C51.EXE init.c OPTIMIZE(8,SPEED) BROWSE DEBUG OBJECTEXTEND PRI
                    -NT(.\Listings\init.lst) TABS(2) OBJECT(.\Objects\init.obj)

line level    source

   1          #include "init.h"
   2          #include "STC15F2K60S2.h"
   3          
   4          void close_buzz()
   5          {
   6   1          P0=0x00;
   7   1          P2=(P2&0x1f)|0xa0;
   8   1          P2&=0x1f;
   9   1      }
  10          
  11          void close_led()
  12          {
  13   1          P0=0xff;
  14   1          P2=(P2&0x1f)|0x80;
  15   1          P2&=0x1f;
  16   1      }
  17          
  18          void Timer0Init_fre(void)   //1000微秒@12.000MHz
  19          {
  20   1        AUXR &= 0x7F;   //定时器时钟12T模式
  21   1        TMOD = 0xf4;    //设置定时器模式
  22   1        TL0 = 0xff;   //设置定时初值
  23   1        TH0 = 0xFf;   //设置定时初值
  24   1        TF0 = 0;    //清除TF1标志
  25   1        TR0 = 1;    //定时器1开始计时
  26   1        ET0 = 1;
  27   1      }
  28          
  29          void PCA_init()
  30          {
  31   1           //CMOD|=0x08;//设置定时器时钟为系统时钟
  32   1           CMOD&=0XF7;
  33   1           CCON=0x00;//将溢出位cf（溢出标志位）置零cr（启停位）置零停止计数
  34   1      }
  35          
  36          void Timer1Init(void)   //1000微秒@12.000MHz
  37          {
  38   1        AUXR &= 0xBF;   //定时器时钟12T模式
  39   1        TMOD &= 0x0F;   //设置定时器模式
  40   1        TL1 = 0x18;   //设置定时初值
  41   1        TH1 = 0xFC;   //设置定时初值
  42   1        TF1 = 0;    //清除TF1标志
  43   1        TR1 = 1;    //定时器1开始计时
  44   1        ET1 = 1;
  45   1      }
  46          
  47          //void Timer2Init(void)        //1毫秒@12.000MHz
  48          //{
  49          //    AUXR &= 0xFB;      //定时器时钟12T模式
  50          //    T2L = 0x18;        //设置定时初始值
  51          //    T2H = 0xfc;       //设置定时初始值
  52          //    AUXR |= 0x10;     //定时器2开始计时
  53          //    IE2 |= 0x04;      //开定时器2中断
  54          //    //EA = 1;          //开启总中断
C51 COMPILER V9.60.0.0   INIT                                                              05/30/2023 20:53:18 PAGE 2   

  55          //}
  56          


MODULE INFORMATION:   STATIC OVERLAYABLE
   CODE SIZE        =     75    ----
   CONSTANT SIZE    =   ----    ----
   XDATA SIZE       =   ----    ----
   PDATA SIZE       =   ----    ----
   DATA SIZE        =   ----    ----
   IDATA SIZE       =   ----    ----
   BIT SIZE         =   ----    ----
END OF MODULE INFORMATION.


C51 COMPILATION COMPLETE.  0 WARNING(S),  0 ERROR(S)
