C51 COMPILER V9.60.0.0   SHOW                                                              05/31/2023 14:12:04 PAGE 1   


C51 COMPILER V9.60.0.0, COMPILATION OF MODULE SHOW
OBJECT MODULE PLACED IN .\Objects\show.obj
COMPILER INVOKED BY: D:\study\danpianjixilie\keil\C51\BIN\C51.EXE show.c OPTIMIZE(8,SPEED) BROWSE DEBUG OBJECTEXTEND PRI
                    -NT(.\Listings\show.lst) TABS(2) OBJECT(.\Objects\show.obj)

line level    source

   1          #include "show.h"
   2          
   3          code unsigned char duanma[]={0xC0,0xF9,0xA4,0xB0,0x99,0x92,0x82,0xF8,0x80,0x90,0xff,
   4                                       0x40,0x79,0x24,0x30,0x19,0x12,0x02,0x78,0x00,0x10,0xff,
   5                                       0x88,0x89,0x8e,0x8c,};
   6          unsigned char buffer[]={10,10,10,10,10,10,10,10};
   7          //用于正常运作
   8          unsigned char weixuan;
   9          unsigned char show_state;
  10          unsigned char show_canshu;
  11          unsigned char distance_huan;
  12          unsigned char freq_huan;
  13          //从主函数接过来的
  14          //extern unsigned int xdata frequency;
  15          //extern unsigned char xdata adc_value;
  16          //extern unsigned char xdata distance;
  17          extern unsigned int frequency;
  18          extern unsigned char adc_value;
  19          extern unsigned char distance;
  20          extern unsigned char qiehuan;
  21          extern unsigned int fre_standard;
  22          extern unsigned char him_standard;
  23          extern unsigned char dis_standard;
  24          //临时变量
  25          extern float him;
  26          
  27          void display()
  28          {
  29   1          P0=0xff;
  30   1          P2=(P2&0x1f)|0xe0;
  31   1          P2&=0x1f;
  32   1        
  33   1          P0=1<<weixuan;
  34   1          P2=(P2&0x1f)|0xc0;
  35   1          P2&=0x1f;
  36   1        
  37   1          P0=duanma[buffer[weixuan]];
  38   1          P2=(P2&0x1f)|0xe0;
  39   1          P2&=0x1f;
  40   1        
  41   1          if(++weixuan==8){weixuan=0;}
  42   1      }
  43          
  44          void fen()
  45          {
  46   1          switch(show_state)
  47   1          {
  48   2            case 0:show_frequency();break;
  49   2            case 1:show_himid();break;
  50   2            case 2:show_distance();break;
  51   2            case 3:
  52   2            {
  53   3                switch(show_canshu)
  54   3                {
C51 COMPILER V9.60.0.0   SHOW                                                              05/31/2023 14:12:04 PAGE 2   

  55   4                  case 0:show_frequency_parameter();break;
  56   4                  case 1:show_himid_parameter();break;
  57   4                  case 2:show_distance_parameter();break;
  58   4                }
  59   3            }break;
  60   2            
  61   2          }
  62   1      }
  63          
  64          void show_frequency()
  65          {
  66   1          if(freq_huan==0)
  67   1          {
  68   2              buffer[0]=24;buffer[1]=10;buffer[2]=10;
  69   2              buffer[3]=frequency/10000;
  70   2              buffer[4]=frequency%10000/1000;
  71   2              buffer[5]=frequency%1000/100;
  72   2              buffer[6]=frequency%100/10;
  73   2              buffer[7]=frequency%10;
  74   2          }
  75   1          if(freq_huan==1)
  76   1          {
  77   2              buffer[0]=24;buffer[1]=10;buffer[2]=10;
  78   2              buffer[3]=10;
  79   2              buffer[4]=10;
  80   2              buffer[5]=frequency/10000;
  81   2              buffer[6]=frequency%10000/1000+11;
  82   2              buffer[7]=frequency%1000/100;
  83   2          }
  84   1      }
  85          
  86          void show_himid()
  87          {
  88   1          
  89   1          buffer[0]=23;buffer[1]=10;buffer[2]=10;buffer[3]=10;
  90   1          buffer[4]=10;buffer[5]=10;
  91   1          buffer[6]=((char)him)/10;
  92   1          buffer[7]=((char)him)%10;
  93   1      }
  94          
  95          void show_distance()
  96          {
  97   1          if(distance_huan==0)
  98   1          {
  99   2            buffer[0]=22;buffer[1]=10;buffer[2]=10;buffer[3]=10;
 100   2            buffer[4]=10;
 101   2            buffer[5]=distance/100;
 102   2            buffer[6]=distance%100/10;
 103   2            buffer[7]=distance%10;
 104   2          }
 105   1          if(distance_huan==1)
 106   1          {
 107   2            buffer[0]=22;buffer[1]=10;buffer[2]=10;buffer[3]=10;
 108   2            buffer[4]=10;
 109   2            buffer[5]=distance/100+11;
 110   2            buffer[6]=distance%100/10;
 111   2            buffer[7]=distance%10;
 112   2          }
 113   1      }
 114          
 115          void show_frequency_parameter()
 116          {
C51 COMPILER V9.60.0.0   SHOW                                                              05/31/2023 14:12:04 PAGE 3   

 117   1          buffer[0]=25;buffer[1]=1;buffer[2]=10;buffer[3]=10;
 118   1          buffer[4]=10;
 119   1          buffer[5]=fre_standard/10000;
 120   1          buffer[6]=fre_standard%10000/1000+11;
 121   1          buffer[7]=fre_standard%1000/100;
 122   1      }
 123          
 124          void show_himid_parameter()
 125          {
 126   1          buffer[0]=25;buffer[1]=2;buffer[2]=10;buffer[3]=10;
 127   1          buffer[4]=10;buffer[5]=10;
 128   1          buffer[6]=him_standard/10;
 129   1          buffer[7]=him_standard%10;
 130   1      }
 131          
 132          void show_distance_parameter()
 133          {
 134   1          buffer[0]=25;buffer[1]=3;buffer[2]=10;buffer[3]=10;
 135   1          buffer[4]=10;buffer[5]=10;
 136   1          buffer[6]=dis_standard/100+11;
 137   1          buffer[7]=dis_standard%100/10;
 138   1      }


MODULE INFORMATION:   STATIC OVERLAYABLE
   CODE SIZE        =    647    ----
   CONSTANT SIZE    =     26    ----
   XDATA SIZE       =   ----    ----
   PDATA SIZE       =   ----    ----
   DATA SIZE        =     13    ----
   IDATA SIZE       =   ----    ----
   BIT SIZE         =   ----    ----
END OF MODULE INFORMATION.


C51 COMPILATION COMPLETE.  0 WARNING(S),  0 ERROR(S)
