C51 COMPILER V9.60.0.0   ULTRASONIC                                                        05/30/2023 20:53:19 PAGE 1   


C51 COMPILER V9.60.0.0, COMPILATION OF MODULE ULTRASONIC
OBJECT MODULE PLACED IN .\Objects\ultrasonic.obj
COMPILER INVOKED BY: D:\study\danpianjixilie\keil\C51\BIN\C51.EXE ultrasonic.c OPTIMIZE(8,SPEED) BROWSE DEBUG OBJECTEXTE
                    -ND PRINT(.\Listings\ultrasonic.lst) TABS(2) OBJECT(.\Objects\ultrasonic.obj)

line level    source

   1          #include "ultrasonic.h"
   2          #include "init.h"
   3          
   4          sbit TX=P1^0;
   5          sbit RX=P1^1;
   6          
   7          unsigned char qidong_flag;
   8          
   9          void Delay13us()    //@12.000MHz
  10          {
  11   1        unsigned char i;
  12   1      
  13   1        _nop_();
  14   1        _nop_();
  15   1        i = 36;
  16   1        while (--i);
  17   1      }
  18          
  19          void Send_Wave()                 //产生8个40KHx超声波信号
  20          {
  21   1        unsigned char i;
  22   1        for(i = 0; i < 10; i++)
  23   1        {
  24   2          TX = 1;
  25   2          Delay13us();  
  26   2          TX = 0;
  27   2          Delay13us();
  28   2        }
  29   1      }
  30          
  31          unsigned char sonic(void)
  32          {
  33   1        //unsigned int time = 0;
  34   1        unsigned char dis=0;
  35   1        
  36   1        Send_Wave();            //发送超声波信号
  37   1        
  38   1        CH=0;
  39   1        CL=0;
  40   1        CR=1;
  41   1        while((RX)&&(CF==0));
  42   1        CR=0;
  43   1        
  44   1        if(CF)   //定时溢出
  45   1        {
  46   2           CF = 0; //清除标志位   
  47   2           dis = 255;
  48   2        }
  49   1        else  //RX接收引脚接收到低电平
  50   1        {
  51   2          dis = ((CH<<8)+CL)*0.017;
  52   2        }
  53   1        
  54   1        return dis;
C51 COMPILER V9.60.0.0   ULTRASONIC                                                        05/30/2023 20:53:19 PAGE 2   

  55   1        }
  56          
  57          


MODULE INFORMATION:   STATIC OVERLAYABLE
   CODE SIZE        =     98    ----
   CONSTANT SIZE    =   ----    ----
   XDATA SIZE       =   ----    ----
   PDATA SIZE       =   ----    ----
   DATA SIZE        =      1    ----
   IDATA SIZE       =   ----    ----
   BIT SIZE         =   ----    ----
END OF MODULE INFORMATION.


C51 COMPILATION COMPLETE.  0 WARNING(S),  0 ERROR(S)
