C51 COMPILER V9.60.0.0   EX7                                                               12/11/2023 17:36:02 PAGE 1   


C51 COMPILER V9.60.0.0, COMPILATION OF MODULE EX7
OBJECT MODULE PLACED IN ex7.OBJ
COMPILER INVOKED BY: D:\KEIL\C51\BIN\C51.EXE ex7.c OPTIMIZE(8,SPEED) BROWSE DEBUG OBJECTEXTEND TABS(2)

line level    source

   1          /*******************************************************************************  
   2          * 文件名称：数码管控制实验
   3          * 实验目的：1.掌握数码管动态扫描的基本原理,掌握数码管消除“鬼影”的方法
   4          *           2.掌握51单片机定时器工作模式和配置方法
   5          *           3.掌握keil uvision集成开发环境下，中断服务函数设计方法
   6          * 实验配置：J3跳线配置为MM方式，J5配置为BTN、J2配置为1-3和2-4
   7          * 程序现象：数码管动态显示
   8          * 硬件环境：IAP15F2K61S2@11.0592MHz
   9          * 注意事项：理解动态显示和静态显示
  10          * 日期版本：2019-6-24/V2.0
  11          *******************************************************************************/
  12          #include "reg52.h"  //定义51单片机特殊功能寄存器
  13          #include "absacc.h"
  14          
  15          sfr AUXR = 0x8E;    //定义辅助寄存器，因为在51单片机头文件中没有定义
  16                                     //  0    1    2    3    4    5    6    7    8    9   10熄灭
  17          code unsigned char tab[] = { 0xc0,0xf9,0xa4,0xb0,0x99,0x92,0x82,0xf8,0x80,0x90,0xFF};
  18          unsigned char dspbuf[8] = {10,10,10,10,10,10,10,10};  //显示缓冲区
  19          unsigned char dspcom = 0;  //显示位选
  20          
  21          unsigned char ms = 0;
  22          unsigned char counter = 0;  //200ms 加1,最大值255
  23          
  24          void display(void);
  25          
  26          //
  27          void cls_buzz(void)
  28          {
  29   1        XBYTE[0xA000] = 0x00;
  30   1      }
  31          //
  32          void cls_led(void)
  33          {
  34   1        XBYTE[0x8000] = 0xFF;
  35   1      }
  36          
  37          //主函数
  38          void main(void)
  39          { 
  40   1        cls_buzz();
  41   1        cls_led();
  42   1        
  43   1        AUXR |= 0x80; //定时模式下，1T模式，IAP15F2K61S2单片机特殊功能寄存器不分频
  44   1        
  45   1        TMOD &= 0xF0;      //T1在模式3下被禁止。T0工作在方式1下，16位自动重装定时器
  46   1        TL0 = 0xCD;       //1ms定时
  47   1        TH0 = 0xD4; 
  48   1        TF0 = 0;  
  49   1        TR0 = 1;
  50   1        ET0 = 1;
  51   1        EA = 1;
  52   1          
  53   1          while(1)
  54   1          {
  55   2          if(counter >= 100){
C51 COMPILER V9.60.0.0   EX7                                                               12/11/2023 17:36:02 PAGE 2   

  56   3            dspbuf[5] = counter/100;   
  57   3          }
  58   2          else{
  59   3            dspbuf[5] = 10;  //10对应熄灭
  60   3          }
  61   2          if(counter >= 10)
  62   2          {
  63   3            dspbuf[6] = counter%100/10;  
  64   3          }
  65   2          else{
  66   3            dspbuf[6] = 10;
  67   3          }
  68   2          dspbuf[7] = counter%10;       
  69   2          }
  70   1      }
  71          
  72          //定时器中断服务函数
  73          void isr_timer_0(void)  interrupt 1  //默认中断优先级 1
  74          {
  75   1          if(++ms == 200)
  76   1        {
  77   2          ms = 0;
  78   2          counter++;
  79   2        }   
  80   1        display();  //1ms执行一次
  81   1      }
  82          
  83          //显示函数
  84          void display(void)
  85          {   
  86   1        XBYTE[0xE000] = 0xff;  //消隐
  87   1        
  88   1        XBYTE[0xC000] = (1<<dspcom);
  89   1        XBYTE[0xE000] = tab[dspbuf[dspcom]]; //段码 挨个显示缓冲区的数字 8ms刷新一次，
  90   1         
  91   1          if(++dspcom == 8)
  92   1          {
  93   2              dspcom = 0;
  94   2          }   
  95   1      }
  96          


MODULE INFORMATION:   STATIC OVERLAYABLE
   CODE SIZE        =    226    ----
   CONSTANT SIZE    =     11    ----
   XDATA SIZE       =   ----    ----
   PDATA SIZE       =   ----    ----
   DATA SIZE        =     11    ----
   IDATA SIZE       =   ----    ----
   BIT SIZE         =   ----    ----
END OF MODULE INFORMATION.


C51 COMPILATION COMPLETE.  0 WARNING(S),  0 ERROR(S)
