C51 COMPILER V9.60.0.0   EX5                                                               01/03/2023 15:03:24 PAGE 1   


C51 COMPILER V9.60.0.0, COMPILATION OF MODULE EX5
OBJECT MODULE PLACED IN ex5.OBJ
COMPILER INVOKED BY: D:\study\danpianjixilie\keil\C51\BIN\C51.EXE ex5.c OPTIMIZE(8,SPEED) BROWSE DEBUG OBJECTEXTEND TABS
                    -(2)

line level    source

   1          /*******************************************************************************  
   2          * 文件名称：按键控制LED位移
   3          * 实验目的：1.掌握单片机IO口操作的基本方法
   4          *           2.掌握按键扫描及软件延时消除抖动的基本原理
   5          * 实验配置：J3跳线配置为IO方式，J5配置为BTN、J2配置为1-3和2-4
   6          * 程序现象：按相应按键led显示发生变化
   7          * 硬件环境：IAP15F2K61S2@11.0592MHz
   8          * 注意事项：1.本程序中使用的软件延时消抖方法会降低单片机系统的实时性，其目的在于
   9          *             理解按键抖动产生的过程和消除方法，在后续的实验例程中会逐步介绍基于
  10          *             定时器扫描的消抖方法。
  11          *           2.相关按键功能可以参考按键处理函数void key_proc(unsigned char key)
  12          * 日期版本：2019-6-24/V2.0
  13          *******************************************************************************/
  14          
  15          #include "reg52.h"  //定义51单片机特殊功能寄存器
  16          
  17          unsigned char temp1;
  18          
  19          unsigned char read_key(void);
  20          void key_proc(unsigned char key);
  21          
  22          void cls_buzz()
  23          {
  24   1        P2 = (P2&0x1F|0xA0);
  25   1        P0 = 0x00;
  26   1        P2 &= 0x1F;
  27   1      }
  28          
  29          void cls_led()
  30          {
  31   1        P2 = (P2&0x1F|0x80);
  32   1        P0 = 0xFF;
  33   1        P2 &= 0x1F;
  34   1      }
  35          
  36          //延时函数: 10ms@11.0592MHz
  37          void delay(void)
  38          {
  39   1        unsigned char i, j;
  40   1      
  41   1        i = 108;
  42   1        j = 145;
  43   1        do
  44   1        {
  45   2          while (--j);
  46   2        } while (--i);
  47   1      }
  48          
  49          //主函数
  50          void main(void)
  51          { 
  52   1          unsigned char temp;
  53   1          
  54   1        cls_buzz();
C51 COMPILER V9.60.0.0   EX5                                                               01/03/2023 15:03:24 PAGE 2   

  55   1        cls_led();
  56   1          
  57   1          while(1)
  58   1          {
  59   2              temp = read_key();
  60   2              if(temp != 0xff)
  61   2              {
  62   3                  delay();  //按键消抖
  63   3                  temp = read_key();
  64   3                  if(temp != 0xff)
  65   3                  {
  66   4                      //进入按键处理函数
  67   4                      key_proc(temp);
  68   4                      while(P3 != 0xff);  //等待按键释放                        
  69   4                  }
  70   3              }
  71   2          }
  72   1      }
  73          
  74          //按键扫描函数
  75          unsigned char read_key(void)
  76          {
  77   1          unsigned char temp;
  78   1          unsigned char key_value = 0xff;
  79   1          
  80   1          temp = P3&0x0f;
  81   1          switch(temp)
  82   1          {
  83   2              case 0x0e:
  84   2                  key_value = 1;  //S7
  85   2                  break;    
  86   2              case 0x0d:
  87   2                  key_value = 2;  //S6
  88   2                  break;    
  89   2              case 0x0b:
  90   2                  key_value = 3;  //S5
  91   2                  break;    
  92   2              case 0x07:
  93   2                  key_value = 4;  //S4
  94   2                  break;    
  95   2          }
  96   1          return key_value;
  97   1      }
  98          
  99          //按键处理函数
 100          void key_proc(unsigned char key)
 101          {
 102   1          switch(key)
 103   1          {
 104   2              case 1:
 105   2            P2 = (P2&0x1f|0x80);
 106   2            temp1++;
 107   2            P0=~temp1;
 108   2            P2 &= 0x1f;
 109   2                  break;
 110   2              case 2:
 111   2            P2 = (P2&0x1f|0x80);
 112   2            temp1--;
 113   2            P0=~temp1;
 114   2            P2 &= 0x1f;
 115   2            break;
 116   2              case 3:
C51 COMPILER V9.60.0.0   EX5                                                               01/03/2023 15:03:24 PAGE 3   

 117   2            P2 = (P2&0x1f|0x80);
 118   2            temp1=temp1+2;
 119   2            P0=~temp1;
 120   2            P2 &= 0x1f;
 121   2                  break;
 122   2              case 4:
 123   2            P2 = (P2&0x1f|0x80);
 124   2            temp1=temp1-2;
 125   2            P0=~temp1;
 126   2            P2 &= 0x1f;
 127   2                  break;
 128   2          }    
 129   1      }
 130          


MODULE INFORMATION:   STATIC OVERLAYABLE
   CODE SIZE        =    176    ----
   CONSTANT SIZE    =   ----    ----
   XDATA SIZE       =   ----    ----
   PDATA SIZE       =   ----    ----
   DATA SIZE        =      1    ----
   IDATA SIZE       =   ----    ----
   BIT SIZE         =   ----    ----
END OF MODULE INFORMATION.


C51 COMPILATION COMPLETE.  0 WARNING(S),  0 ERROR(S)
