C51 COMPILER V9.60.0.0   GF                                                                03/11/2023 11:21:09 PAGE 1   


C51 COMPILER V9.60.0.0, COMPILATION OF MODULE GF
OBJECT MODULE PLACED IN .\Objects\gf.obj
COMPILER INVOKED BY: D:\study\danpianjixilie\keil\C51\BIN\C51.EXE gf.c OPTIMIZE(8,SPEED) BROWSE DEBUG OBJECTEXTEND PRINT
                    -(.\Listings\gf.lst) TABS(2) OBJECT(.\Objects\gf.obj)

line level    source

   1          #include <STC15F2K60S2.H>
   2          code unsigned char smg_DM[10] = {0xc0,0xf9,0xa4,0xb0,0x99,0x92,0x82,0xf8,0x80,0x90};
   3          unsigned char Key_OutPut,IFLong_OutPut;
   4          void Delay(unsigned int xms)    //@11.0592MHz
   5          {
   6   1          while(xms--)
   7   1          {
   8   2          unsigned char i, j;
   9   2          i = 11;
  10   2          j = 190;
  11   2          do
  12   2          {
  13   3            while (--j);
  14   3          } while (--i);
  15   2        }
  16   1      }
  17           
  18          void smg_bit(unsigned char com,unsigned char num)//数码管显示函数
  19          {
  20   1        P2 = (P2 & 0x1f) | 0xC0;
  21   1        P0 = 1 << (com - 1);
  22   1        P2 = (P2 & 0x1f) | 0xE0;
  23   1        P0 = smg_DM[num];
  24   1        Delay(2);
  25   1        P0 = 0xff;
  26   1      }
  27           
  28          unsigned char Key_Scan(void)
  29          {
  30   1        unsigned int Key_New;
  31   1        unsigned char Key_Value;
  32   1        P3 |= 0x0F;
  33   1        P44 = 0; P42 = 1; P35 = 1; P34 = 1;  // 第一列
  34   1        Key_New = P3 & 0X0F;
  35   1        P44 = 1; P42 = 0; P35 = 1; P34 = 1;  // 第二列
  36   1        Key_New = (Key_New << 4) | (P3 & 0X0F); 
  37   1        P44 = 1; P42 = 1; P35 = 0; P34 = 1;  // 第三列
  38   1        Key_New = (Key_New << 4) | (P3 & 0X0F); 
  39   1        P44 = 1; P42 = 1; P35 = 1; P34 = 0;  // 第四列
  40   1        Key_New = (Key_New << 4) | (P3 & 0X0F); 
  41   1        switch(~Key_New)
  42   1        {
  43   2          case 0x8000: Key_Value = 1; break;
  44   2          case 0x4000: Key_Value = 2; break;
  45   2          case 0x2000: Key_Value = 3; break;
  46   2          case 0x1000: Key_Value = 4; break;    
  47   2          case 0x0800: Key_Value = 5; break;
  48   2          case 0x0400: Key_Value = 6; break;
  49   2          case 0x0200: Key_Value = 7; break;
  50   2          case 0x0100: Key_Value = 8; break;    
  51   2          case 0x0080: Key_Value = 9; break;
  52   2          case 0x0040: Key_Value = 10; break;
  53   2          case 0x0020: Key_Value = 11; break;
  54   2          case 0x0010: Key_Value = 12; break;     
C51 COMPILER V9.60.0.0   GF                                                                03/11/2023 11:21:09 PAGE 2   

  55   2          case 0x0008: Key_Value = 13; break;
  56   2          case 0x0004: Key_Value = 14; break;
  57   2          case 0x0002: Key_Value = 15; break;
  58   2          case 0x0001: Key_Value = 16; break;     
  59   2          default : Key_Value = 0;
  60   2        }
  61   1        return Key_Value;
  62   1      }
  63            
  64          unsigned char LongOrShort()
  65          {
  66   1        unsigned int TimeCount = 0;
  67   1        unsigned int EnterFlag = 0;
  68   1        while(Key_Scan() != 0)
  69   1        {
  70   2          TimeCount++;
  71   2          EnterFlag = 1;
  72   2          Delay(1);
  73   2        }
  74   1        if(TimeCount<500 & EnterFlag == 1)
  75   1        {
  76   2          TimeCount = 0;
  77   2          EnterFlag = 0;
  78   2          return 0;
  79   2        }
  80   1        else if(TimeCount>500 & EnterFlag == 1)
  81   1        {
  82   2          TimeCount = 0;
  83   2          EnterFlag = 0;
  84   2          return 1;
  85   2        }
  86   1        return IFLong_OutPut;
  87   1      }
  88           
  89          void main()
  90          {
  91   1        while(1)
  92   1        {
  93   2          if(Key_Scan()) Key_OutPut = Key_Scan();
  94   2          IFLong_OutPut = LongOrShort();
  95   2          if(IFLong_OutPut){P2 = (P2 & 0x1f) | 0x80;P0 = 0;}//长按点亮所有LED，反之关闭所有
  96   2          else {P2 = (P2 & 0x1f) | 0x80;P0 = 0xFF;}
  97   2          smg_bit(1,Key_OutPut/10);//显示按键编号
  98   2          smg_bit(2,Key_OutPut%10);
  99   2        }
 100   1      }


MODULE INFORMATION:   STATIC OVERLAYABLE
   CODE SIZE        =    529    ----
   CONSTANT SIZE    =     10    ----
   XDATA SIZE       =   ----    ----
   PDATA SIZE       =   ----    ----
   DATA SIZE        =      2       5
   IDATA SIZE       =   ----    ----
   BIT SIZE         =   ----    ----
END OF MODULE INFORMATION.


C51 COMPILATION COMPLETE.  0 WARNING(S),  0 ERROR(S)
