C51 COMPILER V9.60.0.0   EX4                                                               01/03/2023 14:53:48 PAGE 1   


C51 COMPILER V9.60.0.0, COMPILATION OF MODULE EX4
OBJECT MODULE PLACED IN ex4.OBJ
COMPILER INVOKED BY: D:\study\danpianjixilie\keil\C51\BIN\C51.EXE ex4.c OPTIMIZE(8,SPEED) BROWSE DEBUG OBJECTEXTEND TABS
                    -(2)

line level    source

   1          /*******************************************************************************  
   2          * 文件名称：按键控制实验
   3          * 实验目的：1.掌握单片机IO口操作的基本方法
   4          *           2.掌握C51关键字"sbit"的用法
   5          *           2.掌握单片机常见外围驱动电路的设计方法 
   6          * 实验配置：J3跳线配置为IO方式，J5配置为BTN、J2配置为1-3和2-4
   7          * 实验现象：按相应按键打开和关闭led和蜂鸣器
   8          * 硬件环境：IAP15F2K61S2单片机，单片机内部振荡器频率：11.0592M
   9          * 注意事项：包含头文件还可以是STC15F2K60S2.H
  10          * 日期版本：2019-6-24/V2.0
  11          *******************************************************************************/
  12          
  13          #include "reg52.h"  //定义51单片机特殊功能寄存器
  14          
  15          /** 独立按键接口 */
  16          sbit S7  = P3^0;
  17          sbit S6  = P3^1;
  18          sbit S5  = P3^2;
  19          sbit S4  = P3^3;
  20          
  21          sbit buzz  = P0^6;
  22          
  23          //
  24          void cls_buzz(void)
  25          {
  26   1        P2 = (P2&0x1F|0xA0);
  27   1        P0 = 0x00;
  28   1        P2 &= 0x1F;
  29   1      }
  30          
  31          //主函数
  32          void main(void)
  33          {    
  34   1        cls_buzz();
  35   1        
  36   1          while(1)
  37   1          {
  38   2              if(S7 == 0)
  39   2              {
  40   3                  P2 = ((P2&0x1f)|0x80);
  41   3            P0 = 0xff;  //关闭所有LED
  42   3            P2 &= 0x1f;
  43   3              }
  44   2              if(S6 == 0)
  45   2              {
  46   3                  P2 = ((P2&0x1f)|0x80);
  47   3                  P0 = 0x00;  //打开所有LED
  48   3                P2 &= 0x1f;
  49   3              }
  50   2              if(S5 == 0)
  51   2              {
  52   3                  P2 = ((P2&0x1f)|0xA0);
  53   3            P0 = 0x00;
  54   3            buzz = 1; //打开蜂鸣器
C51 COMPILER V9.60.0.0   EX4                                                               01/03/2023 14:53:48 PAGE 2   

  55   3            P2 &= 0x1f;
  56   3              }
  57   2              if(S4 == 0)
  58   2              {
  59   3                  P2 = ((P2&0x1f)|0xA0);
  60   3            P0 = 0x00;
  61   3            buzz = 0; //关闭蜂鸣器
  62   3            P2 &= 0x1f;
  63   3              }
  64   2          }
  65   1      }
  66          
  67          


MODULE INFORMATION:   STATIC OVERLAYABLE
   CODE SIZE        =     92    ----
   CONSTANT SIZE    =   ----    ----
   XDATA SIZE       =   ----    ----
   PDATA SIZE       =   ----    ----
   DATA SIZE        =   ----    ----
   IDATA SIZE       =   ----    ----
   BIT SIZE         =   ----    ----
END OF MODULE INFORMATION.


C51 COMPILATION COMPLETE.  0 WARNING(S),  0 ERROR(S)
