C51 COMPILER V9.60.0.0   INIT                                                              06/05/2023 19:34:44 PAGE 1   


C51 COMPILER V9.60.0.0, COMPILATION OF MODULE INIT
OBJECT MODULE PLACED IN .\Objects\init.obj
COMPILER INVOKED BY: D:\study\danpianjixilie\keil\C51\BIN\C51.EXE init.c OPTIMIZE(8,SPEED) BROWSE DEBUG OBJECTEXTEND PRI
                    -NT(.\Listings\init.lst) TABS(2) OBJECT(.\Objects\init.obj)

line level    source

   1          #include "init.h"
   2          
   3          void Timer0Init(void)
   4          {
   5   1        AUXR &= 0x7F;   //定时器时钟12T模式
   6   1        TMOD = 0xf4;    //设置定时器模式
   7   1        TL0 = 0xff;   //设置定时初值
   8   1        TH0 = 0xff;   //设置定时初值
   9   1        TF0 = 0;    //清除TF1标志
  10   1        TR0 = 1;    //定时器1开始计时
  11   1        ET0 = 1;
  12   1      }
  13          
  14          void Timer1Init(void)   //1000微秒@12.000MHz
  15          {
  16   1        AUXR &= 0xBF;   //定时器时钟12T模式
  17   1        TMOD &= 0x0F;   //设置定时器模式
  18   1        TL1 = 0x18;   //设置定时初值
  19   1        TH1 = 0xFC;   //设置定时初值
  20   1        TF1 = 0;    //清除TF1标志
  21   1        TR1 = 1;    //定时器1开始计时
  22   1        ET1 = 1;
  23   1      }
  24          
  25          void close_buzz()
  26          {
  27   1          P0=0x00;
  28   1          P2=(P2&0x1f)|0xa0;
  29   1          P2&=0x1f;
  30   1      }
  31          
  32          void close_led()
  33          {
  34   1          P0=0xff;
  35   1          P2=(P2&0x1f)|0x80;
  36   1          P2&=0x1f;
  37   1      }


MODULE INFORMATION:   STATIC OVERLAYABLE
   CODE SIZE        =     68    ----
   CONSTANT SIZE    =   ----    ----
   XDATA SIZE       =   ----    ----
   PDATA SIZE       =   ----    ----
   DATA SIZE        =   ----    ----
   IDATA SIZE       =   ----    ----
   BIT SIZE         =   ----    ----
END OF MODULE INFORMATION.


C51 COMPILATION COMPLETE.  0 WARNING(S),  0 ERROR(S)
