C51 COMPILER V9.60.0.0   KEY                                                               06/05/2023 19:34:44 PAGE 1   


C51 COMPILER V9.60.0.0, COMPILATION OF MODULE KEY
OBJECT MODULE PLACED IN .\Objects\key.obj
COMPILER INVOKED BY: D:\study\danpianjixilie\keil\C51\BIN\C51.EXE key.c OPTIMIZE(8,SPEED) BROWSE DEBUG OBJECTEXTEND PRIN
                    -T(.\Listings\key.lst) TABS(2) OBJECT(.\Objects\key.obj)

line level    source

   1          #include "key.h"
   2          #include "iic.h"
   3          
   4          extern unsigned char show_mod,show_sequence;
   5          extern float voltage,temperature;
   6          extern unsigned int frequency;
   7          extern float voltage_standard;
   8          
   9          unsigned char key_value,old_key_value;
  10          
  11          
  12          unsigned char read_keyboard()
  13          {
  14   1          unsigned char key;
  15   1          unsigned int dai;
  16   1          
  17   1          P3|=0x0f;
  18   1          P44=0;P42=1;P35=1;P34=1;
  19   1          dai=P3&0x0f;
  20   1          P44=1;P42=0;P35=1;P34=1;
  21   1          dai=(dai<<4)|(P3&0x0f);
  22   1          P44=1;P42=1;P35=0;P34=1;
  23   1          dai=(dai<<4)|(P3&0x0f);
  24   1          P44=1;P42=1;P35=1;P34=0;
  25   1          dai=(dai<<4)|(P3&0x0f);
  26   1        
  27   1          switch(~dai)
  28   1          {
  29   2            case 0x1000:key=1;break;
  30   2            case 0x0100:key=2;break;
  31   2            case 0x0010:key=3;break;
  32   2            case 0x0001:key=4;break;
  33   2            case 0x2000:key=5;break;
  34   2            case 0x0200:key=6;break;
  35   2            case 0x0020:key=7;break;
  36   2            case 0x0002:key=8;break;
  37   2            case 0x4000:key=9;break;
  38   2            case 0x0400:key=10;break;
  39   2            case 0x0040:key=11;break;
  40   2            case 0x0004:key=12;break;
  41   2            case 0x8000:key=13;break;
  42   2            case 0x0800:key=14;break;
  43   2            case 0x0080:key=15;break;
  44   2            case 0x0008:key=16;break;
  45   2            default:key=0;break;
  46   2          }
  47   1          
  48   1          return key;
  49   1      }
  50          void key_proc()
  51          {
  52   1          switch(key_value)
  53   1          {
  54   2            case 13:
C51 COMPILER V9.60.0.0   KEY                                                               06/05/2023 19:34:44 PAGE 2   

  55   2            {
  56   3                if(show_mod==0|show_mod==1)
  57   3                {
  58   4                    show_sequence++;
  59   4                    if(show_sequence==3){show_sequence=0;}
  60   4                }
  61   3            }break;
  62   2            case 14:
  63   2            {
  64   3                if(show_mod==0){show_mod=1;}
  65   3                if(show_mod==2)
  66   3                {
  67   4                   voltage_standard+=0.1;
  68   4                   if(voltage_standard>5){voltage_standard=0.1;}
  69   4                }
  70   3            }break;
  71   2            case 10:
  72   2            {
  73   3                show_mod&=0xfe;
  74   3                show_mod^=0x02;
  75   3            }break;
  76   2            case 9:
  77   2            {
  78   3                eeprom_write(0x00,(char)(voltage*10));Delay5ms();
  79   3                eeprom_write(0x01,(char)(frequency/256));Delay5ms();
  80   3                eeprom_write(0x02,(char)(frequency%256));Delay5ms();
  81   3                eeprom_write(0x03,((int)(temperature*100))/256);Delay5ms();
  82   3                eeprom_write(0x04,((int)(temperature*100))%256);
  83   3            }break;
  84   2          }
  85   1      }
  86          
  87          void key_proc_long()
  88          {
  89   1          switch(key_value)
  90   1          {
  91   2            case 14:
  92   2            {
  93   3                if(show_mod==2)
  94   3                {
  95   4                   voltage_standard+=0.1;
  96   4                   if(voltage_standard>5){voltage_standard=0.1;}
  97   4                }
  98   3            }break;
  99   2          }
 100   1      }


MODULE INFORMATION:   STATIC OVERLAYABLE
   CODE SIZE        =    623    ----
   CONSTANT SIZE    =   ----    ----
   XDATA SIZE       =   ----    ----
   PDATA SIZE       =   ----    ----
   DATA SIZE        =      2       1
   IDATA SIZE       =   ----    ----
   BIT SIZE         =   ----    ----
END OF MODULE INFORMATION.


C51 COMPILATION COMPLETE.  0 WARNING(S),  0 ERROR(S)
