C51 COMPILER V9.60.0.0   EX18                                                              02/25/2023 15:34:54 PAGE 1   


C51 COMPILER V9.60.0.0, COMPILATION OF MODULE EX18
OBJECT MODULE PLACED IN ex18.OBJ
COMPILER INVOKED BY: D:\study\danpianjixilie\keil\C51\BIN\C51.EXE ex18.c OPTIMIZE(8,SPEED) BROWSE DEBUG OBJECTEXTEND TAB
                    -S(2)

line level    source

   1          /*******************************************************************************  
   2          * 文件名称：超声波测距实验
   3          * 实验目的：1.掌握超声波测距原理
   4          *           2.掌握51单片机定时器工作模式和配置方法
   5          * 实验配置：J13跳线配置为MM模式，J5配置为BTN、J2配置为1-3和2-4
   6          * 实验现象：将超声模块对准被测量的物体，可以测量距离
   7          * 硬件说明：IAP15F2K61S2@11.0592MHz
   8          * 程序说明：设计延时函数，需要根据单片机的时钟频率进行调整,本例工作于11.0592MHz
   9          * 日期版本：2019-6-24/V2.0 
  10          *******************************************************************************/
  11          
  12          #include "reg52.h"  //定义51单片机特殊功能寄存器
  13          #include "intrins.h"
  14          #include "absacc.h"
  15          
  16          #define somenop {_nop_();_nop_();_nop_();_nop_();_nop_();_nop_();_nop_();_nop_();_nop_(); _nop_();_nop_();
             -_nop_();_nop_();_nop_();_nop_();}
  17          
  18          sbit TX = P1^0;  //发射引脚
  19          sbit RX = P1^1;  //接收引脚
  20          
  21          code unsigned char tab[] = { 0xc0,0xf9,0xa4,0xb0,0x99,0x92,0x82,0xf8,0x80,0x90,0xff};
  22          unsigned char dspbuf[8] = {10,10,10,10,10,10,10,10};  //显示缓冲区
  23          
  24          bit s_flag;//更新标志位
  25          
  26          
  27          void send_wave(void);
  28          void display(void);
  29          
  30          
  31          
  32          void main(void)
  33          {
  34   1          unsigned int distance;
  35   1          unsigned int time = 0;
  36   1          TMOD |= 0x11;  //配置定时器工作模式
  37   1          TH0 = (65536-2000)/256;
  38   1          TL0 = (65536-2000)%256;  
  39   1          TH1 = 0;
  40   1          TL1 = 0;  
  41   1        
  42   1          EA = 1;
  43   1          ET0 = 1;  //打开定时器0中断
  44   1          TR0 = 1;  //启动定时器   
  45   1         
  46   1          
  47   1          while(1)
  48   1          {
  49   2              /** 200毫秒更新一次数据 */
  50   2              if(s_flag)
  51   2              {
  52   3                  s_flag = 0;
  53   3                  /** 关闭定时器0中断:计算超声波发送到返回的时间 */
C51 COMPILER V9.60.0.0   EX18                                                              02/25/2023 15:34:54 PAGE 2   

  54   3      //      ET0 = 0;
  55   3                  send_wave();  //发送方波信号
  56   3                  TR1 = 1;  //启动计时
  57   3            while((RX == 1) && (TF1 == 0));  //等待收到脉冲，没有计满溢出
  58   3            TR1 = 0;  //关闭计时
  59   3      
  60   3            //发生溢出
  61   3            if(TF1 == 1)
  62   3            {
  63   4              TF1 = 0;
  64   4              distance = 888;  //无返回
  65   4            }
  66   3            else
  67   3            {
  68   4              /**  计算时间  */
  69   4              time = TH1;
  70   4              time <<= 8;
  71   4              time |= TL1;
  72   4              distance = (unsigned int)(time*0.017);  //计算距离        
  73   4            }
  74   3            TH1 = 0;
  75   3            TL1 = 0;
  76   3              }
  77   2          /** 数据处理                      */
  78   2                           
  79   2          dspbuf[5] = distance/100;
  80   2          dspbuf[6] = distance%100/10;
  81   2          dspbuf[7] = distance%10;        
  82   2          }
  83   1      }
  84          
  85          //定时器0中断服务函数
  86          void isr_timer_0(void)  interrupt 1  //默认中断优先级 1
  87          {
  88   1          static unsigned int intr = 0;
  89   1          TH0 = (65536-2000)/256;
  90   1          TL0 = (65536-2000)%256;  //定时器重载 
  91   1           
  92   1        display();  //2ms执行一次
  93   1      
  94   1        if(++intr == 20)
  95   1        {
  96   2              s_flag = 1;
  97   2              intr = 0;
  98   2          }
  99   1      }
 100          
 101          //显示函数  
 102          void display(void)
 103          {
 104   1        static unsigned char dspcom = 0;
 105   1        XBYTE[0xE000] = 0xff;  //去除鬼影
 106   1      
 107   1        XBYTE[0xC000] = (1<<dspcom);
 108   1        XBYTE[0xE000] = tab[dspbuf[dspcom]]; 
 109   1        
 110   1        XBYTE[0xa000] = 0x00;
 111   1         
 112   1        if(++dspcom == 8){
 113   2          dspcom = 0;
 114   2        } 
 115   1      }
C51 COMPILER V9.60.0.0   EX18                                                              02/25/2023 15:34:54 PAGE 3   

 116          
 117          //TX引脚发送40KHz方波信号驱动超声波发送探头
 118          //使用软件延时注意RC振荡器频率
 119          void send_wave(void)
 120          {
 121   1        unsigned char i = 8;  //发送8个脉冲
 122   1        
 123   1        do
 124   1        {
 125   2          TX = 1;
 126   2          somenop;somenop;somenop;somenop;somenop;somenop;somenop;somenop;
 127   2          somenop;somenop;somenop;somenop;somenop;somenop;somenop;somenop;
 128   2          TX = 0;
 129   2          somenop;somenop;somenop;somenop;somenop;somenop;somenop;somenop;
 130   2          somenop;somenop;somenop;somenop;somenop;somenop;somenop;somenop;
 131   2        }
 132   1        while(i--);
 133   1      }


MODULE INFORMATION:   STATIC OVERLAYABLE
   CODE SIZE        =    794    ----
   CONSTANT SIZE    =     11    ----
   XDATA SIZE       =   ----    ----
   PDATA SIZE       =   ----    ----
   DATA SIZE        =     11       4
   IDATA SIZE       =   ----    ----
   BIT SIZE         =      1    ----
END OF MODULE INFORMATION.


C51 COMPILATION COMPLETE.  0 WARNING(S),  0 ERROR(S)
