C51 COMPILER V9.60.0.0   IOSMG                                                             02/20/2023 19:38:23 PAGE 1   


C51 COMPILER V9.60.0.0, COMPILATION OF MODULE IOSMG
OBJECT MODULE PLACED IN .\Objects\IOSMG.obj
COMPILER INVOKED BY: D:\study\danpianjixilie\keil\C51\BIN\C51.EXE IOSMG.c OPTIMIZE(8,SPEED) BROWSE DEBUG OBJECTEXTEND PR
                    -INT(.\Listings\IOSMG.lst) TABS(2) OBJECT(.\Objects\IOSMG.obj)

line level    source

   1          /*******************************************************************************  
   2          * 文件名称：DS18B20温度传感器实验
   3          * 实验目的：1.掌握单总线通讯基本特点和工作时序
   4          *           2.掌握51单片机模拟单总线时序的程序设计方法
   5          *           3.掌握DS18B20温度传感器的操作方法
   6          * 实验配置：J3跳线配置为IO方式，J5配置为BTN、J2配置为1-3和2-4
   7          * 程序现象：用手触摸温度传感器，数码管显示有变化
   8          * 硬件说明：IAP15F2K61S2@11.0592MHz
   9          * 注意事项：测量精度为1摄氏度
  10          * 日期版本：2019-6-24/V2.0
  11          *******************************************************************************/
  12          
  13          #include "reg52.h"  //定义51单片机特殊功能寄存器
  14          #include "absacc.h"
  15          #include "i2c.h"
  16          
  17          sfr AUXR = 0x8E;
  18          unsigned char adc_value;
  19          unsigned int duty=0;
  20          char up=0;
  21          char k=0;
  22          code unsigned char tab[] = {0xc0,0xf9,0xa4,0xb0,0x99,0x92,0x82,0xf8,0x80,0x90,0xff};
  23          unsigned char dspbuf[8] = {10,10,10,10,10,10,10,10};//显示缓冲区
  24          
  25          //函数声明
  26          /**********************************/
  27          void display(void);
  28          void cls_buzz();
  29          void cls_led();
  30          void type1(char i);
  31          /**********************************/
  32          
  33          //主函数
  34          void main(void)
  35          { 
  36   1          cls_buzz();
  37   1          cls_led();   
  38   1          AUXR |= 0xC0;
  39   1          TMOD &= 0xFF;
  40   1          TL0 = 0xCD; //1ms,1Tmoshi
  41   1          TH0 = 0xD4; 
  42   1          TF0 = 0;  
  43   1          TR0 = 1;
  44   1          ET0 = 1;
  45   1          TL1=0XF5;
  46   1          TH1=0XFF;
  47   1          TF1 = 0;  
  48   1          TR1 = 1;
  49   1          ET1 = 1;
  50   1          EA = 1;
  51   1          init_pcf8591();  //PCF8591初始化   
  52   1          while(1)
  53   1          {
  54   2            //显示数据更新 
C51 COMPILER V9.60.0.0   IOSMG                                                             02/20/2023 19:38:23 PAGE 2   

  55   2            //dspbuf[0]=up;
  56   2            dspbuf[0]=k;
  57   2            dspbuf[5]=adc_value/100;
  58   2            dspbuf[6]=adc_value%100/10;      
  59   2            dspbuf[7]=adc_value%100%10; 
  60   2          }
  61   1      }
  62          
  63          //定时器中断服务函数
  64          void isr_timer_0(void)  interrupt 1  //默认中断优先级 1
  65          {
  66   1          static unsigned char eihei;
  67   1          static unsigned int time;
  68   1          if(++eihei==2)
  69   1          {
  70   2              eihei=0;
  71   2              if(up==0)
  72   2              {duty++;}
  73   2              else
  74   2              {duty--;}
  75   2              if(duty==500)
  76   2              {up=1;}
  77   2              else if(duty==0)
  78   2              {up=0;}
  79   2          }
  80   1          if(++intr == 50)  //1ms执行一次
*** ERROR C202 IN LINE 80 OF IOSMG.c: 'intr': undefined identifier
  81   1          {
  82   2              intr = 0;
*** ERROR C202 IN LINE 82 OF IOSMG.c: 'intr': undefined identifier
  83   2              adc_value = adc_pcf8591();
  84   2          }
  85   1          if(++time==1000)
  86   1          {
  87   2            time=0;
  88   2            k=k+1;
  89   2            if(k==8)
  90   2            {k=0;}
  91   2          }
  92   1          display();
  93   1      }
  94          
  95          void isr_timer_1(void)  interrupt 3  //默认中断优先级 1
  96          {
  97   1          static unsigned int intr;
  98   1          intr++;
  99   1          if(intr <= duty)  //200us高电平
 100   1          {
 101   2              P2 = ((P2&0x1f)|0x80);
 102   2              type1(k);
 103   2              P2 &= 0x1f;
 104   2          }
 105   1          if(intr>duty&&intr<1000)
 106   1          {
 107   2              P2 = ((P2&0x1f)|0x80);
 108   2              P0 = 0xff;  //LED关
 109   2              P2 &= 0x1f;
 110   2          }
 111   1          if(intr==1000)
 112   1          {
 113   2             intr=0;
 114   2          }
C51 COMPILER V9.60.0.0   IOSMG                                                             02/20/2023 19:38:23 PAGE 3   

 115   1      }
 116          
 117          void cls_buzz()
 118          {
 119   1        P2 = ((P2&0x1f)|0xA0); 
 120   1        P0 = 0x00;
 121   1        P2 &= 0x1f;
 122   1      }
 123          void cls_led()
 124          {
 125   1        P2 = ((P2&0x1f)|0x80); 
 126   1        P0 = 0xFF;
 127   1        P2 &= 0x1f;
 128   1      }
 129          
 130          //显示函数
 131          void display(void)
 132          {   
 133   1        static unsigned char dspcom = 0;
 134   1        P2 = ((P2&0x1f)|0xE0);   //段选573
 135   1        P0 = 0xff;               //消隐段码
 136   1        P2 &= 0x1f; 
 137   1      
 138   1        P0 = 1<<dspcom;          //循环位选
 139   1        P2 = ((P2&0x1f)|0xC0);   //位选573
 140   1        P2 &= 0x1f;
 141   1        
 142   1        P0 = tab[dspbuf[dspcom]];//显示段码
 143   1        P2 = ((P2&0x1f)|0xE0);   //段选573
 144   1        P2 &= 0x1f;               
 145   1        
 146   1          if(++dspcom == 8){
 147   2              dspcom = 0;
 148   2          }    
 149   1      }
 150          
 151          void type1(char i)
 152          {
 153   1        switch(i)
 154   1        {
 155   2          case 0:P0=0xfe;break;
 156   2          case 1:P0=0xfd;break;
 157   2          case 2:P0=0xfb;break;
 158   2          case 3:P0=0xf7;break;
 159   2          case 4:P0=0xef;break;
 160   2          case 5:P0=0xdf;break;
 161   2          case 6:P0=0xbf;break;
 162   2          case 7:P0=0x7f;break;
 163   2        } 
 164   1      }

C51 COMPILATION COMPLETE.  0 WARNING(S),  2 ERROR(S)
