C51 COMPILER V9.60.0.0   LED                                                               01/09/2023 15:35:46 PAGE 1   


C51 COMPILER V9.60.0.0, COMPILATION OF MODULE LED
OBJECT MODULE PLACED IN .\Objects\led.obj
COMPILER INVOKED BY: D:\study\danpianjixilie\keil\C51\BIN\C51.EXE led.c OPTIMIZE(8,SPEED) BROWSE DEBUG OBJECTEXTEND PRIN
                    -T(.\Listings\led.lst) TABS(2) OBJECT(.\Objects\led.obj)

line level    source

   1          /*******************************************************************************  
   2          * 文件名称：DS18B20温度传感器实验
   3          * 实验目的：1.掌握单总线通讯基本特点和工作时序
   4          *           2.掌握51单片机模拟单总线时序的程序设计方法
   5          *           3.掌握DS18B20温度传感器的操作方法
   6          * 实验配置：J3跳线配置为IO方式，J5配置为BTN、J2配置为1-3和2-4
   7          * 程序现象：用手触摸温度传感器，数码管显示有变化
   8          * 硬件说明：IAP15F2K61S2@11.0592MHz
   9          * 注意事项：测量精度为1摄氏度
  10          * 日期版本：2019-6-24/V2.0
  11          *******************************************************************************/
  12          
  13          #include "reg52.h"  //定义51单片机特殊功能寄存器
  14          #include "absacc.h"
  15          
  16          //sbit S1  = P0^0;
  17          //sbit S2  = P0^1;
  18          //sbit S3  = P0^2;
  19          //sbit S4  = P0^3;
  20           
  21          //函数声明
  22          /**********************************/
  23          void cls_buzz();
  24          void cls_led();
  25          void button(unsigned char a);
  26          void key_proc(unsigned char key);
  27          unsigned char read_key(void);
  28          void delay();
  29          /**********************************/
  30          
  31          //主函数
  32          void main(void)
  33          { 
  34   1          unsigned char temp=0;
  35   1          cls_buzz();
  36   1          cls_led();   
  37   1          while(1)
  38   1          {
  39   2            //显示数据更新 
  40   2            button(temp); 
  41   2          }
  42   1      }
  43          void cls_buzz()
  44          {
  45   1        P2 = ((P2&0x1f)|0xA0); 
  46   1        P0 = 0x00;
  47   1        P2 &= 0x1f;
  48   1      }
  49          void cls_led()
  50          {
  51   1        P2 = ((P2&0x1f)|0x80); 
  52   1        P0 = 0xFF;
  53   1        P2 &= 0x1f;
  54   1      }
C51 COMPILER V9.60.0.0   LED                                                               01/09/2023 15:35:46 PAGE 2   

  55          void delay(void)
  56          {
  57   1        unsigned char i, j;
  58   1      
  59   1        i = 108;
  60   1        j = 145;
  61   1        do
  62   1        {
  63   2          while (--j);
  64   2        } while (--i);
  65   1      }
  66          //按键扫描函数
  67          unsigned char read_key(void)
  68          {
  69   1          unsigned char temp;
  70   1          unsigned char key_value = 0xff;
  71   1          
  72   1          temp = P3&0x0f;
  73   1          switch(temp)
  74   1          {
  75   2              case 0x0e:
  76   2                  key_value = 1;  //S7
  77   2                  break;    
  78   2              case 0x0d:
  79   2                  key_value = 2;  //S6
  80   2                  break;    
  81   2              case 0x0b:
  82   2                  key_value = 3;  //S5
  83   2                  break;    
  84   2              case 0x07:
  85   2                  key_value = 4;  //S4
  86   2                  break;    
  87   2          }
  88   1          return key_value;
  89   1      }
  90          //按键消抖函数
  91          void button(unsigned char a)
  92          {
  93   1          a = read_key();
  94   1          if(a != 0xff)
  95   1          {
  96   2              delay();  //按键消抖
  97   2              a = read_key();
  98   2              if(a != 0xff)
  99   2              {
 100   3                  //进入按键处理函数
 101   3                  key_proc(a);
 102   3                  while(P3 != 0xff);  //等待按键释放                        
 103   3              }
 104   2          }
 105   1      }
 106          
 107          //按键处理函数
 108          void key_proc(unsigned char key)
 109          {
 110   1          static unsigned char time=1;
 111   1          switch(key)
 112   1          {
 113   2            case 1:
 114   2              P2 = (P2&0x1f|0x80);
 115   2              switch(time)
 116   2              {
C51 COMPILER V9.60.0.0   LED                                                               01/09/2023 15:35:46 PAGE 3   

 117   3                case 1:P0=0XFE;break;
 118   3                case 2:P0=0XFD;break;
 119   3                case 3:P0=0XFB;break;
 120   3                case 4:P0=0XF7;break;
 121   3              }
 122   2              time++;
 123   2              if(time==5)
 124   2              {time=1;}
 125   2              P2 &= 0x1f;
 126   2              break;
 127   2            case 2:
 128   2              P2 = (P2&0x1f|0x80);
 129   2              P2 &= 0x1f;
 130   2              break;
 131   2            case 3:
 132   2              P2 = (P2&0x1f|0x80);
 133   2              P2 &= 0x1f;
 134   2              break;
 135   2            case 4:
 136   2              P2 = (P2&0x1f|0x80);
 137   2              P2 &= 0x1f;
 138   2              break;
 139   2          }    
 140   1      }
 141          


MODULE INFORMATION:   STATIC OVERLAYABLE
   CODE SIZE        =    197    ----
   CONSTANT SIZE    =   ----    ----
   XDATA SIZE       =   ----    ----
   PDATA SIZE       =   ----    ----
   DATA SIZE        =      1       1
   IDATA SIZE       =   ----    ----
   BIT SIZE         =   ----    ----
END OF MODULE INFORMATION.


C51 COMPILATION COMPLETE.  0 WARNING(S),  0 ERROR(S)
