C51 COMPILER V9.60.0.0   XIEYIXIE                                                          03/23/2023 18:11:54 PAGE 1   


C51 COMPILER V9.60.0.0, COMPILATION OF MODULE XIEYIXIE
OBJECT MODULE PLACED IN .\Objects\xieyixie.obj
COMPILER INVOKED BY: D:\study\danpianjixilie\keil\C51\BIN\C51.EXE xieyixie.c OPTIMIZE(8,SPEED) BROWSE DEBUG OBJECTEXTEND
                    - PRINT(.\Listings\xieyixie.lst) TABS(2) OBJECT(.\Objects\xieyixie.obj)

line level    source

   1          #include "STC15F2K60S2.H"
   2          
   3          #define uchar unsigned char 
   4          #define uint unsigned int
   5          
   6          code uchar duanma[]={0xC0,0xF9,0xA4,0xB0,0x99,0x92,0x82,0xF8,0x80,0x90,0xff};
   7          uchar buffer[8]={10,10,10,10,10,10,10,10};
   8          uchar mod1[]={0xfe,0xfd,0xfb,0xf7,0xef,0xdf,0xbf,0x7f};
   9          uchar mod2[]={0x7f,0xbf,0xdf,0xef,0xf7,0xfb,0xfd,0xfe};
  10          uchar mod3[]={0x7e,0xbd,0xdb,0xe7};
  11          uchar mod4[]={0xe7,0xdb,0xbd,0x7e};
  12          
  13          uchar weixuan=0;
  14          uchar key_value=0;
  15          uint jiange=200;
  16          uchar mod_choose=1;
  17          uchar order1=0;
  18          uchar order2=0;
  19          uchar do_state=1;
  20          uint true_duty=50;
  21          
  22          
  23          
  24          void display();
  25          uchar key_scan();
  26          void mode1();
  27          void mode2();
  28          void mode3();
  29          void mode4();
  30          
  31          void close_buzz()
  32          {
  33   1          P0=0x00;
  34   1          P2=(P2&0X1F)|0XA0;
  35   1          P2&=0x1f;
  36   1      }
  37          
  38          void close_led()
  39          {
  40   1          P0=0xff;
  41   1          P2=(P2&0X1F)|0X80;
  42   1          P2&=0x1f;
  43   1      }
  44          
  45          void Timer0Init(void)   //1微秒@12.000MHz
  46          {
  47   1        AUXR |= 0x80;   //定时器时钟1T模式
  48   1        TMOD &= 0xF0;   //设置定时器模式
  49   1        TL0 = 0xF4;   //设置定时初值
  50   1        TH0 = 0xFF;   //设置定时初值
  51   1        TF0 = 0;    //清除TF0标志
  52   1        TR0 = 1;    //定时器0开始计时
  53   1        ET0 = 1;
  54   1      }
C51 COMPILER V9.60.0.0   XIEYIXIE                                                          03/23/2023 18:11:54 PAGE 2   

  55          
  56          
  57          void Timer1Init(void)   //1000微秒@12.000MHz
  58          {
  59   1        AUXR &= 0xBF;   //定时器时钟12T模式
  60   1        TMOD &= 0x0F;   //设置定时器模式
  61   1        TL1 = 0x18;   //设置定时初值
  62   1        TH1 = 0xFC;   //设置定时初值
  63   1        TF1 = 0;    //清除TF1标志
  64   1        TR1 = 1;    //定时器1开始计时
  65   1        ET1=1;
  66   1      }
  67          
  68          
  69          
  70          void main()
  71          {
  72   1          close_buzz();
  73   1          close_led();
  74   1          Timer0Init();
  75   1          Timer1Init();
  76   1          EA=1;
  77   1          while(1)
  78   1          {
  79   2      //        buffer[0]=duty/1000;
  80   2      //        buffer[1]=duty%1000/100;
  81   2      //        buffer[2]=duty%100/10;
  82   2      //        buffer[3]=duty%10;
  83   2              buffer[6]=key_value/10;
  84   2              buffer[7]=key_value%10;
  85   2          }
  86   1      }
  87          
  88          void timer0_proc() interrupt 1
  89          {
  90   1          static uint duty=0;
  91   1          duty++;
  92   1          if(duty>0&duty<true_duty)
  93   1          {
  94   2              P2=(P2&0X1F)|0X80;
  95   2              switch(mod_choose)
  96   2              {
  97   3                case 1:mode1();break;
  98   3                case 2:mode2();break;
  99   3                case 3:mode3();break;
 100   3                case 4:mode4();break;
 101   3              }
 102   2              P2&=0x1f;
 103   2          }
 104   1          if(duty>=true_duty&duty<1000)
 105   1          {
 106   2              P2=(P2&0X1F)|0X80;
 107   2              P0=0xff;
 108   2              P2&=0x1f;
 109   2          }
 110   1          if(duty==1000){duty=0;}
 111   1      
 112   1      }
 113          
 114          void timer1_proc() interrupt 3
 115          {
 116   1          
C51 COMPILER V9.60.0.0   XIEYIXIE                                                          03/23/2023 18:11:54 PAGE 3   

 117   1          static uchar a=0;
 118   1          static uint jiangejishi=0;
 119   1          display();
 120   1          
 121   1          if(++a==10)
 122   1          {
 123   2              a=0;
 124   2              key_value=key_scan();
 125   2          }
 126   1          if(++jiangejishi==jiange)
 127   1          {
 128   2              jiangejishi=0;
 129   2              if(mod_choose==1||mod_choose==2)
 130   2              {
 131   3                  order1++;
 132   3                  if(order1==8){order1=0;mod_choose++;}
 133   3              }
 134   2              if(mod_choose==3||mod_choose==4)  
 135   2              {
 136   3                  order1++;
 137   3                  if(order1==4)
 138   3                  {
 139   4                      order1=0;mod_choose++;
 140   4                      if(mod_choose==5){mod_choose=1;}
 141   4                  }
 142   3              }
 143   2          }
 144   1          
 145   1          
 146   1          
 147   1      }
 148          
 149          uchar key_scan()
 150          {
 151   1          uchar key;
 152   1          uint ma;
 153   1          
 154   1          P3|=0x0f;
 155   1          P44=0;P42=1;P35=1;P34=1;
 156   1          ma=P3&0x0f;
 157   1          P44=1;P42=0;P35=1;P34=1;
 158   1          ma=(ma<<4)|(P3&0x0f);
 159   1          P44=1;P42=1;P35=0;P34=1;
 160   1          ma=(ma<<4)|(P3&0x0f);
 161   1          P44=1;P42=1;P35=1;P34=0;
 162   1          ma=(ma<<4)|(P3&0x0f);
 163   1        
 164   1          switch(~ma)
 165   1          {
 166   2            case 0x1000:key=1;break;
 167   2            case 0x0100:key=2;break;
 168   2            case 0x0010:key=3;break;
 169   2            case 0x0001:key=4;break;
 170   2            case 0x2000:key=5;break;
 171   2            case 0x0200:key=6;break;
 172   2            case 0x0020:key=7;break;
 173   2            case 0x0002:key=8;break;
 174   2            case 0x4000:key=9;break;
 175   2            case 0x0400:key=10;break;
 176   2            case 0x0040:key=11;break;
 177   2            case 0x0004:key=12;break;
 178   2            case 0x8000:key=13;break;
C51 COMPILER V9.60.0.0   XIEYIXIE                                                          03/23/2023 18:11:54 PAGE 4   

 179   2            case 0x0800:key=14;break;
 180   2            case 0x0080:key=15;break;
 181   2            case 0x0008:key=16;break;
 182   2            default:key=0;break;
 183   2          }
 184   1          
 185   1          return key;
 186   1      }
 187          
 188          void display()
 189          {
 190   1          P0=0xff;
 191   1          P2=(P2&0X1F)|0Xe0;
 192   1          P2&=0x1f;
 193   1        
 194   1          P0=1<<weixuan;
 195   1          P2=(P2&0X1F)|0Xc0;
 196   1          P2&=0x1f;
 197   1        
 198   1          P0=duanma[buffer[weixuan]];
 199   1          P2=(P2&0X1F)|0Xe0;
 200   1          P2&=0x1f;
 201   1        
 202   1          if(++weixuan==8){weixuan=0;}
 203   1      }
 204          
 205          void mode1()
 206          {
 207   1          P0=mod1[order1];
 208   1          
 209   1          
 210   1      }
 211          
 212          void mode2()
 213          {
 214   1          P0=mod2[order1];
 215   1          
 216   1          
 217   1      }
 218            
 219          void mode3()
 220          {
 221   1          P0=mod3[order1];
 222   1          
 223   1          
 224   1      }
 225          
 226          void mode4()
 227          {
 228   1          P0=mod4[order1];
 229   1          
 230   1      
 231   1          
 232   1      
 233   1      }


MODULE INFORMATION:   STATIC OVERLAYABLE
   CODE SIZE        =    843    ----
   CONSTANT SIZE    =     11    ----
   XDATA SIZE       =   ----    ----
   PDATA SIZE       =   ----    ----
C51 COMPILER V9.60.0.0   XIEYIXIE                                                          03/23/2023 18:11:54 PAGE 5   

   DATA SIZE        =     47       1
   IDATA SIZE       =   ----    ----
   BIT SIZE         =   ----    ----
END OF MODULE INFORMATION.


C51 COMPILATION COMPLETE.  0 WARNING(S),  0 ERROR(S)
